ERROR - 2022-04-12 03:45:22 --> Unknown column 'item_name' in 'field list'
CRITICAL - 2022-04-12 03:45:22 --> Unknown column 'item_name' in 'field list'
#0 C:\wamp64\www\hospital-information-system\system\Database\MySQLi\Connection.php(292): mysqli->query('SELECT `appoint...', 0)
#1 C:\wamp64\www\hospital-information-system\system\Database\BaseConnection.php(670): CodeIgniter\Database\MySQLi\Connection->execute('SELECT `appoint...')
#2 C:\wamp64\www\hospital-information-system\system\Database\BaseConnection.php(598): CodeIgniter\Database\BaseConnection->simpleQuery('SELECT `appoint...')
#3 C:\wamp64\www\hospital-information-system\system\Database\BaseBuilder.php(1443): CodeIgniter\Database\BaseConnection->query('SELECT `appoint...', Array, false)
#4 C:\wamp64\www\hospital-information-system\system\Model.php(145): CodeIgniter\Database\BaseBuilder->get()
#5 C:\wamp64\www\hospital-information-system\system\BaseModel.php(523): CodeIgniter\Model->doFind(false, NULL)
#6 C:\wamp64\www\hospital-information-system\app\Controllers\Billing.php(144): CodeIgniter\BaseModel->find()
#7 C:\wamp64\www\hospital-information-system\app\Controllers\Billing.php(104): App\Controllers\Billing->getBillingOr404('2')
#8 C:\wamp64\www\hospital-information-system\system\CodeIgniter.php(824): App\Controllers\Billing->view('2')
#9 C:\wamp64\www\hospital-information-system\system\CodeIgniter.php(410): CodeIgniter\CodeIgniter->runController(Object(App\Controllers\Billing))
#10 C:\wamp64\www\hospital-information-system\system\CodeIgniter.php(318): CodeIgniter\CodeIgniter->handleRequest(NULL, Object(Config\Cache), false)
#11 C:\wamp64\www\hospital-information-system\public\index.php(37): CodeIgniter\CodeIgniter->run()
#12 C:\wamp64\www\hospital-information-system\system\Commands\Server\rewrite.php(43): require_once('C:\\wamp64\\www\\h...')
#13 {main}
ERROR - 2022-04-12 03:46:33 --> Unknown column 'name' in 'field list'
CRITICAL - 2022-04-12 03:46:33 --> Unknown column 'name' in 'field list'
#0 C:\wamp64\www\hospital-information-system\system\Database\MySQLi\Connection.php(292): mysqli->query('SELECT `appoint...', 0)
#1 C:\wamp64\www\hospital-information-system\system\Database\BaseConnection.php(670): CodeIgniter\Database\MySQLi\Connection->execute('SELECT `appoint...')
#2 C:\wamp64\www\hospital-information-system\system\Database\BaseConnection.php(598): CodeIgniter\Database\BaseConnection->simpleQuery('SELECT `appoint...')
#3 C:\wamp64\www\hospital-information-system\system\Database\BaseBuilder.php(1443): CodeIgniter\Database\BaseConnection->query('SELECT `appoint...', Array, false)
#4 C:\wamp64\www\hospital-information-system\system\Model.php(145): CodeIgniter\Database\BaseBuilder->get()
#5 C:\wamp64\www\hospital-information-system\system\BaseModel.php(523): CodeIgniter\Model->doFind(false, NULL)
#6 C:\wamp64\www\hospital-information-system\app\Controllers\Billing.php(144): CodeIgniter\BaseModel->find()
#7 C:\wamp64\www\hospital-information-system\app\Controllers\Billing.php(104): App\Controllers\Billing->getBillingOr404('2')
#8 C:\wamp64\www\hospital-information-system\system\CodeIgniter.php(824): App\Controllers\Billing->view('2')
#9 C:\wamp64\www\hospital-information-system\system\CodeIgniter.php(410): CodeIgniter\CodeIgniter->runController(Object(App\Controllers\Billing))
#10 C:\wamp64\www\hospital-information-system\system\CodeIgniter.php(318): CodeIgniter\CodeIgniter->handleRequest(NULL, Object(Config\Cache), false)
#11 C:\wamp64\www\hospital-information-system\public\index.php(37): CodeIgniter\CodeIgniter->run()
#12 C:\wamp64\www\hospital-information-system\system\Commands\Server\rewrite.php(43): require_once('C:\\wamp64\\www\\h...')
#13 {main}
ERROR - 2022-04-12 03:47:44 --> Unknown column 'billing_id' in 'where clause'
CRITICAL - 2022-04-12 03:47:44 --> Unknown column 'billing_id' in 'where clause'
#0 C:\wamp64\www\hospital-information-system\system\Database\MySQLi\Connection.php(292): mysqli->query('SELECT `appoint...', 0)
#1 C:\wamp64\www\hospital-information-system\system\Database\BaseConnection.php(670): CodeIgniter\Database\MySQLi\Connection->execute('SELECT `appoint...')
#2 C:\wamp64\www\hospital-information-system\system\Database\BaseConnection.php(598): CodeIgniter\Database\BaseConnection->simpleQuery('SELECT `appoint...')
#3 C:\wamp64\www\hospital-information-system\system\Database\BaseBuilder.php(1443): CodeIgniter\Database\BaseConnection->query('SELECT `appoint...', Array, false)
#4 C:\wamp64\www\hospital-information-system\system\Model.php(145): CodeIgniter\Database\BaseBuilder->get()
#5 C:\wamp64\www\hospital-information-system\system\BaseModel.php(523): CodeIgniter\Model->doFind(false, NULL)
#6 C:\wamp64\www\hospital-information-system\app\Controllers\Billing.php(144): CodeIgniter\BaseModel->find()
#7 C:\wamp64\www\hospital-information-system\app\Controllers\Billing.php(104): App\Controllers\Billing->getBillingOr404('2')
#8 C:\wamp64\www\hospital-information-system\system\CodeIgniter.php(824): App\Controllers\Billing->view('2')
#9 C:\wamp64\www\hospital-information-system\system\CodeIgniter.php(410): CodeIgniter\CodeIgniter->runController(Object(App\Controllers\Billing))
#10 C:\wamp64\www\hospital-information-system\system\CodeIgniter.php(318): CodeIgniter\CodeIgniter->handleRequest(NULL, Object(Config\Cache), false)
#11 C:\wamp64\www\hospital-information-system\public\index.php(37): CodeIgniter\CodeIgniter->run()
#12 C:\wamp64\www\hospital-information-system\system\Commands\Server\rewrite.php(43): require_once('C:\\wamp64\\www\\h...')
#13 {main}
ERROR - 2022-04-12 03:47:45 --> Unknown column 'billing_id' in 'where clause'
CRITICAL - 2022-04-12 03:47:45 --> Unknown column 'billing_id' in 'where clause'
#0 C:\wamp64\www\hospital-information-system\system\Database\MySQLi\Connection.php(292): mysqli->query('SELECT `appoint...', 0)
#1 C:\wamp64\www\hospital-information-system\system\Database\BaseConnection.php(670): CodeIgniter\Database\MySQLi\Connection->execute('SELECT `appoint...')
#2 C:\wamp64\www\hospital-information-system\system\Database\BaseConnection.php(598): CodeIgniter\Database\BaseConnection->simpleQuery('SELECT `appoint...')
#3 C:\wamp64\www\hospital-information-system\system\Database\BaseBuilder.php(1443): CodeIgniter\Database\BaseConnection->query('SELECT `appoint...', Array, false)
#4 C:\wamp64\www\hospital-information-system\system\Model.php(145): CodeIgniter\Database\BaseBuilder->get()
#5 C:\wamp64\www\hospital-information-system\system\BaseModel.php(523): CodeIgniter\Model->doFind(false, NULL)
#6 C:\wamp64\www\hospital-information-system\app\Controllers\Billing.php(144): CodeIgniter\BaseModel->find()
#7 C:\wamp64\www\hospital-information-system\app\Controllers\Billing.php(104): App\Controllers\Billing->getBillingOr404('2')
#8 C:\wamp64\www\hospital-information-system\system\CodeIgniter.php(824): App\Controllers\Billing->view('2')
#9 C:\wamp64\www\hospital-information-system\system\CodeIgniter.php(410): CodeIgniter\CodeIgniter->runController(Object(App\Controllers\Billing))
#10 C:\wamp64\www\hospital-information-system\system\CodeIgniter.php(318): CodeIgniter\CodeIgniter->handleRequest(NULL, Object(Config\Cache), false)
#11 C:\wamp64\www\hospital-information-system\public\index.php(37): CodeIgniter\CodeIgniter->run()
#12 C:\wamp64\www\hospital-information-system\system\Commands\Server\rewrite.php(43): require_once('C:\\wamp64\\www\\h...')
#13 {main}
ERROR - 2022-04-12 03:47:50 --> Unknown column 'billing_id' in 'where clause'
CRITICAL - 2022-04-12 03:47:50 --> Unknown column 'billing_id' in 'where clause'
#0 C:\wamp64\www\hospital-information-system\system\Database\MySQLi\Connection.php(292): mysqli->query('SELECT `appoint...', 0)
#1 C:\wamp64\www\hospital-information-system\system\Database\BaseConnection.php(670): CodeIgniter\Database\MySQLi\Connection->execute('SELECT `appoint...')
#2 C:\wamp64\www\hospital-information-system\system\Database\BaseConnection.php(598): CodeIgniter\Database\BaseConnection->simpleQuery('SELECT `appoint...')
#3 C:\wamp64\www\hospital-information-system\system\Database\BaseBuilder.php(1443): CodeIgniter\Database\BaseConnection->query('SELECT `appoint...', Array, false)
#4 C:\wamp64\www\hospital-information-system\system\Model.php(145): CodeIgniter\Database\BaseBuilder->get()
#5 C:\wamp64\www\hospital-information-system\system\BaseModel.php(523): CodeIgniter\Model->doFind(false, NULL)
#6 C:\wamp64\www\hospital-information-system\app\Controllers\Billing.php(144): CodeIgniter\BaseModel->find()
#7 C:\wamp64\www\hospital-information-system\app\Controllers\Billing.php(104): App\Controllers\Billing->getBillingOr404('2')
#8 C:\wamp64\www\hospital-information-system\system\CodeIgniter.php(824): App\Controllers\Billing->view('2')
#9 C:\wamp64\www\hospital-information-system\system\CodeIgniter.php(410): CodeIgniter\CodeIgniter->runController(Object(App\Controllers\Billing))
#10 C:\wamp64\www\hospital-information-system\system\CodeIgniter.php(318): CodeIgniter\CodeIgniter->handleRequest(NULL, Object(Config\Cache), false)
#11 C:\wamp64\www\hospital-information-system\public\index.php(37): CodeIgniter\CodeIgniter->run()
#12 C:\wamp64\www\hospital-information-system\system\Commands\Server\rewrite.php(43): require_once('C:\\wamp64\\www\\h...')
#13 {main}
CRITICAL - 2022-04-12 04:08:09 --> Invalid file: pharmacy/inventory/AddSales.php
#0 C:\wamp64\www\hospital-information-system\system\View\View.php(198): CodeIgniter\Exceptions\FrameworkException::forInvalidFile('pharmacy/invent...')
#1 C:\wamp64\www\hospital-information-system\system\Common.php(1097): CodeIgniter\View\View->render('pharmacy/invent...', Array, true)
#2 C:\wamp64\www\hospital-information-system\app\Controllers\Pharmacy\Inventory.php(20): view('pharmacy/invent...', Array)
#3 C:\wamp64\www\hospital-information-system\system\CodeIgniter.php(824): App\Controllers\Pharmacy\Inventory->sale()
#4 C:\wamp64\www\hospital-information-system\system\CodeIgniter.php(410): CodeIgniter\CodeIgniter->runController(Object(App\Controllers\Pharmacy\Inventory))
#5 C:\wamp64\www\hospital-information-system\system\CodeIgniter.php(318): CodeIgniter\CodeIgniter->handleRequest(NULL, Object(Config\Cache), false)
#6 C:\wamp64\www\hospital-information-system\public\index.php(37): CodeIgniter\CodeIgniter->run()
#7 C:\wamp64\www\hospital-information-system\system\Commands\Server\rewrite.php(43): require_once('C:\\wamp64\\www\\h...')
#8 {main}
ERROR - 2022-04-12 04:45:39 --> Column 'status' cannot be null
CRITICAL - 2022-04-12 04:45:39 --> Column 'status' cannot be null
#0 C:\wamp64\www\hospital-information-system\system\Database\MySQLi\Connection.php(292): mysqli->query('INSERT INTO `bi...', 0)
#1 C:\wamp64\www\hospital-information-system\system\Database\BaseConnection.php(670): CodeIgniter\Database\MySQLi\Connection->execute('INSERT INTO `bi...')
#2 C:\wamp64\www\hospital-information-system\system\Database\BaseConnection.php(598): CodeIgniter\Database\BaseConnection->simpleQuery('INSERT INTO `bi...')
#3 C:\wamp64\www\hospital-information-system\system\Database\BaseBuilder.php(1759): CodeIgniter\Database\BaseConnection->query('INSERT INTO `bi...', Array, false)
#4 C:\wamp64\www\hospital-information-system\system\Model.php(239): CodeIgniter\Database\BaseBuilder->insert()
#5 C:\wamp64\www\hospital-information-system\system\BaseModel.php(738): CodeIgniter\Model->doInsert(Array)
#6 C:\wamp64\www\hospital-information-system\system\Model.php(620): CodeIgniter\BaseModel->insert(Array, false)
#7 C:\wamp64\www\hospital-information-system\system\BaseModel.php(658): CodeIgniter\Model->insert(Array, false)
#8 C:\wamp64\www\hospital-information-system\app\Controllers\Pharmacy\Inventory.php(60): CodeIgniter\BaseModel->save(Array)
#9 C:\wamp64\www\hospital-information-system\system\CodeIgniter.php(824): App\Controllers\Pharmacy\Inventory->createSale()
#10 C:\wamp64\www\hospital-information-system\system\CodeIgniter.php(410): CodeIgniter\CodeIgniter->runController(Object(App\Controllers\Pharmacy\Inventory))
#11 C:\wamp64\www\hospital-information-system\system\CodeIgniter.php(318): CodeIgniter\CodeIgniter->handleRequest(NULL, Object(Config\Cache), false)
#12 C:\wamp64\www\hospital-information-system\public\index.php(37): CodeIgniter\CodeIgniter->run()
#13 C:\wamp64\www\hospital-information-system\system\Commands\Server\rewrite.php(43): require_once('C:\\wamp64\\www\\h...')
#14 {main}
CRITICAL - 2022-04-12 04:50:04 --> Invalid file: pharmacy/inventory/index.php
#0 C:\wamp64\www\hospital-information-system\system\View\View.php(198): CodeIgniter\Exceptions\FrameworkException::forInvalidFile('pharmacy/invent...')
#1 C:\wamp64\www\hospital-information-system\system\Common.php(1097): CodeIgniter\View\View->render('pharmacy/invent...', Array, true)
#2 C:\wamp64\www\hospital-information-system\app\Controllers\Pharmacy\Inventory.php(22): view('pharmacy/invent...', Array)
#3 C:\wamp64\www\hospital-information-system\system\CodeIgniter.php(824): App\Controllers\Pharmacy\Inventory->index()
#4 C:\wamp64\www\hospital-information-system\system\CodeIgniter.php(410): CodeIgniter\CodeIgniter->runController(Object(App\Controllers\Pharmacy\Inventory))
#5 C:\wamp64\www\hospital-information-system\system\CodeIgniter.php(318): CodeIgniter\CodeIgniter->handleRequest(NULL, Object(Config\Cache), false)
#6 C:\wamp64\www\hospital-information-system\public\index.php(37): CodeIgniter\CodeIgniter->run()
#7 C:\wamp64\www\hospital-information-system\system\Commands\Server\rewrite.php(43): require_once('C:\\wamp64\\www\\h...')
#8 {main}
CRITICAL - 2022-04-12 05:11:21 --> Undefined array key 0
#0 C:\wamp64\www\hospital-information-system\app\Views\diagnosis\view.php(31): CodeIgniter\Debug\Exceptions->errorHandler(2, 'Undefined array...', 'C:\\wamp64\\www\\h...', 31)
#1 C:\wamp64\www\hospital-information-system\system\View\View.php(214): include('C:\\wamp64\\www\\h...')
#2 C:\wamp64\www\hospital-information-system\system\View\View.php(217): CodeIgniter\View\View->CodeIgniter\View\{closure}()
#3 C:\wamp64\www\hospital-information-system\system\Common.php(1097): CodeIgniter\View\View->render('diagnosis/view', Array, true)
#4 C:\wamp64\www\hospital-information-system\app\Controllers\Diagnosis.php(94): view('diagnosis/view', Array)
#5 C:\wamp64\www\hospital-information-system\system\CodeIgniter.php(824): App\Controllers\Diagnosis->view('7')
#6 C:\wamp64\www\hospital-information-system\system\CodeIgniter.php(410): CodeIgniter\CodeIgniter->runController(Object(App\Controllers\Diagnosis))
#7 C:\wamp64\www\hospital-information-system\system\CodeIgniter.php(318): CodeIgniter\CodeIgniter->handleRequest(NULL, Object(Config\Cache), false)
#8 C:\wamp64\www\hospital-information-system\public\index.php(37): CodeIgniter\CodeIgniter->run()
#9 C:\wamp64\www\hospital-information-system\system\Commands\Server\rewrite.php(43): require_once('C:\\wamp64\\www\\h...')
#10 {main}
CRITICAL - 2022-04-12 05:11:34 --> Undefined array key 0
#0 C:\wamp64\www\hospital-information-system\app\Views\diagnosis\view.php(31): CodeIgniter\Debug\Exceptions->errorHandler(2, 'Undefined array...', 'C:\\wamp64\\www\\h...', 31)
#1 C:\wamp64\www\hospital-information-system\system\View\View.php(214): include('C:\\wamp64\\www\\h...')
#2 C:\wamp64\www\hospital-information-system\system\View\View.php(217): CodeIgniter\View\View->CodeIgniter\View\{closure}()
#3 C:\wamp64\www\hospital-information-system\system\Common.php(1097): CodeIgniter\View\View->render('diagnosis/view', Array, true)
#4 C:\wamp64\www\hospital-information-system\app\Controllers\Diagnosis.php(94): view('diagnosis/view', Array)
#5 C:\wamp64\www\hospital-information-system\system\CodeIgniter.php(824): App\Controllers\Diagnosis->view('8')
#6 C:\wamp64\www\hospital-information-system\system\CodeIgniter.php(410): CodeIgniter\CodeIgniter->runController(Object(App\Controllers\Diagnosis))
#7 C:\wamp64\www\hospital-information-system\system\CodeIgniter.php(318): CodeIgniter\CodeIgniter->handleRequest(NULL, Object(Config\Cache), false)
#8 C:\wamp64\www\hospital-information-system\public\index.php(37): CodeIgniter\CodeIgniter->run()
#9 C:\wamp64\www\hospital-information-system\system\Commands\Server\rewrite.php(43): require_once('C:\\wamp64\\www\\h...')
#10 {main}
CRITICAL - 2022-04-12 05:11:40 --> Undefined array key 0
#0 C:\wamp64\www\hospital-information-system\app\Views\diagnosis\view.php(31): CodeIgniter\Debug\Exceptions->errorHandler(2, 'Undefined array...', 'C:\\wamp64\\www\\h...', 31)
#1 C:\wamp64\www\hospital-information-system\system\View\View.php(214): include('C:\\wamp64\\www\\h...')
#2 C:\wamp64\www\hospital-information-system\system\View\View.php(217): CodeIgniter\View\View->CodeIgniter\View\{closure}()
#3 C:\wamp64\www\hospital-information-system\system\Common.php(1097): CodeIgniter\View\View->render('diagnosis/view', Array, true)
#4 C:\wamp64\www\hospital-information-system\app\Controllers\Diagnosis.php(94): view('diagnosis/view', Array)
#5 C:\wamp64\www\hospital-information-system\system\CodeIgniter.php(824): App\Controllers\Diagnosis->view('7')
#6 C:\wamp64\www\hospital-information-system\system\CodeIgniter.php(410): CodeIgniter\CodeIgniter->runController(Object(App\Controllers\Diagnosis))
#7 C:\wamp64\www\hospital-information-system\system\CodeIgniter.php(318): CodeIgniter\CodeIgniter->handleRequest(NULL, Object(Config\Cache), false)
#8 C:\wamp64\www\hospital-information-system\public\index.php(37): CodeIgniter\CodeIgniter->run()
#9 C:\wamp64\www\hospital-information-system\system\Commands\Server\rewrite.php(43): require_once('C:\\wamp64\\www\\h...')
#10 {main}
CRITICAL - 2022-04-12 05:18:12 --> Undefined variable $vital
#0 C:\wamp64\www\hospital-information-system\app\Views\vitals\view.php(50): CodeIgniter\Debug\Exceptions->errorHandler(2, 'Undefined varia...', 'C:\\wamp64\\www\\h...', 50)
#1 C:\wamp64\www\hospital-information-system\system\View\View.php(214): include('C:\\wamp64\\www\\h...')
#2 C:\wamp64\www\hospital-information-system\system\View\View.php(217): CodeIgniter\View\View->CodeIgniter\View\{closure}()
#3 C:\wamp64\www\hospital-information-system\system\Common.php(1097): CodeIgniter\View\View->render('vitals/view', Array, true)
#4 C:\wamp64\www\hospital-information-system\app\Controllers\Pharmacy\Inventory.php(92): view('vitals/view', Array)
#5 C:\wamp64\www\hospital-information-system\system\CodeIgniter.php(824): App\Controllers\Pharmacy\Inventory->view('3')
#6 C:\wamp64\www\hospital-information-system\system\CodeIgniter.php(410): CodeIgniter\CodeIgniter->runController(Object(App\Controllers\Pharmacy\Inventory))
#7 C:\wamp64\www\hospital-information-system\system\CodeIgniter.php(318): CodeIgniter\CodeIgniter->handleRequest(NULL, Object(Config\Cache), false)
#8 C:\wamp64\www\hospital-information-system\public\index.php(37): CodeIgniter\CodeIgniter->run()
#9 C:\wamp64\www\hospital-information-system\system\Commands\Server\rewrite.php(43): require_once('C:\\wamp64\\www\\h...')
#10 {main}
CRITICAL - 2022-04-12 05:19:04 --> Undefined variable $vital
#0 C:\wamp64\www\hospital-information-system\app\Views\vitals\view.php(50): CodeIgniter\Debug\Exceptions->errorHandler(2, 'Undefined varia...', 'C:\\wamp64\\www\\h...', 50)
#1 C:\wamp64\www\hospital-information-system\system\View\View.php(214): include('C:\\wamp64\\www\\h...')
#2 C:\wamp64\www\hospital-information-system\system\View\View.php(217): CodeIgniter\View\View->CodeIgniter\View\{closure}()
#3 C:\wamp64\www\hospital-information-system\system\Common.php(1097): CodeIgniter\View\View->render('vitals/view', Array, true)
#4 C:\wamp64\www\hospital-information-system\app\Controllers\Pharmacy\Inventory.php(92): view('vitals/view', Array)
#5 C:\wamp64\www\hospital-information-system\system\CodeIgniter.php(824): App\Controllers\Pharmacy\Inventory->view('3')
#6 C:\wamp64\www\hospital-information-system\system\CodeIgniter.php(410): CodeIgniter\CodeIgniter->runController(Object(App\Controllers\Pharmacy\Inventory))
#7 C:\wamp64\www\hospital-information-system\system\CodeIgniter.php(318): CodeIgniter\CodeIgniter->handleRequest(NULL, Object(Config\Cache), false)
#8 C:\wamp64\www\hospital-information-system\public\index.php(37): CodeIgniter\CodeIgniter->run()
#9 C:\wamp64\www\hospital-information-system\system\Commands\Server\rewrite.php(43): require_once('C:\\wamp64\\www\\h...')
#10 {main}
CRITICAL - 2022-04-12 05:19:05 --> Undefined variable $vital
#0 C:\wamp64\www\hospital-information-system\app\Views\vitals\view.php(50): CodeIgniter\Debug\Exceptions->errorHandler(2, 'Undefined varia...', 'C:\\wamp64\\www\\h...', 50)
#1 C:\wamp64\www\hospital-information-system\system\View\View.php(214): include('C:\\wamp64\\www\\h...')
#2 C:\wamp64\www\hospital-information-system\system\View\View.php(217): CodeIgniter\View\View->CodeIgniter\View\{closure}()
#3 C:\wamp64\www\hospital-information-system\system\Common.php(1097): CodeIgniter\View\View->render('vitals/view', Array, true)
#4 C:\wamp64\www\hospital-information-system\app\Controllers\Pharmacy\Inventory.php(92): view('vitals/view', Array)
#5 C:\wamp64\www\hospital-information-system\system\CodeIgniter.php(824): App\Controllers\Pharmacy\Inventory->view('3')
#6 C:\wamp64\www\hospital-information-system\system\CodeIgniter.php(410): CodeIgniter\CodeIgniter->runController(Object(App\Controllers\Pharmacy\Inventory))
#7 C:\wamp64\www\hospital-information-system\system\CodeIgniter.php(318): CodeIgniter\CodeIgniter->handleRequest(NULL, Object(Config\Cache), false)
#8 C:\wamp64\www\hospital-information-system\public\index.php(37): CodeIgniter\CodeIgniter->run()
#9 C:\wamp64\www\hospital-information-system\system\Commands\Server\rewrite.php(43): require_once('C:\\wamp64\\www\\h...')
#10 {main}
CRITICAL - 2022-04-12 05:19:28 --> Undefined variable $vital
#0 C:\wamp64\www\hospital-information-system\app\Views\vitals\view.php(50): CodeIgniter\Debug\Exceptions->errorHandler(2, 'Undefined varia...', 'C:\\wamp64\\www\\h...', 50)
#1 C:\wamp64\www\hospital-information-system\system\View\View.php(214): include('C:\\wamp64\\www\\h...')
#2 C:\wamp64\www\hospital-information-system\system\View\View.php(217): CodeIgniter\View\View->CodeIgniter\View\{closure}()
#3 C:\wamp64\www\hospital-information-system\system\Common.php(1097): CodeIgniter\View\View->render('vitals/view', Array, true)
#4 C:\wamp64\www\hospital-information-system\app\Controllers\Pharmacy\Inventory.php(92): view('vitals/view', Array)
#5 C:\wamp64\www\hospital-information-system\system\CodeIgniter.php(824): App\Controllers\Pharmacy\Inventory->view('3')
#6 C:\wamp64\www\hospital-information-system\system\CodeIgniter.php(410): CodeIgniter\CodeIgniter->runController(Object(App\Controllers\Pharmacy\Inventory))
#7 C:\wamp64\www\hospital-information-system\system\CodeIgniter.php(318): CodeIgniter\CodeIgniter->handleRequest(NULL, Object(Config\Cache), false)
#8 C:\wamp64\www\hospital-information-system\public\index.php(37): CodeIgniter\CodeIgniter->run()
#9 C:\wamp64\www\hospital-information-system\system\Commands\Server\rewrite.php(43): require_once('C:\\wamp64\\www\\h...')
#10 {main}
CRITICAL - 2022-04-12 05:47:27 --> Attempt to read property "total" on array
#0 C:\wamp64\www\hospital-information-system\app\Views\pharmacy\inventory\view.php(64): CodeIgniter\Debug\Exceptions->errorHandler(2, 'Attempt to read...', 'C:\\wamp64\\www\\h...', 64)
#1 C:\wamp64\www\hospital-information-system\system\View\View.php(214): include('C:\\wamp64\\www\\h...')
#2 C:\wamp64\www\hospital-information-system\system\View\View.php(217): CodeIgniter\View\View->CodeIgniter\View\{closure}()
#3 C:\wamp64\www\hospital-information-system\system\Common.php(1097): CodeIgniter\View\View->render('pharmacy/invent...', Array, true)
#4 C:\wamp64\www\hospital-information-system\app\Controllers\Pharmacy\Inventory.php(92): view('pharmacy/invent...', Array)
#5 C:\wamp64\www\hospital-information-system\system\CodeIgniter.php(824): App\Controllers\Pharmacy\Inventory->view('3')
#6 C:\wamp64\www\hospital-information-system\system\CodeIgniter.php(410): CodeIgniter\CodeIgniter->runController(Object(App\Controllers\Pharmacy\Inventory))
#7 C:\wamp64\www\hospital-information-system\system\CodeIgniter.php(318): CodeIgniter\CodeIgniter->handleRequest(NULL, Object(Config\Cache), false)
#8 C:\wamp64\www\hospital-information-system\public\index.php(37): CodeIgniter\CodeIgniter->run()
#9 C:\wamp64\www\hospital-information-system\system\Commands\Server\rewrite.php(43): require_once('C:\\wamp64\\www\\h...')
#10 {main}
CRITICAL - 2022-04-12 05:48:28 --> Unsupported operand types: string + string
#0 C:\wamp64\www\hospital-information-system\system\View\View.php(214): include()
#1 C:\wamp64\www\hospital-information-system\system\View\View.php(217): CodeIgniter\View\View->CodeIgniter\View\{closure}()
#2 C:\wamp64\www\hospital-information-system\system\Common.php(1097): CodeIgniter\View\View->render('pharmacy/invent...', Array, true)
#3 C:\wamp64\www\hospital-information-system\app\Controllers\Pharmacy\Inventory.php(92): view('pharmacy/invent...', Array)
#4 C:\wamp64\www\hospital-information-system\system\CodeIgniter.php(824): App\Controllers\Pharmacy\Inventory->view('3')
#5 C:\wamp64\www\hospital-information-system\system\CodeIgniter.php(410): CodeIgniter\CodeIgniter->runController(Object(App\Controllers\Pharmacy\Inventory))
#6 C:\wamp64\www\hospital-information-system\system\CodeIgniter.php(318): CodeIgniter\CodeIgniter->handleRequest(NULL, Object(Config\Cache), false)
#7 C:\wamp64\www\hospital-information-system\public\index.php(37): CodeIgniter\CodeIgniter->run()
#8 C:\wamp64\www\hospital-information-system\system\Commands\Server\rewrite.php(43): require_once('C:\\wamp64\\www\\h...')
#9 {main}
CRITICAL - 2022-04-12 06:46:48 --> Undefined variable $billing_model
#0 C:\wamp64\www\hospital-information-system\app\Controllers\Pharmacy\Inventory.php(68): CodeIgniter\Debug\Exceptions->errorHandler(2, 'Undefined varia...', 'C:\\wamp64\\www\\h...', 68)
#1 C:\wamp64\www\hospital-information-system\system\CodeIgniter.php(824): App\Controllers\Pharmacy\Inventory->createSale()
#2 C:\wamp64\www\hospital-information-system\system\CodeIgniter.php(410): CodeIgniter\CodeIgniter->runController(Object(App\Controllers\Pharmacy\Inventory))
#3 C:\wamp64\www\hospital-information-system\system\CodeIgniter.php(318): CodeIgniter\CodeIgniter->handleRequest(NULL, Object(Config\Cache), false)
#4 C:\wamp64\www\hospital-information-system\public\index.php(37): CodeIgniter\CodeIgniter->run()
#5 C:\wamp64\www\hospital-information-system\system\Commands\Server\rewrite.php(43): require_once('C:\\wamp64\\www\\h...')
#6 {main}
CRITICAL - 2022-04-12 06:57:38 --> Undefined array key 0
#0 C:\wamp64\www\hospital-information-system\app\Views\pharmacy\inventory\view.php(67): CodeIgniter\Debug\Exceptions->errorHandler(2, 'Undefined array...', 'C:\\wamp64\\www\\h...', 67)
#1 C:\wamp64\www\hospital-information-system\system\View\View.php(214): include('C:\\wamp64\\www\\h...')
#2 C:\wamp64\www\hospital-information-system\system\View\View.php(217): CodeIgniter\View\View->CodeIgniter\View\{closure}()
#3 C:\wamp64\www\hospital-information-system\system\Common.php(1097): CodeIgniter\View\View->render('pharmacy/invent...', Array, true)
#4 C:\wamp64\www\hospital-information-system\app\Controllers\Pharmacy\Inventory.php(95): view('pharmacy/invent...', Array)
#5 C:\wamp64\www\hospital-information-system\system\CodeIgniter.php(824): App\Controllers\Pharmacy\Inventory->view('3')
#6 C:\wamp64\www\hospital-information-system\system\CodeIgniter.php(410): CodeIgniter\CodeIgniter->runController(Object(App\Controllers\Pharmacy\Inventory))
#7 C:\wamp64\www\hospital-information-system\system\CodeIgniter.php(318): CodeIgniter\CodeIgniter->handleRequest(NULL, Object(Config\Cache), false)
#8 C:\wamp64\www\hospital-information-system\public\index.php(37): CodeIgniter\CodeIgniter->run()
#9 C:\wamp64\www\hospital-information-system\system\Commands\Server\rewrite.php(43): require_once('C:\\wamp64\\www\\h...')
#10 {main}
CRITICAL - 2022-04-12 08:18:52 --> The action you requested is not allowed.
#0 C:\wamp64\www\hospital-information-system\system\Security\Security.php(277): CodeIgniter\Security\Exceptions\SecurityException::forDisallowedAction()
#1 C:\wamp64\www\hospital-information-system\system\Filters\CSRF.php(53): CodeIgniter\Security\Security->verify(Object(CodeIgniter\HTTP\IncomingRequest))
#2 C:\wamp64\www\hospital-information-system\system\Filters\Filters.php(173): CodeIgniter\Filters\CSRF->before(Object(CodeIgniter\HTTP\IncomingRequest), NULL)
#3 C:\wamp64\www\hospital-information-system\system\CodeIgniter.php(384): CodeIgniter\Filters\Filters->run('billing/appoint...', 'before')
#4 C:\wamp64\www\hospital-information-system\system\CodeIgniter.php(318): CodeIgniter\CodeIgniter->handleRequest(NULL, Object(Config\Cache), false)
#5 C:\wamp64\www\hospital-information-system\public\index.php(37): CodeIgniter\CodeIgniter->run()
#6 C:\wamp64\www\hospital-information-system\system\Commands\Server\rewrite.php(43): require_once('C:\\wamp64\\www\\h...')
#7 {main}
CRITICAL - 2022-04-12 10:28:36 --> Attempt to read property "id" on array
#0 C:\wamp64\www\hospital-information-system\app\Controllers\Pharmacy\Inventory.php(89): CodeIgniter\Debug\Exceptions->errorHandler(2, 'Attempt to read...', 'C:\\wamp64\\www\\h...', 89)
#1 C:\wamp64\www\hospital-information-system\system\CodeIgniter.php(824): App\Controllers\Pharmacy\Inventory->view('3')
#2 C:\wamp64\www\hospital-information-system\system\CodeIgniter.php(410): CodeIgniter\CodeIgniter->runController(Object(App\Controllers\Pharmacy\Inventory))
#3 C:\wamp64\www\hospital-information-system\system\CodeIgniter.php(318): CodeIgniter\CodeIgniter->handleRequest(NULL, Object(Config\Cache), false)
#4 C:\wamp64\www\hospital-information-system\public\index.php(37): CodeIgniter\CodeIgniter->run()
#5 C:\wamp64\www\hospital-information-system\system\Commands\Server\rewrite.php(43): require_once('C:\\wamp64\\www\\h...')
#6 {main}
CRITICAL - 2022-04-12 10:32:11 --> Attempt to read property "id" on array
#0 C:\wamp64\www\hospital-information-system\app\Views\pharmacy\inventory\view.php(99): CodeIgniter\Debug\Exceptions->errorHandler(2, 'Attempt to read...', 'C:\\wamp64\\www\\h...', 99)
#1 C:\wamp64\www\hospital-information-system\system\View\View.php(214): include('C:\\wamp64\\www\\h...')
#2 C:\wamp64\www\hospital-information-system\system\View\View.php(217): CodeIgniter\View\View->CodeIgniter\View\{closure}()
#3 C:\wamp64\www\hospital-information-system\system\Common.php(1097): CodeIgniter\View\View->render('pharmacy/invent...', Array, true)
#4 C:\wamp64\www\hospital-information-system\app\Controllers\Pharmacy\Inventory.php(94): view('pharmacy/invent...', Array)
#5 C:\wamp64\www\hospital-information-system\system\CodeIgniter.php(824): App\Controllers\Pharmacy\Inventory->view('3')
#6 C:\wamp64\www\hospital-information-system\system\CodeIgniter.php(410): CodeIgniter\CodeIgniter->runController(Object(App\Controllers\Pharmacy\Inventory))
#7 C:\wamp64\www\hospital-information-system\system\CodeIgniter.php(318): CodeIgniter\CodeIgniter->handleRequest(NULL, Object(Config\Cache), false)
#8 C:\wamp64\www\hospital-information-system\public\index.php(37): CodeIgniter\CodeIgniter->run()
#9 C:\wamp64\www\hospital-information-system\system\Commands\Server\rewrite.php(43): require_once('C:\\wamp64\\www\\h...')
#10 {main}
CRITICAL - 2022-04-12 11:09:52 --> Undefined variable $billing
#0 C:\wamp64\www\hospital-information-system\app\Views\pharmacy\inventory\view.php(122): CodeIgniter\Debug\Exceptions->errorHandler(2, 'Undefined varia...', 'C:\\wamp64\\www\\h...', 122)
#1 C:\wamp64\www\hospital-information-system\system\View\View.php(214): include('C:\\wamp64\\www\\h...')
#2 C:\wamp64\www\hospital-information-system\system\View\View.php(217): CodeIgniter\View\View->CodeIgniter\View\{closure}()
#3 C:\wamp64\www\hospital-information-system\system\Common.php(1097): CodeIgniter\View\View->render('pharmacy/invent...', Array, true)
#4 C:\wamp64\www\hospital-information-system\app\Controllers\Pharmacy\Inventory.php(94): view('pharmacy/invent...', Array)
#5 C:\wamp64\www\hospital-information-system\system\CodeIgniter.php(824): App\Controllers\Pharmacy\Inventory->view('3')
#6 C:\wamp64\www\hospital-information-system\system\CodeIgniter.php(410): CodeIgniter\CodeIgniter->runController(Object(App\Controllers\Pharmacy\Inventory))
#7 C:\wamp64\www\hospital-information-system\system\CodeIgniter.php(318): CodeIgniter\CodeIgniter->handleRequest(NULL, Object(Config\Cache), false)
#8 C:\wamp64\www\hospital-information-system\public\index.php(37): CodeIgniter\CodeIgniter->run()
#9 C:\wamp64\www\hospital-information-system\system\Commands\Server\rewrite.php(43): require_once('C:\\wamp64\\www\\h...')
#10 {main}
