CRITICAL - 2022-02-23 06:38:48 --> Call to undefined function display()
#0 C:\xampp\htdocs\hospital-information-system\system\View\View.php(214): include()
#1 C:\xampp\htdocs\hospital-information-system\system\View\View.php(217): CodeIgniter\View\View->CodeIgniter\View\{closure}()
#2 C:\xampp\htdocs\hospital-information-system\system\Common.php(1097): CodeIgniter\View\View->render('diagnosis/add', Array, true)
#3 C:\xampp\htdocs\hospital-information-system\app\Controllers\Diagnosis.php(24): view('diagnosis/add', Array)
#4 C:\xampp\htdocs\hospital-information-system\system\CodeIgniter.php(824): App\Controllers\Diagnosis->add()
#5 C:\xampp\htdocs\hospital-information-system\system\CodeIgniter.php(410): CodeIgniter\CodeIgniter->runController(Object(App\Controllers\Diagnosis))
#6 C:\xampp\htdocs\hospital-information-system\system\CodeIgniter.php(318): CodeIgniter\CodeIgniter->handleRequest(NULL, Object(Config\Cache), false)
#7 C:\xampp\htdocs\hospital-information-system\public\index.php(37): CodeIgniter\CodeIgniter->run()
#8 C:\xampp\htdocs\hospital-information-system\system\Commands\Server\rewrite.php(43): require_once('C:\\xampp\\htdocs...')
#9 {main}
CRITICAL - 2022-02-23 08:01:55 --> Call to undefined function App\Controllers\getAppointmentOr404()
#0 C:\xampp\htdocs\hospital-information-system\system\CodeIgniter.php(824): App\Controllers\Diagnosis->add('2')
#1 C:\xampp\htdocs\hospital-information-system\system\CodeIgniter.php(410): CodeIgniter\CodeIgniter->runController(Object(App\Controllers\Diagnosis))
#2 C:\xampp\htdocs\hospital-information-system\system\CodeIgniter.php(318): CodeIgniter\CodeIgniter->handleRequest(NULL, Object(Config\Cache), false)
#3 C:\xampp\htdocs\hospital-information-system\public\index.php(37): CodeIgniter\CodeIgniter->run()
#4 C:\xampp\htdocs\hospital-information-system\system\Commands\Server\rewrite.php(43): require_once('C:\\xampp\\htdocs...')
#5 {main}
CRITICAL - 2022-02-23 08:08:32 --> Undefined variable $vitals
#0 C:\xampp\htdocs\hospital-information-system\app\Views\diagnosis\add.php(41): CodeIgniter\Debug\Exceptions->errorHandler(2, 'Undefined varia...', 'C:\\xampp\\htdocs...', 41)
#1 C:\xampp\htdocs\hospital-information-system\system\View\View.php(214): include('C:\\xampp\\htdocs...')
#2 C:\xampp\htdocs\hospital-information-system\system\View\View.php(217): CodeIgniter\View\View->CodeIgniter\View\{closure}()
#3 C:\xampp\htdocs\hospital-information-system\system\Common.php(1097): CodeIgniter\View\View->render('diagnosis/add', Array, true)
#4 C:\xampp\htdocs\hospital-information-system\app\Controllers\Diagnosis.php(26): view('diagnosis/add', Array)
#5 C:\xampp\htdocs\hospital-information-system\system\CodeIgniter.php(824): App\Controllers\Diagnosis->add('1')
#6 C:\xampp\htdocs\hospital-information-system\system\CodeIgniter.php(410): CodeIgniter\CodeIgniter->runController(Object(App\Controllers\Diagnosis))
#7 C:\xampp\htdocs\hospital-information-system\system\CodeIgniter.php(318): CodeIgniter\CodeIgniter->handleRequest(NULL, Object(Config\Cache), false)
#8 C:\xampp\htdocs\hospital-information-system\public\index.php(37): CodeIgniter\CodeIgniter->run()
#9 C:\xampp\htdocs\hospital-information-system\system\Commands\Server\rewrite.php(43): require_once('C:\\xampp\\htdocs...')
#10 {main}
