CRITICAL - 2021-12-27 08:16:17 --> The framework needs the following extension(s) installed and loaded: intl.
#0 C:\xampp\htdocs\hospital\system\CodeIgniter.php(219): CodeIgniter\Exceptions\FrameworkException::forMissingExtension('intl')
#1 C:\xampp\htdocs\hospital\system\CodeIgniter.php(177): CodeIgniter\CodeIgniter->resolvePlatformExtensions()
#2 C:\xampp\htdocs\hospital\system\bootstrap.php(146): CodeIgniter\CodeIgniter->initialize()
#3 C:\xampp\htdocs\hospital\spark(45): require('C:\\xampp\\htdocs...')
#4 {main}
CRITICAL - 2021-12-27 21:23:24 --> The framework needs the following extension(s) installed and loaded: intl.
#0 C:\xampp\htdocs\hospital\system\CodeIgniter.php(219): CodeIgniter\Exceptions\FrameworkException::forMissingExtension('intl')
#1 C:\xampp\htdocs\hospital\system\CodeIgniter.php(177): CodeIgniter\CodeIgniter->resolvePlatformExtensions()
#2 C:\xampp\htdocs\hospital\system\bootstrap.php(146): CodeIgniter\CodeIgniter->initialize()
#3 C:\xampp\htdocs\hospital\spark(45): require('C:\\xampp\\htdocs...')
#4 {main}
CRITICAL - 2021-12-27 14:42:55 --> syntax error, unexpected token "}", expecting ";"
#0 C:\xampp\htdocs\hospital\system\Autoloader\Autoloader.php(241): CodeIgniter\Autoloader\Autoloader->includeFile('C:\\xampp\\htdocs...')
#1 C:\xampp\htdocs\hospital\system\Autoloader\Autoloader.php(219): CodeIgniter\Autoloader\Autoloader->loadInNamespace('App\\Controllers...')
#2 [internal function]: CodeIgniter\Autoloader\Autoloader->loadClass('App\\Controllers...')
#3 C:\xampp\htdocs\hospital\system\CodeIgniter.php(789): class_exists('\\App\\Controller...', true)
#4 C:\xampp\htdocs\hospital\system\CodeIgniter.php(397): CodeIgniter\CodeIgniter->startController()
#5 C:\xampp\htdocs\hospital\system\CodeIgniter.php(318): CodeIgniter\CodeIgniter->handleRequest(NULL, Object(Config\Cache), false)
#6 C:\xampp\htdocs\hospital\public\index.php(37): CodeIgniter\CodeIgniter->run()
#7 C:\xampp\htdocs\hospital\system\Commands\Server\rewrite.php(43): require_once('C:\\xampp\\htdocs...')
#8 {main}
CRITICAL - 2021-12-27 14:51:40 --> syntax error, unexpected token "}", expecting ";"
#0 C:\xampp\htdocs\hospital\system\Autoloader\Autoloader.php(241): CodeIgniter\Autoloader\Autoloader->includeFile('C:\\xampp\\htdocs...')
#1 C:\xampp\htdocs\hospital\system\Autoloader\Autoloader.php(219): CodeIgniter\Autoloader\Autoloader->loadInNamespace('App\\Controllers...')
#2 [internal function]: CodeIgniter\Autoloader\Autoloader->loadClass('App\\Controllers...')
#3 C:\xampp\htdocs\hospital\system\CodeIgniter.php(789): class_exists('\\App\\Controller...', true)
#4 C:\xampp\htdocs\hospital\system\CodeIgniter.php(397): CodeIgniter\CodeIgniter->startController()
#5 C:\xampp\htdocs\hospital\system\CodeIgniter.php(318): CodeIgniter\CodeIgniter->handleRequest(NULL, Object(Config\Cache), false)
#6 C:\xampp\htdocs\hospital\public\index.php(37): CodeIgniter\CodeIgniter->run()
#7 C:\xampp\htdocs\hospital\system\Commands\Server\rewrite.php(43): require_once('C:\\xampp\\htdocs...')
#8 {main}
CRITICAL - 2021-12-27 16:19:16 --> Cannot use "::class" on value of type null
#0 C:\xampp\htdocs\hospital\system\CodeIgniter.php(801): App\Controllers\Login->__construct()
#1 C:\xampp\htdocs\hospital\system\CodeIgniter.php(401): CodeIgniter\CodeIgniter->createController()
#2 C:\xampp\htdocs\hospital\system\CodeIgniter.php(318): CodeIgniter\CodeIgniter->handleRequest(NULL, Object(Config\Cache), false)
#3 C:\xampp\htdocs\hospital\public\index.php(37): CodeIgniter\CodeIgniter->run()
#4 C:\xampp\htdocs\hospital\system\Commands\Server\rewrite.php(43): require_once('C:\\xampp\\htdocs...')
#5 {main}
CRITICAL - 2021-12-27 16:19:36 --> Undefined variable $model
#0 C:\xampp\htdocs\hospital\app\Controllers\Login.php(13): CodeIgniter\Debug\Exceptions->errorHandler(2, 'Undefined varia...', 'C:\\xampp\\htdocs...', 13)
#1 C:\xampp\htdocs\hospital\system\CodeIgniter.php(824): App\Controllers\Login->index()
#2 C:\xampp\htdocs\hospital\system\CodeIgniter.php(410): CodeIgniter\CodeIgniter->runController(Object(App\Controllers\Login))
#3 C:\xampp\htdocs\hospital\system\CodeIgniter.php(318): CodeIgniter\CodeIgniter->handleRequest(NULL, Object(Config\Cache), false)
#4 C:\xampp\htdocs\hospital\public\index.php(37): CodeIgniter\CodeIgniter->run()
#5 C:\xampp\htdocs\hospital\system\Commands\Server\rewrite.php(43): require_once('C:\\xampp\\htdocs...')
#6 {main}
CRITICAL - 2021-12-27 16:19:49 --> Undefined property: App\Controllers\Login::$model
#0 C:\xampp\htdocs\hospital\app\Controllers\Login.php(13): CodeIgniter\Debug\Exceptions->errorHandler(2, 'Undefined prope...', 'C:\\xampp\\htdocs...', 13)
#1 C:\xampp\htdocs\hospital\system\CodeIgniter.php(824): App\Controllers\Login->index()
#2 C:\xampp\htdocs\hospital\system\CodeIgniter.php(410): CodeIgniter\CodeIgniter->runController(Object(App\Controllers\Login))
#3 C:\xampp\htdocs\hospital\system\CodeIgniter.php(318): CodeIgniter\CodeIgniter->handleRequest(NULL, Object(Config\Cache), false)
#4 C:\xampp\htdocs\hospital\public\index.php(37): CodeIgniter\CodeIgniter->run()
#5 C:\xampp\htdocs\hospital\system\Commands\Server\rewrite.php(43): require_once('C:\\xampp\\htdocs...')
#6 {main}
ERROR - 2021-12-27 16:47:56 --> Error connecting to the database: No connection could be made because the target machine actively refused it
CRITICAL - 2021-12-27 16:47:56 --> Unable to connect to the database.
Main connection [MySQLi]: No connection could be made because the target machine actively refused it
#0 C:\xampp\htdocs\hospital\system\Database\BaseConnection.php(577): CodeIgniter\Database\BaseConnection->initialize()
#1 C:\xampp\htdocs\hospital\system\Database\BaseBuilder.php(1443): CodeIgniter\Database\BaseConnection->query('SELECT *\nFROM `...', Array, false)
#2 C:\xampp\htdocs\hospital\system\Model.php(183): CodeIgniter\Database\BaseBuilder->get()
#3 C:\xampp\htdocs\hospital\system\BaseModel.php(584): CodeIgniter\Model->doFindAll(0, 0)
#4 C:\xampp\htdocs\hospital\app\Models\UsersModel.php(13): CodeIgniter\BaseModel->findAll()
#5 C:\xampp\htdocs\hospital\app\Controllers\Login.php(16): App\Models\UsersModel->getUsers()
#6 C:\xampp\htdocs\hospital\system\CodeIgniter.php(824): App\Controllers\Login->index()
#7 C:\xampp\htdocs\hospital\system\CodeIgniter.php(410): CodeIgniter\CodeIgniter->runController(Object(App\Controllers\Login))
#8 C:\xampp\htdocs\hospital\system\CodeIgniter.php(318): CodeIgniter\CodeIgniter->handleRequest(NULL, Object(Config\Cache), false)
#9 C:\xampp\htdocs\hospital\public\index.php(37): CodeIgniter\CodeIgniter->run()
#10 C:\xampp\htdocs\hospital\system\Commands\Server\rewrite.php(43): require_once('C:\\xampp\\htdocs...')
#11 {main}
CRITICAL - 2021-12-27 17:06:19 --> Invalid file: register.php
#0 C:\xampp\htdocs\hospital\system\View\View.php(198): CodeIgniter\Exceptions\FrameworkException::forInvalidFile('register.php')
#1 C:\xampp\htdocs\hospital\system\Common.php(1097): CodeIgniter\View\View->render('register', Array, true)
#2 C:\xampp\htdocs\hospital\app\Controllers\Auth.php(24): view('register')
#3 C:\xampp\htdocs\hospital\system\CodeIgniter.php(824): App\Controllers\Auth->register_admin()
#4 C:\xampp\htdocs\hospital\system\CodeIgniter.php(410): CodeIgniter\CodeIgniter->runController(Object(App\Controllers\Auth))
#5 C:\xampp\htdocs\hospital\system\CodeIgniter.php(318): CodeIgniter\CodeIgniter->handleRequest(NULL, Object(Config\Cache), false)
#6 C:\xampp\htdocs\hospital\public\index.php(37): CodeIgniter\CodeIgniter->run()
#7 C:\xampp\htdocs\hospital\system\Commands\Server\rewrite.php(43): require_once('C:\\xampp\\htdocs...')
#8 {main}
CRITICAL - 2021-12-27 17:07:06 --> Invalid file: register.php
#0 C:\xampp\htdocs\hospital\system\View\View.php(198): CodeIgniter\Exceptions\FrameworkException::forInvalidFile('register.php')
#1 C:\xampp\htdocs\hospital\system\Common.php(1097): CodeIgniter\View\View->render('register', Array, true)
#2 C:\xampp\htdocs\hospital\app\Controllers\Auth.php(24): view('register')
#3 C:\xampp\htdocs\hospital\system\CodeIgniter.php(824): App\Controllers\Auth->register_admin()
#4 C:\xampp\htdocs\hospital\system\CodeIgniter.php(410): CodeIgniter\CodeIgniter->runController(Object(App\Controllers\Auth))
#5 C:\xampp\htdocs\hospital\system\CodeIgniter.php(318): CodeIgniter\CodeIgniter->handleRequest(NULL, Object(Config\Cache), false)
#6 C:\xampp\htdocs\hospital\public\index.php(37): CodeIgniter\CodeIgniter->run()
#7 C:\xampp\htdocs\hospital\system\Commands\Server\rewrite.php(43): require_once('C:\\xampp\\htdocs...')
#8 {main}
CRITICAL - 2021-12-27 17:07:07 --> Invalid file: register.php
#0 C:\xampp\htdocs\hospital\system\View\View.php(198): CodeIgniter\Exceptions\FrameworkException::forInvalidFile('register.php')
#1 C:\xampp\htdocs\hospital\system\Common.php(1097): CodeIgniter\View\View->render('register', Array, true)
#2 C:\xampp\htdocs\hospital\app\Controllers\Auth.php(24): view('register')
#3 C:\xampp\htdocs\hospital\system\CodeIgniter.php(824): App\Controllers\Auth->register_admin()
#4 C:\xampp\htdocs\hospital\system\CodeIgniter.php(410): CodeIgniter\CodeIgniter->runController(Object(App\Controllers\Auth))
#5 C:\xampp\htdocs\hospital\system\CodeIgniter.php(318): CodeIgniter\CodeIgniter->handleRequest(NULL, Object(Config\Cache), false)
#6 C:\xampp\htdocs\hospital\public\index.php(37): CodeIgniter\CodeIgniter->run()
#7 C:\xampp\htdocs\hospital\system\Commands\Server\rewrite.php(43): require_once('C:\\xampp\\htdocs...')
#8 {main}
CRITICAL - 2021-12-27 17:23:58 --> Undefined property: CodeIgniter\View\View::$session
#0 C:\xampp\htdocs\hospital\app\Views\register_admin.php(36): CodeIgniter\Debug\Exceptions->errorHandler(2, 'Undefined prope...', 'C:\\xampp\\htdocs...', 36)
#1 C:\xampp\htdocs\hospital\system\View\View.php(214): include('C:\\xampp\\htdocs...')
#2 C:\xampp\htdocs\hospital\system\View\View.php(217): CodeIgniter\View\View->CodeIgniter\View\{closure}()
#3 C:\xampp\htdocs\hospital\system\Common.php(1097): CodeIgniter\View\View->render('register_admin', Array, true)
#4 C:\xampp\htdocs\hospital\app\Controllers\Auth.php(24): view('register_admin')
#5 C:\xampp\htdocs\hospital\system\CodeIgniter.php(824): App\Controllers\Auth->register_admin()
#6 C:\xampp\htdocs\hospital\system\CodeIgniter.php(410): CodeIgniter\CodeIgniter->runController(Object(App\Controllers\Auth))
#7 C:\xampp\htdocs\hospital\system\CodeIgniter.php(318): CodeIgniter\CodeIgniter->handleRequest(NULL, Object(Config\Cache), false)
#8 C:\xampp\htdocs\hospital\public\index.php(37): CodeIgniter\CodeIgniter->run()
#9 C:\xampp\htdocs\hospital\system\Commands\Server\rewrite.php(43): require_once('C:\\xampp\\htdocs...')
#10 {main}
