CRITICAL - 2021-12-29 02:44:47 --> syntax error, unexpected token "}", expecting "," or ";"
#0 C:\xampp\htdocs\hospital\system\Router\Router.php(176): CodeIgniter\Router\Router->autoRoute('auth')
#1 C:\xampp\htdocs\hospital\system\CodeIgniter.php(718): CodeIgniter\Router\Router->handle('auth')
#2 C:\xampp\htdocs\hospital\system\CodeIgniter.php(359): CodeIgniter\CodeIgniter->tryToRouteIt(Object(CodeIgniter\Router\RouteCollection))
#3 C:\xampp\htdocs\hospital\system\CodeIgniter.php(318): CodeIgniter\CodeIgniter->handleRequest(NULL, Object(Config\Cache), false)
#4 C:\xampp\htdocs\hospital\public\index.php(37): CodeIgniter\CodeIgniter->run()
#5 C:\xampp\htdocs\hospital\system\Commands\Server\rewrite.php(43): require_once('C:\\xampp\\htdocs...')
#6 {main}
CRITICAL - 2021-12-29 02:46:54 --> Undefined variable $isPost
#0 C:\xampp\htdocs\hospital\app\Views\login.php(34): CodeIgniter\Debug\Exceptions->errorHandler(2, 'Undefined varia...', 'C:\\xampp\\htdocs...', 34)
#1 C:\xampp\htdocs\hospital\system\View\View.php(214): include('C:\\xampp\\htdocs...')
#2 C:\xampp\htdocs\hospital\system\View\View.php(217): CodeIgniter\View\View->CodeIgniter\View\{closure}()
#3 C:\xampp\htdocs\hospital\system\Common.php(1097): CodeIgniter\View\View->render('login', Array, true)
#4 C:\xampp\htdocs\hospital\app\Controllers\Auth.php(48): view('login')
#5 C:\xampp\htdocs\hospital\system\CodeIgniter.php(824): App\Controllers\Auth->login()
#6 C:\xampp\htdocs\hospital\system\CodeIgniter.php(410): CodeIgniter\CodeIgniter->runController(Object(App\Controllers\Auth))
#7 C:\xampp\htdocs\hospital\system\CodeIgniter.php(318): CodeIgniter\CodeIgniter->handleRequest(NULL, Object(Config\Cache), false)
#8 C:\xampp\htdocs\hospital\public\index.php(37): CodeIgniter\CodeIgniter->run()
#9 C:\xampp\htdocs\hospital\system\Commands\Server\rewrite.php(43): require_once('C:\\xampp\\htdocs...')
#10 {main}
CRITICAL - 2021-12-29 02:57:14 --> syntax error, unexpected token ")"
#0 C:\xampp\htdocs\hospital\system\Router\Router.php(176): CodeIgniter\Router\Router->autoRoute('auth/login')
#1 C:\xampp\htdocs\hospital\system\CodeIgniter.php(718): CodeIgniter\Router\Router->handle('auth/login')
#2 C:\xampp\htdocs\hospital\system\CodeIgniter.php(359): CodeIgniter\CodeIgniter->tryToRouteIt(Object(CodeIgniter\Router\RouteCollection))
#3 C:\xampp\htdocs\hospital\system\CodeIgniter.php(318): CodeIgniter\CodeIgniter->handleRequest(NULL, Object(Config\Cache), false)
#4 C:\xampp\htdocs\hospital\public\index.php(37): CodeIgniter\CodeIgniter->run()
#5 C:\xampp\htdocs\hospital\system\Commands\Server\rewrite.php(43): require_once('C:\\xampp\\htdocs...')
#6 {main}
CRITICAL - 2021-12-29 03:00:05 --> Undefined variable $isPost
#0 C:\xampp\htdocs\hospital\app\Views\login.php(34): CodeIgniter\Debug\Exceptions->errorHandler(2, 'Undefined varia...', 'C:\\xampp\\htdocs...', 34)
#1 C:\xampp\htdocs\hospital\system\View\View.php(214): include('C:\\xampp\\htdocs...')
#2 C:\xampp\htdocs\hospital\system\View\View.php(217): CodeIgniter\View\View->CodeIgniter\View\{closure}()
#3 C:\xampp\htdocs\hospital\system\Common.php(1097): CodeIgniter\View\View->render('login', Array, true)
#4 C:\xampp\htdocs\hospital\app\Controllers\Auth.php(58): view('login')
#5 C:\xampp\htdocs\hospital\system\CodeIgniter.php(824): App\Controllers\Auth->login()
#6 C:\xampp\htdocs\hospital\system\CodeIgniter.php(410): CodeIgniter\CodeIgniter->runController(Object(App\Controllers\Auth))
#7 C:\xampp\htdocs\hospital\system\CodeIgniter.php(318): CodeIgniter\CodeIgniter->handleRequest(NULL, Object(Config\Cache), false)
#8 C:\xampp\htdocs\hospital\public\index.php(37): CodeIgniter\CodeIgniter->run()
#9 C:\xampp\htdocs\hospital\system\Commands\Server\rewrite.php(43): require_once('C:\\xampp\\htdocs...')
#10 {main}
CRITICAL - 2021-12-29 03:00:45 --> view(): Argument #2 ($data) must be of type array, null given, called in C:\xampp\htdocs\hospital\app\Controllers\Auth.php on line 58
#0 C:\xampp\htdocs\hospital\app\Controllers\Auth.php(58): view('login', NULL)
#1 C:\xampp\htdocs\hospital\system\CodeIgniter.php(824): App\Controllers\Auth->login()
#2 C:\xampp\htdocs\hospital\system\CodeIgniter.php(410): CodeIgniter\CodeIgniter->runController(Object(App\Controllers\Auth))
#3 C:\xampp\htdocs\hospital\system\CodeIgniter.php(318): CodeIgniter\CodeIgniter->handleRequest(NULL, Object(Config\Cache), false)
#4 C:\xampp\htdocs\hospital\public\index.php(37): CodeIgniter\CodeIgniter->run()
#5 C:\xampp\htdocs\hospital\system\Commands\Server\rewrite.php(43): require_once('C:\\xampp\\htdocs...')
#6 {main}
CRITICAL - 2021-12-29 03:01:32 --> view(): Argument #2 ($data) must be of type array, null given, called in C:\xampp\htdocs\hospital\app\Controllers\Auth.php on line 56
#0 C:\xampp\htdocs\hospital\app\Controllers\Auth.php(56): view('login', NULL)
#1 C:\xampp\htdocs\hospital\system\CodeIgniter.php(824): App\Controllers\Auth->login()
#2 C:\xampp\htdocs\hospital\system\CodeIgniter.php(410): CodeIgniter\CodeIgniter->runController(Object(App\Controllers\Auth))
#3 C:\xampp\htdocs\hospital\system\CodeIgniter.php(318): CodeIgniter\CodeIgniter->handleRequest(NULL, Object(Config\Cache), false)
#4 C:\xampp\htdocs\hospital\public\index.php(37): CodeIgniter\CodeIgniter->run()
#5 C:\xampp\htdocs\hospital\system\Commands\Server\rewrite.php(43): require_once('C:\\xampp\\htdocs...')
#6 {main}
CRITICAL - 2021-12-29 03:02:01 --> syntax error, unexpected token "public"
#0 C:\xampp\htdocs\hospital\system\Router\Router.php(176): CodeIgniter\Router\Router->autoRoute('auth/login')
#1 C:\xampp\htdocs\hospital\system\CodeIgniter.php(718): CodeIgniter\Router\Router->handle('auth/login')
#2 C:\xampp\htdocs\hospital\system\CodeIgniter.php(359): CodeIgniter\CodeIgniter->tryToRouteIt(Object(CodeIgniter\Router\RouteCollection))
#3 C:\xampp\htdocs\hospital\system\CodeIgniter.php(318): CodeIgniter\CodeIgniter->handleRequest(NULL, Object(Config\Cache), false)
#4 C:\xampp\htdocs\hospital\public\index.php(37): CodeIgniter\CodeIgniter->run()
#5 C:\xampp\htdocs\hospital\system\Commands\Server\rewrite.php(43): require_once('C:\\xampp\\htdocs...')
#6 {main}
CRITICAL - 2021-12-29 03:24:07 --> Undefined variable $isPost
#0 C:\xampp\htdocs\hospital\app\Views\login.php(34): CodeIgniter\Debug\Exceptions->errorHandler(2, 'Undefined varia...', 'C:\\xampp\\htdocs...', 34)
#1 C:\xampp\htdocs\hospital\system\View\View.php(214): include('C:\\xampp\\htdocs...')
#2 C:\xampp\htdocs\hospital\system\View\View.php(217): CodeIgniter\View\View->CodeIgniter\View\{closure}()
#3 C:\xampp\htdocs\hospital\system\Common.php(1097): CodeIgniter\View\View->render('login', Array, true)
#4 C:\xampp\htdocs\hospital\app\Controllers\Auth.php(64): view('login')
#5 C:\xampp\htdocs\hospital\system\CodeIgniter.php(824): App\Controllers\Auth->login()
#6 C:\xampp\htdocs\hospital\system\CodeIgniter.php(410): CodeIgniter\CodeIgniter->runController(Object(App\Controllers\Auth))
#7 C:\xampp\htdocs\hospital\system\CodeIgniter.php(318): CodeIgniter\CodeIgniter->handleRequest(NULL, Object(Config\Cache), false)
#8 C:\xampp\htdocs\hospital\public\index.php(37): CodeIgniter\CodeIgniter->run()
#9 C:\xampp\htdocs\hospital\system\Commands\Server\rewrite.php(43): require_once('C:\\xampp\\htdocs...')
#10 {main}
CRITICAL - 2021-12-29 03:24:45 --> Undefined variable $isPost
#0 C:\xampp\htdocs\hospital\app\Views\login.php(34): CodeIgniter\Debug\Exceptions->errorHandler(2, 'Undefined varia...', 'C:\\xampp\\htdocs...', 34)
#1 C:\xampp\htdocs\hospital\system\View\View.php(214): include('C:\\xampp\\htdocs...')
#2 C:\xampp\htdocs\hospital\system\View\View.php(217): CodeIgniter\View\View->CodeIgniter\View\{closure}()
#3 C:\xampp\htdocs\hospital\system\Common.php(1097): CodeIgniter\View\View->render('login', Array, true)
#4 C:\xampp\htdocs\hospital\app\Controllers\Auth.php(65): view('login')
#5 C:\xampp\htdocs\hospital\system\CodeIgniter.php(824): App\Controllers\Auth->login()
#6 C:\xampp\htdocs\hospital\system\CodeIgniter.php(410): CodeIgniter\CodeIgniter->runController(Object(App\Controllers\Auth))
#7 C:\xampp\htdocs\hospital\system\CodeIgniter.php(318): CodeIgniter\CodeIgniter->handleRequest(NULL, Object(Config\Cache), false)
#8 C:\xampp\htdocs\hospital\public\index.php(37): CodeIgniter\CodeIgniter->run()
#9 C:\xampp\htdocs\hospital\system\Commands\Server\rewrite.php(43): require_once('C:\\xampp\\htdocs...')
#10 {main}
CRITICAL - 2021-12-29 03:25:06 --> Undefined variable $isPost
#0 C:\xampp\htdocs\hospital\app\Views\login.php(34): CodeIgniter\Debug\Exceptions->errorHandler(2, 'Undefined varia...', 'C:\\xampp\\htdocs...', 34)
#1 C:\xampp\htdocs\hospital\system\View\View.php(214): include('C:\\xampp\\htdocs...')
#2 C:\xampp\htdocs\hospital\system\View\View.php(217): CodeIgniter\View\View->CodeIgniter\View\{closure}()
#3 C:\xampp\htdocs\hospital\system\Common.php(1097): CodeIgniter\View\View->render('login', Array, true)
#4 C:\xampp\htdocs\hospital\app\Controllers\Auth.php(65): view('login')
#5 C:\xampp\htdocs\hospital\system\CodeIgniter.php(824): App\Controllers\Auth->login()
#6 C:\xampp\htdocs\hospital\system\CodeIgniter.php(410): CodeIgniter\CodeIgniter->runController(Object(App\Controllers\Auth))
#7 C:\xampp\htdocs\hospital\system\CodeIgniter.php(318): CodeIgniter\CodeIgniter->handleRequest(NULL, Object(Config\Cache), false)
#8 C:\xampp\htdocs\hospital\public\index.php(37): CodeIgniter\CodeIgniter->run()
#9 C:\xampp\htdocs\hospital\system\Commands\Server\rewrite.php(43): require_once('C:\\xampp\\htdocs...')
#10 {main}
CRITICAL - 2021-12-29 03:45:24 --> Undefined variable $isPost
#0 C:\xampp\htdocs\hospital\app\Views\login.php(34): CodeIgniter\Debug\Exceptions->errorHandler(2, 'Undefined varia...', 'C:\\xampp\\htdocs...', 34)
#1 C:\xampp\htdocs\hospital\system\View\View.php(214): include('C:\\xampp\\htdocs...')
#2 C:\xampp\htdocs\hospital\system\View\View.php(217): CodeIgniter\View\View->CodeIgniter\View\{closure}()
#3 C:\xampp\htdocs\hospital\system\Common.php(1097): CodeIgniter\View\View->render('login', Array, true)
#4 C:\xampp\htdocs\hospital\app\Controllers\Auth.php(11): view('login')
#5 C:\xampp\htdocs\hospital\system\CodeIgniter.php(824): App\Controllers\Auth->index()
#6 C:\xampp\htdocs\hospital\system\CodeIgniter.php(410): CodeIgniter\CodeIgniter->runController(Object(App\Controllers\Auth))
#7 C:\xampp\htdocs\hospital\system\CodeIgniter.php(318): CodeIgniter\CodeIgniter->handleRequest(NULL, Object(Config\Cache), false)
#8 C:\xampp\htdocs\hospital\public\index.php(37): CodeIgniter\CodeIgniter->run()
#9 C:\xampp\htdocs\hospital\system\Commands\Server\rewrite.php(43): require_once('C:\\xampp\\htdocs...')
#10 {main}
CRITICAL - 2021-12-29 04:13:12 --> Undefined variable $user_role
#0 C:\xampp\htdocs\hospital\app\Controllers\Auth.php(48): CodeIgniter\Debug\Exceptions->errorHandler(2, 'Undefined varia...', 'C:\\xampp\\htdocs...', 48)
#1 C:\xampp\htdocs\hospital\system\CodeIgniter.php(824): App\Controllers\Auth->login()
#2 C:\xampp\htdocs\hospital\system\CodeIgniter.php(410): CodeIgniter\CodeIgniter->runController(Object(App\Controllers\Auth))
#3 C:\xampp\htdocs\hospital\system\CodeIgniter.php(318): CodeIgniter\CodeIgniter->handleRequest(NULL, Object(Config\Cache), false)
#4 C:\xampp\htdocs\hospital\public\index.php(37): CodeIgniter\CodeIgniter->run()
#5 C:\xampp\htdocs\hospital\system\Commands\Server\rewrite.php(43): require_once('C:\\xampp\\htdocs...')
#6 {main}
CRITICAL - 2021-12-29 04:32:35 --> Undefined property: App\Controllers\Dashboard::$load
#0 C:\xampp\htdocs\hospital\app\Controllers\Dashboard.php(15): CodeIgniter\Debug\Exceptions->errorHandler(2, 'Undefined prope...', 'C:\\xampp\\htdocs...', 15)
#1 C:\xampp\htdocs\hospital\system\CodeIgniter.php(824): App\Controllers\Dashboard->index()
#2 C:\xampp\htdocs\hospital\system\CodeIgniter.php(410): CodeIgniter\CodeIgniter->runController(Object(App\Controllers\Dashboard))
#3 C:\xampp\htdocs\hospital\system\CodeIgniter.php(318): CodeIgniter\CodeIgniter->handleRequest(NULL, Object(Config\Cache), false)
#4 C:\xampp\htdocs\hospital\public\index.php(37): CodeIgniter\CodeIgniter->run()
#5 C:\xampp\htdocs\hospital\system\Commands\Server\rewrite.php(43): require_once('C:\\xampp\\htdocs...')
#6 {main}
CRITICAL - 2021-12-29 04:33:01 --> view(): Argument #3 ($options) must be of type array, bool given, called in C:\xampp\htdocs\hospital\app\Controllers\Dashboard.php on line 15
#0 C:\xampp\htdocs\hospital\app\Controllers\Dashboard.php(15): view('home', Array, true)
#1 C:\xampp\htdocs\hospital\system\CodeIgniter.php(824): App\Controllers\Dashboard->index()
#2 C:\xampp\htdocs\hospital\system\CodeIgniter.php(410): CodeIgniter\CodeIgniter->runController(Object(App\Controllers\Dashboard))
#3 C:\xampp\htdocs\hospital\system\CodeIgniter.php(318): CodeIgniter\CodeIgniter->handleRequest(NULL, Object(Config\Cache), false)
#4 C:\xampp\htdocs\hospital\public\index.php(37): CodeIgniter\CodeIgniter->run()
#5 C:\xampp\htdocs\hospital\system\Commands\Server\rewrite.php(43): require_once('C:\\xampp\\htdocs...')
#6 {main}
CRITICAL - 2021-12-29 10:26:22 --> Call to undefined function html_escape()
#0 C:\xampp\htdocs\hospital\system\View\View.php(214): include()
#1 C:\xampp\htdocs\hospital\system\View\View.php(217): CodeIgniter\View\View->CodeIgniter\View\{closure}()
#2 C:\xampp\htdocs\hospital\system\Common.php(1097): CodeIgniter\View\View->render('layout/main_wra...', Array, true)
#3 C:\xampp\htdocs\hospital\app\Controllers\Dashboard.php(16): view('layout/main_wra...', Array)
#4 C:\xampp\htdocs\hospital\system\CodeIgniter.php(824): App\Controllers\Dashboard->index()
#5 C:\xampp\htdocs\hospital\system\CodeIgniter.php(410): CodeIgniter\CodeIgniter->runController(Object(App\Controllers\Dashboard))
#6 C:\xampp\htdocs\hospital\system\CodeIgniter.php(318): CodeIgniter\CodeIgniter->handleRequest(NULL, Object(Config\Cache), false)
#7 C:\xampp\htdocs\hospital\public\index.php(37): CodeIgniter\CodeIgniter->run()
#8 C:\xampp\htdocs\hospital\system\Commands\Server\rewrite.php(43): require_once('C:\\xampp\\htdocs...')
#9 {main}
CRITICAL - 2021-12-29 10:26:44 --> Call to undefined function display()
#0 C:\xampp\htdocs\hospital\system\View\View.php(214): include()
#1 C:\xampp\htdocs\hospital\system\View\View.php(217): CodeIgniter\View\View->CodeIgniter\View\{closure}()
#2 C:\xampp\htdocs\hospital\system\Common.php(1097): CodeIgniter\View\View->render('layout/main_wra...', Array, true)
#3 C:\xampp\htdocs\hospital\app\Controllers\Dashboard.php(16): view('layout/main_wra...', Array)
#4 C:\xampp\htdocs\hospital\system\CodeIgniter.php(824): App\Controllers\Dashboard->index()
#5 C:\xampp\htdocs\hospital\system\CodeIgniter.php(410): CodeIgniter\CodeIgniter->runController(Object(App\Controllers\Dashboard))
#6 C:\xampp\htdocs\hospital\system\CodeIgniter.php(318): CodeIgniter\CodeIgniter->handleRequest(NULL, Object(Config\Cache), false)
#7 C:\xampp\htdocs\hospital\public\index.php(37): CodeIgniter\CodeIgniter->run()
#8 C:\xampp\htdocs\hospital\system\Commands\Server\rewrite.php(43): require_once('C:\\xampp\\htdocs...')
#9 {main}
CRITICAL - 2021-12-29 10:40:49 --> Undefined property: CodeIgniter\View\View::$session
#0 C:\xampp\htdocs\hospital\app\Views\layout\main_wrapper.php(86): CodeIgniter\Debug\Exceptions->errorHandler(2, 'Undefined prope...', 'C:\\xampp\\htdocs...', 86)
#1 C:\xampp\htdocs\hospital\system\View\View.php(214): include('C:\\xampp\\htdocs...')
#2 C:\xampp\htdocs\hospital\system\View\View.php(217): CodeIgniter\View\View->CodeIgniter\View\{closure}()
#3 C:\xampp\htdocs\hospital\system\Common.php(1097): CodeIgniter\View\View->render('layout/main_wra...', Array, true)
#4 C:\xampp\htdocs\hospital\app\Controllers\Dashboard.php(16): view('layout/main_wra...', Array)
#5 C:\xampp\htdocs\hospital\system\CodeIgniter.php(824): App\Controllers\Dashboard->index()
#6 C:\xampp\htdocs\hospital\system\CodeIgniter.php(410): CodeIgniter\CodeIgniter->runController(Object(App\Controllers\Dashboard))
#7 C:\xampp\htdocs\hospital\system\CodeIgniter.php(318): CodeIgniter\CodeIgniter->handleRequest(NULL, Object(Config\Cache), false)
#8 C:\xampp\htdocs\hospital\public\index.php(37): CodeIgniter\CodeIgniter->run()
#9 C:\xampp\htdocs\hospital\system\Commands\Server\rewrite.php(43): require_once('C:\\xampp\\htdocs...')
#10 {main}
CRITICAL - 2021-12-29 10:41:53 --> Undefined property: CodeIgniter\View\View::$session
#0 C:\xampp\htdocs\hospital\app\Views\layout\main_wrapper.php(89): CodeIgniter\Debug\Exceptions->errorHandler(2, 'Undefined prope...', 'C:\\xampp\\htdocs...', 89)
#1 C:\xampp\htdocs\hospital\system\View\View.php(214): include('C:\\xampp\\htdocs...')
#2 C:\xampp\htdocs\hospital\system\View\View.php(217): CodeIgniter\View\View->CodeIgniter\View\{closure}()
#3 C:\xampp\htdocs\hospital\system\Common.php(1097): CodeIgniter\View\View->render('layout/main_wra...', Array, true)
#4 C:\xampp\htdocs\hospital\app\Controllers\Dashboard.php(16): view('layout/main_wra...', Array)
#5 C:\xampp\htdocs\hospital\system\CodeIgniter.php(824): App\Controllers\Dashboard->index()
#6 C:\xampp\htdocs\hospital\system\CodeIgniter.php(410): CodeIgniter\CodeIgniter->runController(Object(App\Controllers\Dashboard))
#7 C:\xampp\htdocs\hospital\system\CodeIgniter.php(318): CodeIgniter\CodeIgniter->handleRequest(NULL, Object(Config\Cache), false)
#8 C:\xampp\htdocs\hospital\public\index.php(37): CodeIgniter\CodeIgniter->run()
#9 C:\xampp\htdocs\hospital\system\Commands\Server\rewrite.php(43): require_once('C:\\xampp\\htdocs...')
#10 {main}
CRITICAL - 2021-12-29 10:44:51 --> Undefined variable $session
#0 C:\xampp\htdocs\hospital\app\Views\layout\main_wrapper.php(89): CodeIgniter\Debug\Exceptions->errorHandler(2, 'Undefined varia...', 'C:\\xampp\\htdocs...', 89)
#1 C:\xampp\htdocs\hospital\system\View\View.php(214): include('C:\\xampp\\htdocs...')
#2 C:\xampp\htdocs\hospital\system\View\View.php(217): CodeIgniter\View\View->CodeIgniter\View\{closure}()
#3 C:\xampp\htdocs\hospital\system\Common.php(1097): CodeIgniter\View\View->render('layout/main_wra...', Array, true)
#4 C:\xampp\htdocs\hospital\app\Controllers\Dashboard.php(16): view('layout/main_wra...', Array)
#5 C:\xampp\htdocs\hospital\system\CodeIgniter.php(824): App\Controllers\Dashboard->index()
#6 C:\xampp\htdocs\hospital\system\CodeIgniter.php(410): CodeIgniter\CodeIgniter->runController(Object(App\Controllers\Dashboard))
#7 C:\xampp\htdocs\hospital\system\CodeIgniter.php(318): CodeIgniter\CodeIgniter->handleRequest(NULL, Object(Config\Cache), false)
#8 C:\xampp\htdocs\hospital\public\index.php(37): CodeIgniter\CodeIgniter->run()
#9 C:\xampp\htdocs\hospital\system\Commands\Server\rewrite.php(43): require_once('C:\\xampp\\htdocs...')
#10 {main}
CRITICAL - 2021-12-29 10:47:14 --> Call to undefined function html_escape()
#0 C:\xampp\htdocs\hospital\system\View\View.php(214): include()
#1 C:\xampp\htdocs\hospital\system\View\View.php(217): CodeIgniter\View\View->CodeIgniter\View\{closure}()
#2 C:\xampp\htdocs\hospital\system\Common.php(1097): CodeIgniter\View\View->render('layout/main_wra...', Array, true)
#3 C:\xampp\htdocs\hospital\app\Controllers\Dashboard.php(17): view('layout/main_wra...', Array)
#4 C:\xampp\htdocs\hospital\system\CodeIgniter.php(824): App\Controllers\Dashboard->index()
#5 C:\xampp\htdocs\hospital\system\CodeIgniter.php(410): CodeIgniter\CodeIgniter->runController(Object(App\Controllers\Dashboard))
#6 C:\xampp\htdocs\hospital\system\CodeIgniter.php(318): CodeIgniter\CodeIgniter->handleRequest(NULL, Object(Config\Cache), false)
#7 C:\xampp\htdocs\hospital\public\index.php(37): CodeIgniter\CodeIgniter->run()
#8 C:\xampp\htdocs\hospital\system\Commands\Server\rewrite.php(43): require_once('C:\\xampp\\htdocs...')
#9 {main}
CRITICAL - 2021-12-29 10:50:17 --> Undefined property: CodeIgniter\View\View::$session
#0 C:\xampp\htdocs\hospital\app\Views\layout\main_wrapper.php(104): CodeIgniter\Debug\Exceptions->errorHandler(2, 'Undefined prope...', 'C:\\xampp\\htdocs...', 104)
#1 C:\xampp\htdocs\hospital\system\View\View.php(214): include('C:\\xampp\\htdocs...')
#2 C:\xampp\htdocs\hospital\system\View\View.php(217): CodeIgniter\View\View->CodeIgniter\View\{closure}()
#3 C:\xampp\htdocs\hospital\system\Common.php(1097): CodeIgniter\View\View->render('layout/main_wra...', Array, true)
#4 C:\xampp\htdocs\hospital\app\Controllers\Dashboard.php(17): view('layout/main_wra...', Array)
#5 C:\xampp\htdocs\hospital\system\CodeIgniter.php(824): App\Controllers\Dashboard->index()
#6 C:\xampp\htdocs\hospital\system\CodeIgniter.php(410): CodeIgniter\CodeIgniter->runController(Object(App\Controllers\Dashboard))
#7 C:\xampp\htdocs\hospital\system\CodeIgniter.php(318): CodeIgniter\CodeIgniter->handleRequest(NULL, Object(Config\Cache), false)
#8 C:\xampp\htdocs\hospital\public\index.php(37): CodeIgniter\CodeIgniter->run()
#9 C:\xampp\htdocs\hospital\system\Commands\Server\rewrite.php(43): require_once('C:\\xampp\\htdocs...')
#10 {main}
CRITICAL - 2021-12-29 10:51:45 --> Undefined property: CodeIgniter\View\View::$uri
#0 C:\xampp\htdocs\hospital\app\Views\layout\main_wrapper.php(110): CodeIgniter\Debug\Exceptions->errorHandler(2, 'Undefined prope...', 'C:\\xampp\\htdocs...', 110)
#1 C:\xampp\htdocs\hospital\system\View\View.php(214): include('C:\\xampp\\htdocs...')
#2 C:\xampp\htdocs\hospital\system\View\View.php(217): CodeIgniter\View\View->CodeIgniter\View\{closure}()
#3 C:\xampp\htdocs\hospital\system\Common.php(1097): CodeIgniter\View\View->render('layout/main_wra...', Array, true)
#4 C:\xampp\htdocs\hospital\app\Controllers\Dashboard.php(17): view('layout/main_wra...', Array)
#5 C:\xampp\htdocs\hospital\system\CodeIgniter.php(824): App\Controllers\Dashboard->index()
#6 C:\xampp\htdocs\hospital\system\CodeIgniter.php(410): CodeIgniter\CodeIgniter->runController(Object(App\Controllers\Dashboard))
#7 C:\xampp\htdocs\hospital\system\CodeIgniter.php(318): CodeIgniter\CodeIgniter->handleRequest(NULL, Object(Config\Cache), false)
#8 C:\xampp\htdocs\hospital\public\index.php(37): CodeIgniter\CodeIgniter->run()
#9 C:\xampp\htdocs\hospital\system\Commands\Server\rewrite.php(43): require_once('C:\\xampp\\htdocs...')
#10 {main}
CRITICAL - 2021-12-29 11:00:37 --> Undefined property: CodeIgniter\View\View::$uri
#0 C:\xampp\htdocs\hospital\app\Views\layout\main_wrapper.php(110): CodeIgniter\Debug\Exceptions->errorHandler(2, 'Undefined prope...', 'C:\\xampp\\htdocs...', 110)
#1 C:\xampp\htdocs\hospital\system\View\View.php(214): include('C:\\xampp\\htdocs...')
#2 C:\xampp\htdocs\hospital\system\View\View.php(217): CodeIgniter\View\View->CodeIgniter\View\{closure}()
#3 C:\xampp\htdocs\hospital\system\Common.php(1097): CodeIgniter\View\View->render('layout/main_wra...', Array, true)
#4 C:\xampp\htdocs\hospital\app\Controllers\Dashboard.php(21): view('layout/main_wra...', Array)
#5 C:\xampp\htdocs\hospital\system\CodeIgniter.php(824): App\Controllers\Dashboard->index()
#6 C:\xampp\htdocs\hospital\system\CodeIgniter.php(410): CodeIgniter\CodeIgniter->runController(Object(App\Controllers\Dashboard))
#7 C:\xampp\htdocs\hospital\system\CodeIgniter.php(318): CodeIgniter\CodeIgniter->handleRequest(NULL, Object(Config\Cache), false)
#8 C:\xampp\htdocs\hospital\public\index.php(37): CodeIgniter\CodeIgniter->run()
#9 C:\xampp\htdocs\hospital\system\Commands\Server\rewrite.php(43): require_once('C:\\xampp\\htdocs...')
#10 {main}
CRITICAL - 2021-12-29 11:01:28 --> Undefined variable $uri
#0 C:\xampp\htdocs\hospital\app\Views\layout\main_wrapper.php(110): CodeIgniter\Debug\Exceptions->errorHandler(2, 'Undefined varia...', 'C:\\xampp\\htdocs...', 110)
#1 C:\xampp\htdocs\hospital\system\View\View.php(214): include('C:\\xampp\\htdocs...')
#2 C:\xampp\htdocs\hospital\system\View\View.php(217): CodeIgniter\View\View->CodeIgniter\View\{closure}()
#3 C:\xampp\htdocs\hospital\system\Common.php(1097): CodeIgniter\View\View->render('layout/main_wra...', Array, true)
#4 C:\xampp\htdocs\hospital\app\Controllers\Dashboard.php(21): view('layout/main_wra...', Array)
#5 C:\xampp\htdocs\hospital\system\CodeIgniter.php(824): App\Controllers\Dashboard->index()
#6 C:\xampp\htdocs\hospital\system\CodeIgniter.php(410): CodeIgniter\CodeIgniter->runController(Object(App\Controllers\Dashboard))
#7 C:\xampp\htdocs\hospital\system\CodeIgniter.php(318): CodeIgniter\CodeIgniter->handleRequest(NULL, Object(Config\Cache), false)
#8 C:\xampp\htdocs\hospital\public\index.php(37): CodeIgniter\CodeIgniter->run()
#9 C:\xampp\htdocs\hospital\system\Commands\Server\rewrite.php(43): require_once('C:\\xampp\\htdocs...')
#10 {main}
CRITICAL - 2021-12-29 11:02:05 --> Undefined variable $uri
#0 C:\xampp\htdocs\hospital\app\Views\layout\main_wrapper.php(110): CodeIgniter\Debug\Exceptions->errorHandler(2, 'Undefined varia...', 'C:\\xampp\\htdocs...', 110)
#1 C:\xampp\htdocs\hospital\system\View\View.php(214): include('C:\\xampp\\htdocs...')
#2 C:\xampp\htdocs\hospital\system\View\View.php(217): CodeIgniter\View\View->CodeIgniter\View\{closure}()
#3 C:\xampp\htdocs\hospital\system\Common.php(1097): CodeIgniter\View\View->render('layout/main_wra...', Array, true)
#4 C:\xampp\htdocs\hospital\app\Controllers\Dashboard.php(21): view('layout/main_wra...', Array)
#5 C:\xampp\htdocs\hospital\system\CodeIgniter.php(824): App\Controllers\Dashboard->index()
#6 C:\xampp\htdocs\hospital\system\CodeIgniter.php(410): CodeIgniter\CodeIgniter->runController(Object(App\Controllers\Dashboard))
#7 C:\xampp\htdocs\hospital\system\CodeIgniter.php(318): CodeIgniter\CodeIgniter->handleRequest(NULL, Object(Config\Cache), false)
#8 C:\xampp\htdocs\hospital\public\index.php(37): CodeIgniter\CodeIgniter->run()
#9 C:\xampp\htdocs\hospital\system\Commands\Server\rewrite.php(43): require_once('C:\\xampp\\htdocs...')
#10 {main}
CRITICAL - 2021-12-29 11:02:06 --> Undefined variable $uri
#0 C:\xampp\htdocs\hospital\app\Views\layout\main_wrapper.php(110): CodeIgniter\Debug\Exceptions->errorHandler(2, 'Undefined varia...', 'C:\\xampp\\htdocs...', 110)
#1 C:\xampp\htdocs\hospital\system\View\View.php(214): include('C:\\xampp\\htdocs...')
#2 C:\xampp\htdocs\hospital\system\View\View.php(217): CodeIgniter\View\View->CodeIgniter\View\{closure}()
#3 C:\xampp\htdocs\hospital\system\Common.php(1097): CodeIgniter\View\View->render('layout/main_wra...', Array, true)
#4 C:\xampp\htdocs\hospital\app\Controllers\Dashboard.php(21): view('layout/main_wra...', Array)
#5 C:\xampp\htdocs\hospital\system\CodeIgniter.php(824): App\Controllers\Dashboard->index()
#6 C:\xampp\htdocs\hospital\system\CodeIgniter.php(410): CodeIgniter\CodeIgniter->runController(Object(App\Controllers\Dashboard))
#7 C:\xampp\htdocs\hospital\system\CodeIgniter.php(318): CodeIgniter\CodeIgniter->handleRequest(NULL, Object(Config\Cache), false)
#8 C:\xampp\htdocs\hospital\public\index.php(37): CodeIgniter\CodeIgniter->run()
#9 C:\xampp\htdocs\hospital\system\Commands\Server\rewrite.php(43): require_once('C:\\xampp\\htdocs...')
#10 {main}
CRITICAL - 2021-12-29 11:08:45 --> Attempt to read property "uri" on null
#0 C:\xampp\htdocs\hospital\app\Controllers\Dashboard.php(8): CodeIgniter\Debug\Exceptions->errorHandler(2, 'Attempt to read...', 'C:\\xampp\\htdocs...', 8)
#1 C:\xampp\htdocs\hospital\system\CodeIgniter.php(801): App\Controllers\Dashboard->__construct()
#2 C:\xampp\htdocs\hospital\system\CodeIgniter.php(401): CodeIgniter\CodeIgniter->createController()
#3 C:\xampp\htdocs\hospital\system\CodeIgniter.php(318): CodeIgniter\CodeIgniter->handleRequest(NULL, Object(Config\Cache), false)
#4 C:\xampp\htdocs\hospital\public\index.php(37): CodeIgniter\CodeIgniter->run()
#5 C:\xampp\htdocs\hospital\system\Commands\Server\rewrite.php(43): require_once('C:\\xampp\\htdocs...')
#6 {main}
CRITICAL - 2021-12-29 11:18:30 --> Attempt to read property "uri" on null
#0 C:\xampp\htdocs\hospital\app\Controllers\Dashboard.php(8): CodeIgniter\Debug\Exceptions->errorHandler(2, 'Attempt to read...', 'C:\\xampp\\htdocs...', 8)
#1 C:\xampp\htdocs\hospital\system\CodeIgniter.php(801): App\Controllers\Dashboard->__construct()
#2 C:\xampp\htdocs\hospital\system\CodeIgniter.php(401): CodeIgniter\CodeIgniter->createController()
#3 C:\xampp\htdocs\hospital\system\CodeIgniter.php(318): CodeIgniter\CodeIgniter->handleRequest(NULL, Object(Config\Cache), false)
#4 C:\xampp\htdocs\hospital\public\index.php(37): CodeIgniter\CodeIgniter->run()
#5 C:\xampp\htdocs\hospital\system\Commands\Server\rewrite.php(43): require_once('C:\\xampp\\htdocs...')
#6 {main}
CRITICAL - 2021-12-29 11:18:33 --> Attempt to read property "uri" on null
#0 C:\xampp\htdocs\hospital\app\Controllers\Dashboard.php(8): CodeIgniter\Debug\Exceptions->errorHandler(2, 'Attempt to read...', 'C:\\xampp\\htdocs...', 8)
#1 C:\xampp\htdocs\hospital\system\CodeIgniter.php(801): App\Controllers\Dashboard->__construct()
#2 C:\xampp\htdocs\hospital\system\CodeIgniter.php(401): CodeIgniter\CodeIgniter->createController()
#3 C:\xampp\htdocs\hospital\system\CodeIgniter.php(318): CodeIgniter\CodeIgniter->handleRequest(NULL, Object(Config\Cache), false)
#4 C:\xampp\htdocs\hospital\public\index.php(37): CodeIgniter\CodeIgniter->run()
#5 C:\xampp\htdocs\hospital\system\Commands\Server\rewrite.php(43): require_once('C:\\xampp\\htdocs...')
#6 {main}
CRITICAL - 2021-12-29 11:18:41 --> Undefined property: CodeIgniter\View\View::$uri
#0 C:\xampp\htdocs\hospital\app\Views\layout\main_wrapper.php(110): CodeIgniter\Debug\Exceptions->errorHandler(2, 'Undefined prope...', 'C:\\xampp\\htdocs...', 110)
#1 C:\xampp\htdocs\hospital\system\View\View.php(214): include('C:\\xampp\\htdocs...')
#2 C:\xampp\htdocs\hospital\system\View\View.php(217): CodeIgniter\View\View->CodeIgniter\View\{closure}()
#3 C:\xampp\htdocs\hospital\system\Common.php(1097): CodeIgniter\View\View->render('layout/main_wra...', Array, true)
#4 C:\xampp\htdocs\hospital\app\Controllers\Dashboard.php(20): view('layout/main_wra...', Array)
#5 C:\xampp\htdocs\hospital\system\CodeIgniter.php(824): App\Controllers\Dashboard->index()
#6 C:\xampp\htdocs\hospital\system\CodeIgniter.php(410): CodeIgniter\CodeIgniter->runController(Object(App\Controllers\Dashboard))
#7 C:\xampp\htdocs\hospital\system\CodeIgniter.php(318): CodeIgniter\CodeIgniter->handleRequest(NULL, Object(Config\Cache), false)
#8 C:\xampp\htdocs\hospital\public\index.php(37): CodeIgniter\CodeIgniter->run()
#9 C:\xampp\htdocs\hospital\system\Commands\Server\rewrite.php(43): require_once('C:\\xampp\\htdocs...')
#10 {main}
CRITICAL - 2021-12-29 11:25:35 --> Undefined variable $uri
#0 C:\xampp\htdocs\hospital\app\Views\layout\main_wrapper.php(110): CodeIgniter\Debug\Exceptions->errorHandler(2, 'Undefined varia...', 'C:\\xampp\\htdocs...', 110)
#1 C:\xampp\htdocs\hospital\system\View\View.php(214): include('C:\\xampp\\htdocs...')
#2 C:\xampp\htdocs\hospital\system\View\View.php(217): CodeIgniter\View\View->CodeIgniter\View\{closure}()
#3 C:\xampp\htdocs\hospital\system\Common.php(1097): CodeIgniter\View\View->render('layout/main_wra...', Array, true)
#4 C:\xampp\htdocs\hospital\app\Controllers\Dashboard.php(21): view('layout/main_wra...', Array)
#5 C:\xampp\htdocs\hospital\system\CodeIgniter.php(824): App\Controllers\Dashboard->index()
#6 C:\xampp\htdocs\hospital\system\CodeIgniter.php(410): CodeIgniter\CodeIgniter->runController(Object(App\Controllers\Dashboard))
#7 C:\xampp\htdocs\hospital\system\CodeIgniter.php(318): CodeIgniter\CodeIgniter->handleRequest(NULL, Object(Config\Cache), false)
#8 C:\xampp\htdocs\hospital\public\index.php(37): CodeIgniter\CodeIgniter->run()
#9 C:\xampp\htdocs\hospital\system\Commands\Server\rewrite.php(43): require_once('C:\\xampp\\htdocs...')
#10 {main}
CRITICAL - 2021-12-29 11:26:05 --> Undefined constant "uri"
#0 C:\xampp\htdocs\hospital\system\View\View.php(214): include()
#1 C:\xampp\htdocs\hospital\system\View\View.php(217): CodeIgniter\View\View->CodeIgniter\View\{closure}()
#2 C:\xampp\htdocs\hospital\system\Common.php(1097): CodeIgniter\View\View->render('layout/main_wra...', Array, true)
#3 C:\xampp\htdocs\hospital\app\Controllers\Dashboard.php(21): view('layout/main_wra...', Array)
#4 C:\xampp\htdocs\hospital\system\CodeIgniter.php(824): App\Controllers\Dashboard->index()
#5 C:\xampp\htdocs\hospital\system\CodeIgniter.php(410): CodeIgniter\CodeIgniter->runController(Object(App\Controllers\Dashboard))
#6 C:\xampp\htdocs\hospital\system\CodeIgniter.php(318): CodeIgniter\CodeIgniter->handleRequest(NULL, Object(Config\Cache), false)
#7 C:\xampp\htdocs\hospital\public\index.php(37): CodeIgniter\CodeIgniter->run()
#8 C:\xampp\htdocs\hospital\system\Commands\Server\rewrite.php(43): require_once('C:\\xampp\\htdocs...')
#9 {main}
CRITICAL - 2021-12-29 11:26:26 --> Call to undefined function uri()
#0 C:\xampp\htdocs\hospital\system\View\View.php(214): include()
#1 C:\xampp\htdocs\hospital\system\View\View.php(217): CodeIgniter\View\View->CodeIgniter\View\{closure}()
#2 C:\xampp\htdocs\hospital\system\Common.php(1097): CodeIgniter\View\View->render('layout/main_wra...', Array, true)
#3 C:\xampp\htdocs\hospital\app\Controllers\Dashboard.php(21): view('layout/main_wra...', Array)
#4 C:\xampp\htdocs\hospital\system\CodeIgniter.php(824): App\Controllers\Dashboard->index()
#5 C:\xampp\htdocs\hospital\system\CodeIgniter.php(410): CodeIgniter\CodeIgniter->runController(Object(App\Controllers\Dashboard))
#6 C:\xampp\htdocs\hospital\system\CodeIgniter.php(318): CodeIgniter\CodeIgniter->handleRequest(NULL, Object(Config\Cache), false)
#7 C:\xampp\htdocs\hospital\public\index.php(37): CodeIgniter\CodeIgniter->run()
#8 C:\xampp\htdocs\hospital\system\Commands\Server\rewrite.php(43): require_once('C:\\xampp\\htdocs...')
#9 {main}
CRITICAL - 2021-12-29 11:32:52 --> Call to undefined function uri()
#0 C:\xampp\htdocs\hospital\system\View\View.php(214): include()
#1 C:\xampp\htdocs\hospital\system\View\View.php(217): CodeIgniter\View\View->CodeIgniter\View\{closure}()
#2 C:\xampp\htdocs\hospital\system\Common.php(1097): CodeIgniter\View\View->render('layout/main_wra...', Array, true)
#3 C:\xampp\htdocs\hospital\app\Controllers\Dashboard.php(22): view('layout/main_wra...', Array)
#4 C:\xampp\htdocs\hospital\system\CodeIgniter.php(824): App\Controllers\Dashboard->index()
#5 C:\xampp\htdocs\hospital\system\CodeIgniter.php(410): CodeIgniter\CodeIgniter->runController(Object(App\Controllers\Dashboard))
#6 C:\xampp\htdocs\hospital\system\CodeIgniter.php(318): CodeIgniter\CodeIgniter->handleRequest(NULL, Object(Config\Cache), false)
#7 C:\xampp\htdocs\hospital\public\index.php(37): CodeIgniter\CodeIgniter->run()
#8 C:\xampp\htdocs\hospital\system\Commands\Server\rewrite.php(43): require_once('C:\\xampp\\htdocs...')
#9 {main}
CRITICAL - 2021-12-29 11:33:16 --> Call to undefined method CodeIgniter\HTTP\URI::segment()
#0 C:\xampp\htdocs\hospital\system\View\View.php(214): include()
#1 C:\xampp\htdocs\hospital\system\View\View.php(217): CodeIgniter\View\View->CodeIgniter\View\{closure}()
#2 C:\xampp\htdocs\hospital\system\Common.php(1097): CodeIgniter\View\View->render('layout/main_wra...', Array, true)
#3 C:\xampp\htdocs\hospital\app\Controllers\Dashboard.php(22): view('layout/main_wra...', Array)
#4 C:\xampp\htdocs\hospital\system\CodeIgniter.php(824): App\Controllers\Dashboard->index()
#5 C:\xampp\htdocs\hospital\system\CodeIgniter.php(410): CodeIgniter\CodeIgniter->runController(Object(App\Controllers\Dashboard))
#6 C:\xampp\htdocs\hospital\system\CodeIgniter.php(318): CodeIgniter\CodeIgniter->handleRequest(NULL, Object(Config\Cache), false)
#7 C:\xampp\htdocs\hospital\public\index.php(37): CodeIgniter\CodeIgniter->run()
#8 C:\xampp\htdocs\hospital\system\Commands\Server\rewrite.php(43): require_once('C:\\xampp\\htdocs...')
#9 {main}
CRITICAL - 2021-12-29 11:33:45 --> Undefined property: CodeIgniter\View\View::$uri
#0 C:\xampp\htdocs\hospital\app\Views\layout\main_wrapper.php(215): CodeIgniter\Debug\Exceptions->errorHandler(2, 'Undefined prope...', 'C:\\xampp\\htdocs...', 215)
#1 C:\xampp\htdocs\hospital\system\View\View.php(214): include('C:\\xampp\\htdocs...')
#2 C:\xampp\htdocs\hospital\system\View\View.php(217): CodeIgniter\View\View->CodeIgniter\View\{closure}()
#3 C:\xampp\htdocs\hospital\system\Common.php(1097): CodeIgniter\View\View->render('layout/main_wra...', Array, true)
#4 C:\xampp\htdocs\hospital\app\Controllers\Dashboard.php(22): view('layout/main_wra...', Array)
#5 C:\xampp\htdocs\hospital\system\CodeIgniter.php(824): App\Controllers\Dashboard->index()
#6 C:\xampp\htdocs\hospital\system\CodeIgniter.php(410): CodeIgniter\CodeIgniter->runController(Object(App\Controllers\Dashboard))
#7 C:\xampp\htdocs\hospital\system\CodeIgniter.php(318): CodeIgniter\CodeIgniter->handleRequest(NULL, Object(Config\Cache), false)
#8 C:\xampp\htdocs\hospital\public\index.php(37): CodeIgniter\CodeIgniter->run()
#9 C:\xampp\htdocs\hospital\system\Commands\Server\rewrite.php(43): require_once('C:\\xampp\\htdocs...')
#10 {main}
CRITICAL - 2021-12-29 11:34:15 --> Undefined property: CodeIgniter\View\View::$uri
#0 C:\xampp\htdocs\hospital\app\Views\layout\main_wrapper.php(214): CodeIgniter\Debug\Exceptions->errorHandler(2, 'Undefined prope...', 'C:\\xampp\\htdocs...', 214)
#1 C:\xampp\htdocs\hospital\system\View\View.php(214): include('C:\\xampp\\htdocs...')
#2 C:\xampp\htdocs\hospital\system\View\View.php(217): CodeIgniter\View\View->CodeIgniter\View\{closure}()
#3 C:\xampp\htdocs\hospital\system\Common.php(1097): CodeIgniter\View\View->render('layout/main_wra...', Array, true)
#4 C:\xampp\htdocs\hospital\app\Controllers\Dashboard.php(22): view('layout/main_wra...', Array)
#5 C:\xampp\htdocs\hospital\system\CodeIgniter.php(824): App\Controllers\Dashboard->index()
#6 C:\xampp\htdocs\hospital\system\CodeIgniter.php(410): CodeIgniter\CodeIgniter->runController(Object(App\Controllers\Dashboard))
#7 C:\xampp\htdocs\hospital\system\CodeIgniter.php(318): CodeIgniter\CodeIgniter->handleRequest(NULL, Object(Config\Cache), false)
#8 C:\xampp\htdocs\hospital\public\index.php(37): CodeIgniter\CodeIgniter->run()
#9 C:\xampp\htdocs\hospital\system\Commands\Server\rewrite.php(43): require_once('C:\\xampp\\htdocs...')
#10 {main}
CRITICAL - 2021-12-29 11:35:00 --> Undefined variable $uri
#0 C:\xampp\htdocs\hospital\app\Views\layout\main_wrapper.php(110): CodeIgniter\Debug\Exceptions->errorHandler(2, 'Undefined varia...', 'C:\\xampp\\htdocs...', 110)
#1 C:\xampp\htdocs\hospital\system\View\View.php(214): include('C:\\xampp\\htdocs...')
#2 C:\xampp\htdocs\hospital\system\View\View.php(217): CodeIgniter\View\View->CodeIgniter\View\{closure}()
#3 C:\xampp\htdocs\hospital\system\Common.php(1097): CodeIgniter\View\View->render('layout/main_wra...', Array, true)
#4 C:\xampp\htdocs\hospital\app\Controllers\Dashboard.php(22): view('layout/main_wra...', Array)
#5 C:\xampp\htdocs\hospital\system\CodeIgniter.php(824): App\Controllers\Dashboard->index()
#6 C:\xampp\htdocs\hospital\system\CodeIgniter.php(410): CodeIgniter\CodeIgniter->runController(Object(App\Controllers\Dashboard))
#7 C:\xampp\htdocs\hospital\system\CodeIgniter.php(318): CodeIgniter\CodeIgniter->handleRequest(NULL, Object(Config\Cache), false)
#8 C:\xampp\htdocs\hospital\public\index.php(37): CodeIgniter\CodeIgniter->run()
#9 C:\xampp\htdocs\hospital\system\Commands\Server\rewrite.php(43): require_once('C:\\xampp\\htdocs...')
#10 {main}
CRITICAL - 2021-12-29 11:35:24 --> Undefined property: CodeIgniter\View\View::$uri
#0 C:\xampp\htdocs\hospital\app\Views\layout\main_wrapper.php(214): CodeIgniter\Debug\Exceptions->errorHandler(2, 'Undefined prope...', 'C:\\xampp\\htdocs...', 214)
#1 C:\xampp\htdocs\hospital\system\View\View.php(214): include('C:\\xampp\\htdocs...')
#2 C:\xampp\htdocs\hospital\system\View\View.php(217): CodeIgniter\View\View->CodeIgniter\View\{closure}()
#3 C:\xampp\htdocs\hospital\system\Common.php(1097): CodeIgniter\View\View->render('layout/main_wra...', Array, true)
#4 C:\xampp\htdocs\hospital\app\Controllers\Dashboard.php(22): view('layout/main_wra...', Array)
#5 C:\xampp\htdocs\hospital\system\CodeIgniter.php(824): App\Controllers\Dashboard->index()
#6 C:\xampp\htdocs\hospital\system\CodeIgniter.php(410): CodeIgniter\CodeIgniter->runController(Object(App\Controllers\Dashboard))
#7 C:\xampp\htdocs\hospital\system\CodeIgniter.php(318): CodeIgniter\CodeIgniter->handleRequest(NULL, Object(Config\Cache), false)
#8 C:\xampp\htdocs\hospital\public\index.php(37): CodeIgniter\CodeIgniter->run()
#9 C:\xampp\htdocs\hospital\system\Commands\Server\rewrite.php(43): require_once('C:\\xampp\\htdocs...')
#10 {main}
CRITICAL - 2021-12-29 11:36:22 --> Undefined property: CodeIgniter\View\View::$uri
#0 C:\xampp\htdocs\hospital\app\Views\layout\main_wrapper.php(214): CodeIgniter\Debug\Exceptions->errorHandler(2, 'Undefined prope...', 'C:\\xampp\\htdocs...', 214)
#1 C:\xampp\htdocs\hospital\system\View\View.php(214): include('C:\\xampp\\htdocs...')
#2 C:\xampp\htdocs\hospital\system\View\View.php(217): CodeIgniter\View\View->CodeIgniter\View\{closure}()
#3 C:\xampp\htdocs\hospital\system\Common.php(1097): CodeIgniter\View\View->render('layout/main_wra...', Array, true)
#4 C:\xampp\htdocs\hospital\app\Controllers\Dashboard.php(22): view('layout/main_wra...', Array)
#5 C:\xampp\htdocs\hospital\system\CodeIgniter.php(824): App\Controllers\Dashboard->index()
#6 C:\xampp\htdocs\hospital\system\CodeIgniter.php(410): CodeIgniter\CodeIgniter->runController(Object(App\Controllers\Dashboard))
#7 C:\xampp\htdocs\hospital\system\CodeIgniter.php(318): CodeIgniter\CodeIgniter->handleRequest(NULL, Object(Config\Cache), false)
#8 C:\xampp\htdocs\hospital\public\index.php(37): CodeIgniter\CodeIgniter->run()
#9 C:\xampp\htdocs\hospital\system\Commands\Server\rewrite.php(43): require_once('C:\\xampp\\htdocs...')
#10 {main}
CRITICAL - 2021-12-29 13:53:51 --> Object of class CodeIgniter\Session\Session could not be converted to string
#0 C:\xampp\htdocs\hospital\system\View\View.php(214): include()
#1 C:\xampp\htdocs\hospital\system\View\View.php(217): CodeIgniter\View\View->CodeIgniter\View\{closure}()
#2 C:\xampp\htdocs\hospital\system\Common.php(1097): CodeIgniter\View\View->render('layout/main_wra...', Array, true)
#3 C:\xampp\htdocs\hospital\app\Controllers\Dashboard.php(22): view('layout/main_wra...', Array)
#4 C:\xampp\htdocs\hospital\system\CodeIgniter.php(824): App\Controllers\Dashboard->index()
#5 C:\xampp\htdocs\hospital\system\CodeIgniter.php(410): CodeIgniter\CodeIgniter->runController(Object(App\Controllers\Dashboard))
#6 C:\xampp\htdocs\hospital\system\CodeIgniter.php(318): CodeIgniter\CodeIgniter->handleRequest(NULL, Object(Config\Cache), false)
#7 C:\xampp\htdocs\hospital\public\index.php(37): CodeIgniter\CodeIgniter->run()
#8 C:\xampp\htdocs\hospital\system\Commands\Server\rewrite.php(43): require_once('C:\\xampp\\htdocs...')
#9 {main}
CRITICAL - 2021-12-29 15:23:01 --> Undefined variable $session
#0 C:\xampp\htdocs\hospital\app\Views\layout\main_wrapper.php(86): CodeIgniter\Debug\Exceptions->errorHandler(2, 'Undefined varia...', 'C:\\xampp\\htdocs...', 86)
#1 C:\xampp\htdocs\hospital\system\View\View.php(214): include('C:\\xampp\\htdocs...')
#2 C:\xampp\htdocs\hospital\system\View\View.php(217): CodeIgniter\View\View->CodeIgniter\View\{closure}()
#3 C:\xampp\htdocs\hospital\system\Common.php(1097): CodeIgniter\View\View->render('layout/main_wra...', Array, true)
#4 C:\xampp\htdocs\hospital\app\Controllers\Dashboard.php(23): view('layout/main_wra...', Array)
#5 C:\xampp\htdocs\hospital\system\CodeIgniter.php(824): App\Controllers\Dashboard->index()
#6 C:\xampp\htdocs\hospital\system\CodeIgniter.php(410): CodeIgniter\CodeIgniter->runController(Object(App\Controllers\Dashboard))
#7 C:\xampp\htdocs\hospital\system\CodeIgniter.php(318): CodeIgniter\CodeIgniter->handleRequest(NULL, Object(Config\Cache), false)
#8 C:\xampp\htdocs\hospital\public\index.php(37): CodeIgniter\CodeIgniter->run()
#9 C:\xampp\htdocs\hospital\system\Commands\Server\rewrite.php(43): require_once('C:\\xampp\\htdocs...')
#10 {main}
CRITICAL - 2021-12-29 15:42:52 --> Undefined property: CodeIgniter\View\View::$uri
#0 C:\xampp\htdocs\hospital\app\Views\layout\main_wrapper.php(319): CodeIgniter\Debug\Exceptions->errorHandler(2, 'Undefined prope...', 'C:\\xampp\\htdocs...', 319)
#1 C:\xampp\htdocs\hospital\system\View\View.php(214): include('C:\\xampp\\htdocs...')
#2 C:\xampp\htdocs\hospital\system\View\View.php(217): CodeIgniter\View\View->CodeIgniter\View\{closure}()
#3 C:\xampp\htdocs\hospital\system\Common.php(1097): CodeIgniter\View\View->render('layout/main_wra...', Array, true)
#4 C:\xampp\htdocs\hospital\app\Controllers\Dashboard.php(23): view('layout/main_wra...', Array)
#5 C:\xampp\htdocs\hospital\system\CodeIgniter.php(824): App\Controllers\Dashboard->index()
#6 C:\xampp\htdocs\hospital\system\CodeIgniter.php(410): CodeIgniter\CodeIgniter->runController(Object(App\Controllers\Dashboard))
#7 C:\xampp\htdocs\hospital\system\CodeIgniter.php(318): CodeIgniter\CodeIgniter->handleRequest(NULL, Object(Config\Cache), false)
#8 C:\xampp\htdocs\hospital\public\index.php(37): CodeIgniter\CodeIgniter->run()
#9 C:\xampp\htdocs\hospital\system\Commands\Server\rewrite.php(43): require_once('C:\\xampp\\htdocs...')
#10 {main}
CRITICAL - 2021-12-29 15:43:21 --> Call to undefined function html_escape()
#0 C:\xampp\htdocs\hospital\system\View\View.php(214): include()
#1 C:\xampp\htdocs\hospital\system\View\View.php(217): CodeIgniter\View\View->CodeIgniter\View\{closure}()
#2 C:\xampp\htdocs\hospital\system\Common.php(1097): CodeIgniter\View\View->render('layout/main_wra...', Array, true)
#3 C:\xampp\htdocs\hospital\app\Controllers\Dashboard.php(23): view('layout/main_wra...', Array)
#4 C:\xampp\htdocs\hospital\system\CodeIgniter.php(824): App\Controllers\Dashboard->index()
#5 C:\xampp\htdocs\hospital\system\CodeIgniter.php(410): CodeIgniter\CodeIgniter->runController(Object(App\Controllers\Dashboard))
#6 C:\xampp\htdocs\hospital\system\CodeIgniter.php(318): CodeIgniter\CodeIgniter->handleRequest(NULL, Object(Config\Cache), false)
#7 C:\xampp\htdocs\hospital\public\index.php(37): CodeIgniter\CodeIgniter->run()
#8 C:\xampp\htdocs\hospital\system\Commands\Server\rewrite.php(43): require_once('C:\\xampp\\htdocs...')
#9 {main}
CRITICAL - 2021-12-29 15:43:38 --> Undefined property: CodeIgniter\View\View::$security
#0 C:\xampp\htdocs\hospital\app\Views\layout\main_wrapper.php(328): CodeIgniter\Debug\Exceptions->errorHandler(2, 'Undefined prope...', 'C:\\xampp\\htdocs...', 328)
#1 C:\xampp\htdocs\hospital\system\View\View.php(214): include('C:\\xampp\\htdocs...')
#2 C:\xampp\htdocs\hospital\system\View\View.php(217): CodeIgniter\View\View->CodeIgniter\View\{closure}()
#3 C:\xampp\htdocs\hospital\system\Common.php(1097): CodeIgniter\View\View->render('layout/main_wra...', Array, true)
#4 C:\xampp\htdocs\hospital\app\Controllers\Dashboard.php(23): view('layout/main_wra...', Array)
#5 C:\xampp\htdocs\hospital\system\CodeIgniter.php(824): App\Controllers\Dashboard->index()
#6 C:\xampp\htdocs\hospital\system\CodeIgniter.php(410): CodeIgniter\CodeIgniter->runController(Object(App\Controllers\Dashboard))
#7 C:\xampp\htdocs\hospital\system\CodeIgniter.php(318): CodeIgniter\CodeIgniter->handleRequest(NULL, Object(Config\Cache), false)
#8 C:\xampp\htdocs\hospital\public\index.php(37): CodeIgniter\CodeIgniter->run()
#9 C:\xampp\htdocs\hospital\system\Commands\Server\rewrite.php(43): require_once('C:\\xampp\\htdocs...')
#10 {main}
CRITICAL - 2021-12-29 15:44:16 --> Undefined property: CodeIgniter\View\View::$session
#0 C:\xampp\htdocs\hospital\app\Views\layout\main_wrapper.php(329): CodeIgniter\Debug\Exceptions->errorHandler(2, 'Undefined prope...', 'C:\\xampp\\htdocs...', 329)
#1 C:\xampp\htdocs\hospital\system\View\View.php(214): include('C:\\xampp\\htdocs...')
#2 C:\xampp\htdocs\hospital\system\View\View.php(217): CodeIgniter\View\View->CodeIgniter\View\{closure}()
#3 C:\xampp\htdocs\hospital\system\Common.php(1097): CodeIgniter\View\View->render('layout/main_wra...', Array, true)
#4 C:\xampp\htdocs\hospital\app\Controllers\Dashboard.php(23): view('layout/main_wra...', Array)
#5 C:\xampp\htdocs\hospital\system\CodeIgniter.php(824): App\Controllers\Dashboard->index()
#6 C:\xampp\htdocs\hospital\system\CodeIgniter.php(410): CodeIgniter\CodeIgniter->runController(Object(App\Controllers\Dashboard))
#7 C:\xampp\htdocs\hospital\system\CodeIgniter.php(318): CodeIgniter\CodeIgniter->handleRequest(NULL, Object(Config\Cache), false)
#8 C:\xampp\htdocs\hospital\public\index.php(37): CodeIgniter\CodeIgniter->run()
#9 C:\xampp\htdocs\hospital\system\Commands\Server\rewrite.php(43): require_once('C:\\xampp\\htdocs...')
#10 {main}
CRITICAL - 2021-12-29 15:46:02 --> Call to undefined function validation_errors()
#0 C:\xampp\htdocs\hospital\system\View\View.php(214): include()
#1 C:\xampp\htdocs\hospital\system\View\View.php(217): CodeIgniter\View\View->CodeIgniter\View\{closure}()
#2 C:\xampp\htdocs\hospital\system\Common.php(1097): CodeIgniter\View\View->render('layout/main_wra...', Array, true)
#3 C:\xampp\htdocs\hospital\app\Controllers\Dashboard.php(23): view('layout/main_wra...', Array)
#4 C:\xampp\htdocs\hospital\system\CodeIgniter.php(824): App\Controllers\Dashboard->index()
#5 C:\xampp\htdocs\hospital\system\CodeIgniter.php(410): CodeIgniter\CodeIgniter->runController(Object(App\Controllers\Dashboard))
#6 C:\xampp\htdocs\hospital\system\CodeIgniter.php(318): CodeIgniter\CodeIgniter->handleRequest(NULL, Object(Config\Cache), false)
#7 C:\xampp\htdocs\hospital\public\index.php(37): CodeIgniter\CodeIgniter->run()
#8 C:\xampp\htdocs\hospital\system\Commands\Server\rewrite.php(43): require_once('C:\\xampp\\htdocs...')
#9 {main}
CRITICAL - 2021-12-29 16:18:46 --> Undefined variable $rules
#0 C:\xampp\htdocs\hospital\app\Controllers\Dashboard.php(19): CodeIgniter\Debug\Exceptions->errorHandler(2, 'Undefined varia...', 'C:\\xampp\\htdocs...', 19)
#1 C:\xampp\htdocs\hospital\system\CodeIgniter.php(824): App\Controllers\Dashboard->index()
#2 C:\xampp\htdocs\hospital\system\CodeIgniter.php(410): CodeIgniter\CodeIgniter->runController(Object(App\Controllers\Dashboard))
#3 C:\xampp\htdocs\hospital\system\CodeIgniter.php(318): CodeIgniter\CodeIgniter->handleRequest(NULL, Object(Config\Cache), false)
#4 C:\xampp\htdocs\hospital\public\index.php(37): CodeIgniter\CodeIgniter->run()
#5 C:\xampp\htdocs\hospital\system\Commands\Server\rewrite.php(43): require_once('C:\\xampp\\htdocs...')
#6 {main}
