CRITICAL - 2022-03-28 05:08:26 --> Undefined property: App\Controllers\Noticeboard::$noticeboard_model
#0 C:\wamp64\www\hospital-information-system\app\Controllers\Noticeboard.php(15): CodeIgniter\Debug\Exceptions->errorHandler(2, 'Undefined prope...', 'C:\\wamp64\\www\\h...', 15)
#1 C:\wamp64\www\hospital-information-system\system\CodeIgniter.php(824): App\Controllers\Noticeboard->index()
#2 C:\wamp64\www\hospital-information-system\system\CodeIgniter.php(410): CodeIgniter\CodeIgniter->runController(Object(App\Controllers\Noticeboard))
#3 C:\wamp64\www\hospital-information-system\system\CodeIgniter.php(318): CodeIgniter\CodeIgniter->handleRequest(NULL, Object(Config\Cache), false)
#4 C:\wamp64\www\hospital-information-system\public\index.php(37): CodeIgniter\CodeIgniter->run()
#5 C:\wamp64\www\hospital-information-system\system\Commands\Server\rewrite.php(43): require_once('C:\\wamp64\\www\\h...')
#6 {main}
CRITICAL - 2022-03-28 05:37:14 --> Undefined variable $uri
#0 C:\wamp64\www\hospital-information-system\app\Views\noticeboard\add.php(23): CodeIgniter\Debug\Exceptions->errorHandler(2, 'Undefined varia...', 'C:\\wamp64\\www\\h...', 23)
#1 C:\wamp64\www\hospital-information-system\system\View\View.php(214): include('C:\\wamp64\\www\\h...')
#2 C:\wamp64\www\hospital-information-system\system\View\View.php(217): CodeIgniter\View\View->CodeIgniter\View\{closure}()
#3 C:\wamp64\www\hospital-information-system\system\Common.php(1097): CodeIgniter\View\View->render('noticeboard/add', Array, true)
#4 C:\wamp64\www\hospital-information-system\app\Controllers\Noticeboard.php(23): view('noticeboard/add', Array)
#5 C:\wamp64\www\hospital-information-system\system\CodeIgniter.php(824): App\Controllers\Noticeboard->add()
#6 C:\wamp64\www\hospital-information-system\system\CodeIgniter.php(410): CodeIgniter\CodeIgniter->runController(Object(App\Controllers\Noticeboard))
#7 C:\wamp64\www\hospital-information-system\system\CodeIgniter.php(318): CodeIgniter\CodeIgniter->handleRequest(NULL, Object(Config\Cache), false)
#8 C:\wamp64\www\hospital-information-system\public\index.php(37): CodeIgniter\CodeIgniter->run()
#9 C:\wamp64\www\hospital-information-system\system\Commands\Server\rewrite.php(43): require_once('C:\\wamp64\\www\\h...')
#10 {main}
CRITICAL - 2022-03-28 08:47:17 --> Undefined variable $employee
#0 C:\wamp64\www\hospital-information-system\app\Views\noticeboard\index.php(38): CodeIgniter\Debug\Exceptions->errorHandler(2, 'Undefined varia...', 'C:\\wamp64\\www\\h...', 38)
#1 C:\wamp64\www\hospital-information-system\system\View\View.php(214): include('C:\\wamp64\\www\\h...')
#2 C:\wamp64\www\hospital-information-system\system\View\View.php(217): CodeIgniter\View\View->CodeIgniter\View\{closure}()
#3 C:\wamp64\www\hospital-information-system\system\Common.php(1097): CodeIgniter\View\View->render('noticeboard/ind...', Array, true)
#4 C:\wamp64\www\hospital-information-system\app\Controllers\Noticeboard.php(16): view('noticeboard/ind...', Array)
#5 C:\wamp64\www\hospital-information-system\system\CodeIgniter.php(824): App\Controllers\Noticeboard->index()
#6 C:\wamp64\www\hospital-information-system\system\CodeIgniter.php(410): CodeIgniter\CodeIgniter->runController(Object(App\Controllers\Noticeboard))
#7 C:\wamp64\www\hospital-information-system\system\CodeIgniter.php(318): CodeIgniter\CodeIgniter->handleRequest(NULL, Object(Config\Cache), false)
#8 C:\wamp64\www\hospital-information-system\public\index.php(37): CodeIgniter\CodeIgniter->run()
#9 C:\wamp64\www\hospital-information-system\system\Commands\Server\rewrite.php(43): require_once('C:\\wamp64\\www\\h...')
#10 {main}
CRITICAL - 2022-03-28 08:47:34 --> Undefined variable $employee
#0 C:\wamp64\www\hospital-information-system\app\Views\noticeboard\index.php(43): CodeIgniter\Debug\Exceptions->errorHandler(2, 'Undefined varia...', 'C:\\wamp64\\www\\h...', 43)
#1 C:\wamp64\www\hospital-information-system\system\View\View.php(214): include('C:\\wamp64\\www\\h...')
#2 C:\wamp64\www\hospital-information-system\system\View\View.php(217): CodeIgniter\View\View->CodeIgniter\View\{closure}()
#3 C:\wamp64\www\hospital-information-system\system\Common.php(1097): CodeIgniter\View\View->render('noticeboard/ind...', Array, true)
#4 C:\wamp64\www\hospital-information-system\app\Controllers\Noticeboard.php(16): view('noticeboard/ind...', Array)
#5 C:\wamp64\www\hospital-information-system\system\CodeIgniter.php(824): App\Controllers\Noticeboard->index()
#6 C:\wamp64\www\hospital-information-system\system\CodeIgniter.php(410): CodeIgniter\CodeIgniter->runController(Object(App\Controllers\Noticeboard))
#7 C:\wamp64\www\hospital-information-system\system\CodeIgniter.php(318): CodeIgniter\CodeIgniter->handleRequest(NULL, Object(Config\Cache), false)
#8 C:\wamp64\www\hospital-information-system\public\index.php(37): CodeIgniter\CodeIgniter->run()
#9 C:\wamp64\www\hospital-information-system\system\Commands\Server\rewrite.php(43): require_once('C:\\wamp64\\www\\h...')
#10 {main}
CRITICAL - 2022-03-28 08:47:36 --> Undefined variable $employee
#0 C:\wamp64\www\hospital-information-system\app\Views\noticeboard\index.php(43): CodeIgniter\Debug\Exceptions->errorHandler(2, 'Undefined varia...', 'C:\\wamp64\\www\\h...', 43)
#1 C:\wamp64\www\hospital-information-system\system\View\View.php(214): include('C:\\wamp64\\www\\h...')
#2 C:\wamp64\www\hospital-information-system\system\View\View.php(217): CodeIgniter\View\View->CodeIgniter\View\{closure}()
#3 C:\wamp64\www\hospital-information-system\system\Common.php(1097): CodeIgniter\View\View->render('noticeboard/ind...', Array, true)
#4 C:\wamp64\www\hospital-information-system\app\Controllers\Noticeboard.php(16): view('noticeboard/ind...', Array)
#5 C:\wamp64\www\hospital-information-system\system\CodeIgniter.php(824): App\Controllers\Noticeboard->index()
#6 C:\wamp64\www\hospital-information-system\system\CodeIgniter.php(410): CodeIgniter\CodeIgniter->runController(Object(App\Controllers\Noticeboard))
#7 C:\wamp64\www\hospital-information-system\system\CodeIgniter.php(318): CodeIgniter\CodeIgniter->handleRequest(NULL, Object(Config\Cache), false)
#8 C:\wamp64\www\hospital-information-system\public\index.php(37): CodeIgniter\CodeIgniter->run()
#9 C:\wamp64\www\hospital-information-system\system\Commands\Server\rewrite.php(43): require_once('C:\\wamp64\\www\\h...')
#10 {main}
CRITICAL - 2022-03-28 09:14:41 --> Call to undefined method App\Controllers\Noticeboard::getNoticeOr404()
#0 C:\wamp64\www\hospital-information-system\system\CodeIgniter.php(824): App\Controllers\Noticeboard->view('1')
#1 C:\wamp64\www\hospital-information-system\system\CodeIgniter.php(410): CodeIgniter\CodeIgniter->runController(Object(App\Controllers\Noticeboard))
#2 C:\wamp64\www\hospital-information-system\system\CodeIgniter.php(318): CodeIgniter\CodeIgniter->handleRequest(NULL, Object(Config\Cache), false)
#3 C:\wamp64\www\hospital-information-system\public\index.php(37): CodeIgniter\CodeIgniter->run()
#4 C:\wamp64\www\hospital-information-system\system\Commands\Server\rewrite.php(43): require_once('C:\\wamp64\\www\\h...')
#5 {main}
CRITICAL - 2022-03-28 09:20:26 --> Undefined variable $employee
#0 C:\wamp64\www\hospital-information-system\app\Views\noticeboard\view.php(36): CodeIgniter\Debug\Exceptions->errorHandler(2, 'Undefined varia...', 'C:\\wamp64\\www\\h...', 36)
#1 C:\wamp64\www\hospital-information-system\system\View\View.php(214): include('C:\\wamp64\\www\\h...')
#2 C:\wamp64\www\hospital-information-system\system\View\View.php(217): CodeIgniter\View\View->CodeIgniter\View\{closure}()
#3 C:\wamp64\www\hospital-information-system\system\Common.php(1097): CodeIgniter\View\View->render('noticeboard/vie...', Array, true)
#4 C:\wamp64\www\hospital-information-system\app\Controllers\Noticeboard.php(65): view('noticeboard/vie...', Array)
#5 C:\wamp64\www\hospital-information-system\system\CodeIgniter.php(824): App\Controllers\Noticeboard->view('1')
#6 C:\wamp64\www\hospital-information-system\system\CodeIgniter.php(410): CodeIgniter\CodeIgniter->runController(Object(App\Controllers\Noticeboard))
#7 C:\wamp64\www\hospital-information-system\system\CodeIgniter.php(318): CodeIgniter\CodeIgniter->handleRequest(NULL, Object(Config\Cache), false)
#8 C:\wamp64\www\hospital-information-system\public\index.php(37): CodeIgniter\CodeIgniter->run()
#9 C:\wamp64\www\hospital-information-system\system\Commands\Server\rewrite.php(43): require_once('C:\\wamp64\\www\\h...')
#10 {main}
CRITICAL - 2022-03-28 09:50:30 --> Undefined variable $employee
#0 C:\wamp64\www\hospital-information-system\app\Views\noticeboard\view.php(34): CodeIgniter\Debug\Exceptions->errorHandler(2, 'Undefined varia...', 'C:\\wamp64\\www\\h...', 34)
#1 C:\wamp64\www\hospital-information-system\system\View\View.php(214): include('C:\\wamp64\\www\\h...')
#2 C:\wamp64\www\hospital-information-system\system\View\View.php(217): CodeIgniter\View\View->CodeIgniter\View\{closure}()
#3 C:\wamp64\www\hospital-information-system\system\Common.php(1097): CodeIgniter\View\View->render('noticeboard/vie...', Array, true)
#4 C:\wamp64\www\hospital-information-system\app\Controllers\Noticeboard.php(65): view('noticeboard/vie...', Array)
#5 C:\wamp64\www\hospital-information-system\system\CodeIgniter.php(824): App\Controllers\Noticeboard->view('1')
#6 C:\wamp64\www\hospital-information-system\system\CodeIgniter.php(410): CodeIgniter\CodeIgniter->runController(Object(App\Controllers\Noticeboard))
#7 C:\wamp64\www\hospital-information-system\system\CodeIgniter.php(318): CodeIgniter\CodeIgniter->handleRequest(NULL, Object(Config\Cache), false)
#8 C:\wamp64\www\hospital-information-system\public\index.php(37): CodeIgniter\CodeIgniter->run()
#9 C:\wamp64\www\hospital-information-system\system\Commands\Server\rewrite.php(43): require_once('C:\\wamp64\\www\\h...')
#10 {main}
CRITICAL - 2022-03-28 11:20:33 --> Call to a member function fill() on array
#0 C:\wamp64\www\hospital-information-system\system\CodeIgniter.php(824): App\Controllers\Noticeboard->update()
#1 C:\wamp64\www\hospital-information-system\system\CodeIgniter.php(410): CodeIgniter\CodeIgniter->runController(Object(App\Controllers\Noticeboard))
#2 C:\wamp64\www\hospital-information-system\system\CodeIgniter.php(318): CodeIgniter\CodeIgniter->handleRequest(NULL, Object(Config\Cache), false)
#3 C:\wamp64\www\hospital-information-system\public\index.php(37): CodeIgniter\CodeIgniter->run()
#4 C:\wamp64\www\hospital-information-system\system\Commands\Server\rewrite.php(43): require_once('C:\\wamp64\\www\\h...')
#5 {main}
CRITICAL - 2022-03-28 11:32:52 --> Undefined property: App\Controllers\Noticeboard::$noticeboard
#0 C:\wamp64\www\hospital-information-system\app\Controllers\Noticeboard.php(95): CodeIgniter\Debug\Exceptions->errorHandler(2, 'Undefined prope...', 'C:\\wamp64\\www\\h...', 95)
#1 C:\wamp64\www\hospital-information-system\system\CodeIgniter.php(824): App\Controllers\Noticeboard->delete('3')
#2 C:\wamp64\www\hospital-information-system\system\CodeIgniter.php(410): CodeIgniter\CodeIgniter->runController(Object(App\Controllers\Noticeboard))
#3 C:\wamp64\www\hospital-information-system\system\CodeIgniter.php(318): CodeIgniter\CodeIgniter->handleRequest(NULL, Object(Config\Cache), false)
#4 C:\wamp64\www\hospital-information-system\public\index.php(37): CodeIgniter\CodeIgniter->run()
#5 C:\wamp64\www\hospital-information-system\system\Commands\Server\rewrite.php(43): require_once('C:\\wamp64\\www\\h...')
#6 {main}
