CRITICAL - 2022-04-18 02:30:03 --> Undefined array key "prescription_sale"
#0 C:\wamp64\www\hospital-information-system\app\Controllers\Billing.php(104): CodeIgniter\Debug\Exceptions->errorHandler(2, 'Undefined array...', 'C:\\wamp64\\www\\h...', 104)
#1 C:\wamp64\www\hospital-information-system\system\CodeIgniter.php(824): App\Controllers\Billing->view('2')
#2 C:\wamp64\www\hospital-information-system\system\CodeIgniter.php(410): CodeIgniter\CodeIgniter->runController(Object(App\Controllers\Billing))
#3 C:\wamp64\www\hospital-information-system\system\CodeIgniter.php(318): CodeIgniter\CodeIgniter->handleRequest(NULL, Object(Config\Cache), false)
#4 C:\wamp64\www\hospital-information-system\public\index.php(37): CodeIgniter\CodeIgniter->run()
#5 C:\wamp64\www\hospital-information-system\system\Commands\Server\rewrite.php(43): require_once('C:\\wamp64\\www\\h...')
#6 {main}
CRITICAL - 2022-04-18 02:34:38 --> Attempt to read property "appointment_id" on null
#0 C:\wamp64\www\hospital-information-system\app\Controllers\Billing.php(95): CodeIgniter\Debug\Exceptions->errorHandler(2, 'Attempt to read...', 'C:\\wamp64\\www\\h...', 95)
#1 C:\wamp64\www\hospital-information-system\system\CodeIgniter.php(824): App\Controllers\Billing->edit('2')
#2 C:\wamp64\www\hospital-information-system\system\CodeIgniter.php(410): CodeIgniter\CodeIgniter->runController(Object(App\Controllers\Billing))
#3 C:\wamp64\www\hospital-information-system\system\CodeIgniter.php(318): CodeIgniter\CodeIgniter->handleRequest(NULL, Object(Config\Cache), false)
#4 C:\wamp64\www\hospital-information-system\public\index.php(37): CodeIgniter\CodeIgniter->run()
#5 C:\wamp64\www\hospital-information-system\system\Commands\Server\rewrite.php(43): require_once('C:\\wamp64\\www\\h...')
#6 {main}
CRITICAL - 2022-04-18 02:35:02 --> Attempt to read property "appointment_id" on null
#0 C:\wamp64\www\hospital-information-system\app\Controllers\Billing.php(95): CodeIgniter\Debug\Exceptions->errorHandler(2, 'Attempt to read...', 'C:\\wamp64\\www\\h...', 95)
#1 C:\wamp64\www\hospital-information-system\system\CodeIgniter.php(824): App\Controllers\Billing->edit('2')
#2 C:\wamp64\www\hospital-information-system\system\CodeIgniter.php(410): CodeIgniter\CodeIgniter->runController(Object(App\Controllers\Billing))
#3 C:\wamp64\www\hospital-information-system\system\CodeIgniter.php(318): CodeIgniter\CodeIgniter->handleRequest(NULL, Object(Config\Cache), false)
#4 C:\wamp64\www\hospital-information-system\public\index.php(37): CodeIgniter\CodeIgniter->run()
#5 C:\wamp64\www\hospital-information-system\system\Commands\Server\rewrite.php(43): require_once('C:\\wamp64\\www\\h...')
#6 {main}
CRITICAL - 2022-04-18 02:35:12 --> Attempt to read property "appointment_id" on null
#0 C:\wamp64\www\hospital-information-system\app\Controllers\Billing.php(95): CodeIgniter\Debug\Exceptions->errorHandler(2, 'Attempt to read...', 'C:\\wamp64\\www\\h...', 95)
#1 C:\wamp64\www\hospital-information-system\system\CodeIgniter.php(824): App\Controllers\Billing->edit('2')
#2 C:\wamp64\www\hospital-information-system\system\CodeIgniter.php(410): CodeIgniter\CodeIgniter->runController(Object(App\Controllers\Billing))
#3 C:\wamp64\www\hospital-information-system\system\CodeIgniter.php(318): CodeIgniter\CodeIgniter->handleRequest(NULL, Object(Config\Cache), false)
#4 C:\wamp64\www\hospital-information-system\public\index.php(37): CodeIgniter\CodeIgniter->run()
#5 C:\wamp64\www\hospital-information-system\system\Commands\Server\rewrite.php(43): require_once('C:\\wamp64\\www\\h...')
#6 {main}
CRITICAL - 2022-04-18 02:42:52 --> Undefined variable $prescription_sale
#0 C:\wamp64\www\hospital-information-system\app\Views\billing\edit.php(121): CodeIgniter\Debug\Exceptions->errorHandler(2, 'Undefined varia...', 'C:\\wamp64\\www\\h...', 121)
#1 C:\wamp64\www\hospital-information-system\system\View\View.php(214): include('C:\\wamp64\\www\\h...')
#2 C:\wamp64\www\hospital-information-system\system\View\View.php(217): CodeIgniter\View\View->CodeIgniter\View\{closure}()
#3 C:\wamp64\www\hospital-information-system\system\Common.php(1097): CodeIgniter\View\View->render('billing/edit', Array, true)
#4 C:\wamp64\www\hospital-information-system\app\Controllers\Billing.php(99): view('billing/edit', Array)
#5 C:\wamp64\www\hospital-information-system\system\CodeIgniter.php(824): App\Controllers\Billing->edit('2')
#6 C:\wamp64\www\hospital-information-system\system\CodeIgniter.php(410): CodeIgniter\CodeIgniter->runController(Object(App\Controllers\Billing))
#7 C:\wamp64\www\hospital-information-system\system\CodeIgniter.php(318): CodeIgniter\CodeIgniter->handleRequest(NULL, Object(Config\Cache), false)
#8 C:\wamp64\www\hospital-information-system\public\index.php(37): CodeIgniter\CodeIgniter->run()
#9 C:\wamp64\www\hospital-information-system\system\Commands\Server\rewrite.php(43): require_once('C:\\wamp64\\www\\h...')
#10 {main}
