CRITICAL - 2022-01-06 14:46:03 --> Undefined variable $data
#0 C:\xampp\htdocs\hospital\app\Controllers\HumanResources\Employee.php(11): CodeIgniter\Debug\Exceptions->errorHandler(2, 'Undefined varia...', 'C:\\xampp\\htdocs...', 11)
#1 C:\xampp\htdocs\hospital\system\CodeIgniter.php(824): App\Controllers\HumanResources\Employee->index()
#2 C:\xampp\htdocs\hospital\system\CodeIgniter.php(410): CodeIgniter\CodeIgniter->runController(Object(App\Controllers\HumanResources\Employee))
#3 C:\xampp\htdocs\hospital\system\CodeIgniter.php(318): CodeIgniter\CodeIgniter->handleRequest(NULL, Object(Config\Cache), false)
#4 C:\xampp\htdocs\hospital\public\index.php(37): CodeIgniter\CodeIgniter->run()
#5 C:\xampp\htdocs\hospital\system\Commands\Server\rewrite.php(43): require_once('C:\\xampp\\htdocs...')
#6 {main}
CRITICAL - 2022-01-06 14:46:57 --> Undefined variable $fullname
#0 C:\xampp\htdocs\hospital\app\Views\layout\main_wrapper.php(89): CodeIgniter\Debug\Exceptions->errorHandler(2, 'Undefined varia...', 'C:\\xampp\\htdocs...', 89)
#1 C:\xampp\htdocs\hospital\system\View\View.php(214): include('C:\\xampp\\htdocs...')
#2 C:\xampp\htdocs\hospital\system\View\View.php(217): CodeIgniter\View\View->CodeIgniter\View\{closure}()
#3 C:\xampp\htdocs\hospital\system\Common.php(1097): CodeIgniter\View\View->render('layout/main_wra...', Array, true)
#4 C:\xampp\htdocs\hospital\app\Controllers\HumanResources\Employee.php(13): view('layout/main_wra...', Array)
#5 C:\xampp\htdocs\hospital\system\CodeIgniter.php(824): App\Controllers\HumanResources\Employee->index()
#6 C:\xampp\htdocs\hospital\system\CodeIgniter.php(410): CodeIgniter\CodeIgniter->runController(Object(App\Controllers\HumanResources\Employee))
#7 C:\xampp\htdocs\hospital\system\CodeIgniter.php(318): CodeIgniter\CodeIgniter->handleRequest(NULL, Object(Config\Cache), false)
#8 C:\xampp\htdocs\hospital\public\index.php(37): CodeIgniter\CodeIgniter->run()
#9 C:\xampp\htdocs\hospital\system\Commands\Server\rewrite.php(43): require_once('C:\\xampp\\htdocs...')
#10 {main}
CRITICAL - 2022-01-06 14:47:22 --> Undefined variable $session
#0 C:\xampp\htdocs\hospital\app\Controllers\HumanResources\Employee.php(12): CodeIgniter\Debug\Exceptions->errorHandler(2, 'Undefined varia...', 'C:\\xampp\\htdocs...', 12)
#1 C:\xampp\htdocs\hospital\system\CodeIgniter.php(824): App\Controllers\HumanResources\Employee->index()
#2 C:\xampp\htdocs\hospital\system\CodeIgniter.php(410): CodeIgniter\CodeIgniter->runController(Object(App\Controllers\HumanResources\Employee))
#3 C:\xampp\htdocs\hospital\system\CodeIgniter.php(318): CodeIgniter\CodeIgniter->handleRequest(NULL, Object(Config\Cache), false)
#4 C:\xampp\htdocs\hospital\public\index.php(37): CodeIgniter\CodeIgniter->run()
#5 C:\xampp\htdocs\hospital\system\Commands\Server\rewrite.php(43): require_once('C:\\xampp\\htdocs...')
#6 {main}
CRITICAL - 2022-01-06 14:48:21 --> Undefined variable $session
#0 C:\xampp\htdocs\hospital\app\Controllers\HumanResources\Employee.php(16): CodeIgniter\Debug\Exceptions->errorHandler(2, 'Undefined varia...', 'C:\\xampp\\htdocs...', 16)
#1 C:\xampp\htdocs\hospital\system\CodeIgniter.php(824): App\Controllers\HumanResources\Employee->index()
#2 C:\xampp\htdocs\hospital\system\CodeIgniter.php(410): CodeIgniter\CodeIgniter->runController(Object(App\Controllers\HumanResources\Employee))
#3 C:\xampp\htdocs\hospital\system\CodeIgniter.php(318): CodeIgniter\CodeIgniter->handleRequest(NULL, Object(Config\Cache), false)
#4 C:\xampp\htdocs\hospital\public\index.php(37): CodeIgniter\CodeIgniter->run()
#5 C:\xampp\htdocs\hospital\system\Commands\Server\rewrite.php(43): require_once('C:\\xampp\\htdocs...')
#6 {main}
CRITICAL - 2022-01-06 14:48:25 --> Undefined variable $session
#0 C:\xampp\htdocs\hospital\app\Controllers\HumanResources\Employee.php(16): CodeIgniter\Debug\Exceptions->errorHandler(2, 'Undefined varia...', 'C:\\xampp\\htdocs...', 16)
#1 C:\xampp\htdocs\hospital\system\CodeIgniter.php(824): App\Controllers\HumanResources\Employee->index()
#2 C:\xampp\htdocs\hospital\system\CodeIgniter.php(410): CodeIgniter\CodeIgniter->runController(Object(App\Controllers\HumanResources\Employee))
#3 C:\xampp\htdocs\hospital\system\CodeIgniter.php(318): CodeIgniter\CodeIgniter->handleRequest(NULL, Object(Config\Cache), false)
#4 C:\xampp\htdocs\hospital\public\index.php(37): CodeIgniter\CodeIgniter->run()
#5 C:\xampp\htdocs\hospital\system\Commands\Server\rewrite.php(43): require_once('C:\\xampp\\htdocs...')
#6 {main}
CRITICAL - 2022-01-06 14:52:39 --> Undefined variable $isPost
#0 C:\xampp\htdocs\hospital\app\Views\layout\main_wrapper.php(343): CodeIgniter\Debug\Exceptions->errorHandler(2, 'Undefined varia...', 'C:\\xampp\\htdocs...', 343)
#1 C:\xampp\htdocs\hospital\system\View\View.php(214): include('C:\\xampp\\htdocs...')
#2 C:\xampp\htdocs\hospital\system\View\View.php(217): CodeIgniter\View\View->CodeIgniter\View\{closure}()
#3 C:\xampp\htdocs\hospital\system\Common.php(1097): CodeIgniter\View\View->render('layout/main_wra...', Array, true)
#4 C:\xampp\htdocs\hospital\app\Controllers\HumanResources\Employee.php(19): view('layout/main_wra...', Array)
#5 C:\xampp\htdocs\hospital\system\CodeIgniter.php(824): App\Controllers\HumanResources\Employee->index()
#6 C:\xampp\htdocs\hospital\system\CodeIgniter.php(410): CodeIgniter\CodeIgniter->runController(Object(App\Controllers\HumanResources\Employee))
#7 C:\xampp\htdocs\hospital\system\CodeIgniter.php(318): CodeIgniter\CodeIgniter->handleRequest(NULL, Object(Config\Cache), false)
#8 C:\xampp\htdocs\hospital\public\index.php(37): CodeIgniter\CodeIgniter->run()
#9 C:\xampp\htdocs\hospital\system\Commands\Server\rewrite.php(43): require_once('C:\\xampp\\htdocs...')
#10 {main}
CRITICAL - 2022-01-06 14:55:01 --> Call to undefined function form_open_multipart()
#0 C:\xampp\htdocs\hospital\system\View\View.php(214): include()
#1 C:\xampp\htdocs\hospital\system\View\View.php(217): CodeIgniter\View\View->CodeIgniter\View\{closure}()
#2 C:\xampp\htdocs\hospital\system\Common.php(1097): CodeIgniter\View\View->render('human_resources...', Array, true)
#3 C:\xampp\htdocs\hospital\app\Controllers\HumanResources\Employee.php(24): view('human_resources...', Array)
#4 C:\xampp\htdocs\hospital\system\CodeIgniter.php(824): App\Controllers\HumanResources\Employee->index()
#5 C:\xampp\htdocs\hospital\system\CodeIgniter.php(410): CodeIgniter\CodeIgniter->runController(Object(App\Controllers\HumanResources\Employee))
#6 C:\xampp\htdocs\hospital\system\CodeIgniter.php(318): CodeIgniter\CodeIgniter->handleRequest(NULL, Object(Config\Cache), false)
#7 C:\xampp\htdocs\hospital\public\index.php(37): CodeIgniter\CodeIgniter->run()
#8 C:\xampp\htdocs\hospital\system\Commands\Server\rewrite.php(43): require_once('C:\\xampp\\htdocs...')
#9 {main}
CRITICAL - 2022-01-06 15:43:22 --> Call to undefined function form_dropdown()
#0 C:\xampp\htdocs\hospital\system\View\View.php(214): include()
#1 C:\xampp\htdocs\hospital\system\View\View.php(217): CodeIgniter\View\View->CodeIgniter\View\{closure}()
#2 C:\xampp\htdocs\hospital\system\Common.php(1097): CodeIgniter\View\View->render('human_resources...', Array, true)
#3 C:\xampp\htdocs\hospital\app\Controllers\HumanResources\Employee.php(31): view('human_resources...', Array)
#4 C:\xampp\htdocs\hospital\system\CodeIgniter.php(824): App\Controllers\HumanResources\Employee->index()
#5 C:\xampp\htdocs\hospital\system\CodeIgniter.php(410): CodeIgniter\CodeIgniter->runController(Object(App\Controllers\HumanResources\Employee))
#6 C:\xampp\htdocs\hospital\system\CodeIgniter.php(318): CodeIgniter\CodeIgniter->handleRequest(NULL, Object(Config\Cache), false)
#7 C:\xampp\htdocs\hospital\public\index.php(37): CodeIgniter\CodeIgniter->run()
#8 C:\xampp\htdocs\hospital\system\Commands\Server\rewrite.php(43): require_once('C:\\xampp\\htdocs...')
#9 {main}
CRITICAL - 2022-01-06 16:45:12 --> Call to undefined function form_dropdown()
#0 C:\xampp\htdocs\hospital\system\View\View.php(214): include()
#1 C:\xampp\htdocs\hospital\system\View\View.php(217): CodeIgniter\View\View->CodeIgniter\View\{closure}()
#2 C:\xampp\htdocs\hospital\system\Common.php(1097): CodeIgniter\View\View->render('human_resources...', Array, true)
#3 C:\xampp\htdocs\hospital\app\Controllers\HumanResources\Employee.php(31): view('human_resources...', Array)
#4 C:\xampp\htdocs\hospital\system\CodeIgniter.php(824): App\Controllers\HumanResources\Employee->index()
#5 C:\xampp\htdocs\hospital\system\CodeIgniter.php(410): CodeIgniter\CodeIgniter->runController(Object(App\Controllers\HumanResources\Employee))
#6 C:\xampp\htdocs\hospital\system\CodeIgniter.php(318): CodeIgniter\CodeIgniter->handleRequest(NULL, Object(Config\Cache), false)
#7 C:\xampp\htdocs\hospital\public\index.php(37): CodeIgniter\CodeIgniter->run()
#8 C:\xampp\htdocs\hospital\system\Commands\Server\rewrite.php(43): require_once('C:\\xampp\\htdocs...')
#9 {main}
CRITICAL - 2022-01-06 16:51:07 --> Call to undefined function html_escape()
#0 C:\xampp\htdocs\hospital\system\View\View.php(214): include()
#1 C:\xampp\htdocs\hospital\system\View\View.php(217): CodeIgniter\View\View->CodeIgniter\View\{closure}()
#2 C:\xampp\htdocs\hospital\system\Common.php(1097): CodeIgniter\View\View->render('human_resources...', Array, true)
#3 C:\xampp\htdocs\hospital\app\Controllers\HumanResources\Employee.php(32): view('human_resources...', Array)
#4 C:\xampp\htdocs\hospital\system\CodeIgniter.php(824): App\Controllers\HumanResources\Employee->index()
#5 C:\xampp\htdocs\hospital\system\CodeIgniter.php(410): CodeIgniter\CodeIgniter->runController(Object(App\Controllers\HumanResources\Employee))
#6 C:\xampp\htdocs\hospital\system\CodeIgniter.php(318): CodeIgniter\CodeIgniter->handleRequest(NULL, Object(Config\Cache), false)
#7 C:\xampp\htdocs\hospital\public\index.php(37): CodeIgniter\CodeIgniter->run()
#8 C:\xampp\htdocs\hospital\system\Commands\Server\rewrite.php(43): require_once('C:\\xampp\\htdocs...')
#9 {main}
CRITICAL - 2022-01-06 17:28:57 --> Call to undefined function html_escape()
#0 C:\xampp\htdocs\hospital\system\View\View.php(214): include()
#1 C:\xampp\htdocs\hospital\system\View\View.php(217): CodeIgniter\View\View->CodeIgniter\View\{closure}()
#2 C:\xampp\htdocs\hospital\system\Common.php(1097): CodeIgniter\View\View->render('human_resources...', Array, true)
#3 C:\xampp\htdocs\hospital\app\Controllers\HumanResources\Employee.php(32): view('human_resources...', Array)
#4 C:\xampp\htdocs\hospital\system\CodeIgniter.php(824): App\Controllers\HumanResources\Employee->index()
#5 C:\xampp\htdocs\hospital\system\CodeIgniter.php(410): CodeIgniter\CodeIgniter->runController(Object(App\Controllers\HumanResources\Employee))
#6 C:\xampp\htdocs\hospital\system\CodeIgniter.php(318): CodeIgniter\CodeIgniter->handleRequest(NULL, Object(Config\Cache), false)
#7 C:\xampp\htdocs\hospital\public\index.php(37): CodeIgniter\CodeIgniter->run()
#8 C:\xampp\htdocs\hospital\system\Commands\Server\rewrite.php(43): require_once('C:\\xampp\\htdocs...')
#9 {main}
