CRITICAL - 2022-04-25 05:34:58 --> Undefined array key 0
#0 C:\wamp64\www\hospital-information-system\app\Controllers\Patient.php(175): CodeIgniter\Debug\Exceptions->errorHandler(2, 'Undefined array...', 'C:\\wamp64\\www\\h...', 175)
#1 C:\wamp64\www\hospital-information-system\app\Controllers\Patient.php(102): App\Controllers\Patient->getPatientOr404(NULL)
#2 C:\wamp64\www\hospital-information-system\system\CodeIgniter.php(824): App\Controllers\Patient->add_document()
#3 C:\wamp64\www\hospital-information-system\system\CodeIgniter.php(410): CodeIgniter\CodeIgniter->runController(Object(App\Controllers\Patient))
#4 C:\wamp64\www\hospital-information-system\system\CodeIgniter.php(318): CodeIgniter\CodeIgniter->handleRequest(NULL, Object(Config\Cache), false)
#5 C:\wamp64\www\hospital-information-system\public\index.php(37): CodeIgniter\CodeIgniter->run()
#6 C:\wamp64\www\hospital-information-system\system\Commands\Server\rewrite.php(43): require_once('C:\\wamp64\\www\\h...')
#7 {main}
CRITICAL - 2022-04-25 05:36:00 --> Undefined array key 0
#0 C:\wamp64\www\hospital-information-system\app\Controllers\Patient.php(175): CodeIgniter\Debug\Exceptions->errorHandler(2, 'Undefined array...', 'C:\\wamp64\\www\\h...', 175)
#1 C:\wamp64\www\hospital-information-system\app\Controllers\Patient.php(102): App\Controllers\Patient->getPatientOr404(NULL)
#2 C:\wamp64\www\hospital-information-system\system\CodeIgniter.php(824): App\Controllers\Patient->add_document()
#3 C:\wamp64\www\hospital-information-system\system\CodeIgniter.php(410): CodeIgniter\CodeIgniter->runController(Object(App\Controllers\Patient))
#4 C:\wamp64\www\hospital-information-system\system\CodeIgniter.php(318): CodeIgniter\CodeIgniter->handleRequest(NULL, Object(Config\Cache), false)
#5 C:\wamp64\www\hospital-information-system\public\index.php(37): CodeIgniter\CodeIgniter->run()
#6 C:\wamp64\www\hospital-information-system\system\Commands\Server\rewrite.php(43): require_once('C:\\wamp64\\www\\h...')
#7 {main}
CRITICAL - 2022-04-25 05:36:51 --> Undefined array key 0
#0 C:\wamp64\www\hospital-information-system\app\Controllers\Patient.php(179): CodeIgniter\Debug\Exceptions->errorHandler(2, 'Undefined array...', 'C:\\wamp64\\www\\h...', 179)
#1 C:\wamp64\www\hospital-information-system\app\Controllers\Patient.php(102): App\Controllers\Patient->getPatientOr404(NULL)
#2 C:\wamp64\www\hospital-information-system\system\CodeIgniter.php(824): App\Controllers\Patient->add_document()
#3 C:\wamp64\www\hospital-information-system\system\CodeIgniter.php(410): CodeIgniter\CodeIgniter->runController(Object(App\Controllers\Patient))
#4 C:\wamp64\www\hospital-information-system\system\CodeIgniter.php(318): CodeIgniter\CodeIgniter->handleRequest(NULL, Object(Config\Cache), false)
#5 C:\wamp64\www\hospital-information-system\public\index.php(37): CodeIgniter\CodeIgniter->run()
#6 C:\wamp64\www\hospital-information-system\system\Commands\Server\rewrite.php(43): require_once('C:\\wamp64\\www\\h...')
#7 {main}
CRITICAL - 2022-04-25 05:36:53 --> Undefined array key 0
#0 C:\wamp64\www\hospital-information-system\app\Controllers\Patient.php(179): CodeIgniter\Debug\Exceptions->errorHandler(2, 'Undefined array...', 'C:\\wamp64\\www\\h...', 179)
#1 C:\wamp64\www\hospital-information-system\app\Controllers\Patient.php(102): App\Controllers\Patient->getPatientOr404(NULL)
#2 C:\wamp64\www\hospital-information-system\system\CodeIgniter.php(824): App\Controllers\Patient->add_document()
#3 C:\wamp64\www\hospital-information-system\system\CodeIgniter.php(410): CodeIgniter\CodeIgniter->runController(Object(App\Controllers\Patient))
#4 C:\wamp64\www\hospital-information-system\system\CodeIgniter.php(318): CodeIgniter\CodeIgniter->handleRequest(NULL, Object(Config\Cache), false)
#5 C:\wamp64\www\hospital-information-system\public\index.php(37): CodeIgniter\CodeIgniter->run()
#6 C:\wamp64\www\hospital-information-system\system\Commands\Server\rewrite.php(43): require_once('C:\\wamp64\\www\\h...')
#7 {main}
CRITICAL - 2022-04-25 05:37:15 --> Attempt to read property "registration_code" on array
#0 C:\wamp64\www\hospital-information-system\app\Controllers\Patient.php(21): CodeIgniter\Debug\Exceptions->errorHandler(2, 'Attempt to read...', 'C:\\wamp64\\www\\h...', 21)
#1 C:\wamp64\www\hospital-information-system\system\CodeIgniter.php(824): App\Controllers\Patient->view('2224')
#2 C:\wamp64\www\hospital-information-system\system\CodeIgniter.php(410): CodeIgniter\CodeIgniter->runController(Object(App\Controllers\Patient))
#3 C:\wamp64\www\hospital-information-system\system\CodeIgniter.php(318): CodeIgniter\CodeIgniter->handleRequest(NULL, Object(Config\Cache), false)
#4 C:\wamp64\www\hospital-information-system\public\index.php(37): CodeIgniter\CodeIgniter->run()
#5 C:\wamp64\www\hospital-information-system\system\Commands\Server\rewrite.php(43): require_once('C:\\wamp64\\www\\h...')
#6 {main}
CRITICAL - 2022-04-25 05:38:45 --> Undefined array key 0
#0 C:\wamp64\www\hospital-information-system\app\Controllers\Patient.php(175): CodeIgniter\Debug\Exceptions->errorHandler(2, 'Undefined array...', 'C:\\wamp64\\www\\h...', 175)
#1 C:\wamp64\www\hospital-information-system\app\Controllers\Patient.php(102): App\Controllers\Patient->getPatientOr404(NULL)
#2 C:\wamp64\www\hospital-information-system\system\CodeIgniter.php(824): App\Controllers\Patient->add_document()
#3 C:\wamp64\www\hospital-information-system\system\CodeIgniter.php(410): CodeIgniter\CodeIgniter->runController(Object(App\Controllers\Patient))
#4 C:\wamp64\www\hospital-information-system\system\CodeIgniter.php(318): CodeIgniter\CodeIgniter->handleRequest(NULL, Object(Config\Cache), false)
#5 C:\wamp64\www\hospital-information-system\public\index.php(37): CodeIgniter\CodeIgniter->run()
#6 C:\wamp64\www\hospital-information-system\system\Commands\Server\rewrite.php(43): require_once('C:\\wamp64\\www\\h...')
#7 {main}
CRITICAL - 2022-04-25 05:38:49 --> Undefined array key 0
#0 C:\wamp64\www\hospital-information-system\app\Controllers\Patient.php(175): CodeIgniter\Debug\Exceptions->errorHandler(2, 'Undefined array...', 'C:\\wamp64\\www\\h...', 175)
#1 C:\wamp64\www\hospital-information-system\app\Controllers\Patient.php(102): App\Controllers\Patient->getPatientOr404(NULL)
#2 C:\wamp64\www\hospital-information-system\system\CodeIgniter.php(824): App\Controllers\Patient->add_document()
#3 C:\wamp64\www\hospital-information-system\system\CodeIgniter.php(410): CodeIgniter\CodeIgniter->runController(Object(App\Controllers\Patient))
#4 C:\wamp64\www\hospital-information-system\system\CodeIgniter.php(318): CodeIgniter\CodeIgniter->handleRequest(NULL, Object(Config\Cache), false)
#5 C:\wamp64\www\hospital-information-system\public\index.php(37): CodeIgniter\CodeIgniter->run()
#6 C:\wamp64\www\hospital-information-system\system\Commands\Server\rewrite.php(43): require_once('C:\\wamp64\\www\\h...')
#7 {main}
CRITICAL - 2022-04-25 06:15:53 --> Attempt to read property "firstname" on null
#0 C:\wamp64\www\hospital-information-system\app\Views\message\sent.php(34): CodeIgniter\Debug\Exceptions->errorHandler(2, 'Attempt to read...', 'C:\\wamp64\\www\\h...', 34)
#1 C:\wamp64\www\hospital-information-system\system\View\View.php(214): include('C:\\wamp64\\www\\h...')
#2 C:\wamp64\www\hospital-information-system\system\View\View.php(217): CodeIgniter\View\View->CodeIgniter\View\{closure}()
#3 C:\wamp64\www\hospital-information-system\system\Common.php(1097): CodeIgniter\View\View->render('message/sent', Array, true)
#4 C:\wamp64\www\hospital-information-system\app\Controllers\Message.php(60): view('message/sent', Array)
#5 C:\wamp64\www\hospital-information-system\system\CodeIgniter.php(824): App\Controllers\Message->sent()
#6 C:\wamp64\www\hospital-information-system\system\CodeIgniter.php(410): CodeIgniter\CodeIgniter->runController(Object(App\Controllers\Message))
#7 C:\wamp64\www\hospital-information-system\system\CodeIgniter.php(318): CodeIgniter\CodeIgniter->handleRequest(NULL, Object(Config\Cache), false)
#8 C:\wamp64\www\hospital-information-system\public\index.php(37): CodeIgniter\CodeIgniter->run()
#9 C:\wamp64\www\hospital-information-system\system\Commands\Server\rewrite.php(43): require_once('C:\\wamp64\\www\\h...')
#10 {main}
CRITICAL - 2022-04-25 06:17:36 --> Attempt to read property "firstname" on null
#0 C:\wamp64\www\hospital-information-system\app\Views\message\sent.php(34): CodeIgniter\Debug\Exceptions->errorHandler(2, 'Attempt to read...', 'C:\\wamp64\\www\\h...', 34)
#1 C:\wamp64\www\hospital-information-system\system\View\View.php(214): include('C:\\wamp64\\www\\h...')
#2 C:\wamp64\www\hospital-information-system\system\View\View.php(217): CodeIgniter\View\View->CodeIgniter\View\{closure}()
#3 C:\wamp64\www\hospital-information-system\system\Common.php(1097): CodeIgniter\View\View->render('message/sent', Array, true)
#4 C:\wamp64\www\hospital-information-system\app\Controllers\Message.php(60): view('message/sent', Array)
#5 C:\wamp64\www\hospital-information-system\system\CodeIgniter.php(824): App\Controllers\Message->sent()
#6 C:\wamp64\www\hospital-information-system\system\CodeIgniter.php(410): CodeIgniter\CodeIgniter->runController(Object(App\Controllers\Message))
#7 C:\wamp64\www\hospital-information-system\system\CodeIgniter.php(318): CodeIgniter\CodeIgniter->handleRequest(NULL, Object(Config\Cache), false)
#8 C:\wamp64\www\hospital-information-system\public\index.php(37): CodeIgniter\CodeIgniter->run()
#9 C:\wamp64\www\hospital-information-system\system\Commands\Server\rewrite.php(43): require_once('C:\\wamp64\\www\\h...')
#10 {main}
CRITICAL - 2022-04-25 06:18:44 --> Attempt to read property "firstname" on null
#0 C:\wamp64\www\hospital-information-system\app\Views\message\sent.php(34): CodeIgniter\Debug\Exceptions->errorHandler(2, 'Attempt to read...', 'C:\\wamp64\\www\\h...', 34)
#1 C:\wamp64\www\hospital-information-system\system\View\View.php(214): include('C:\\wamp64\\www\\h...')
#2 C:\wamp64\www\hospital-information-system\system\View\View.php(217): CodeIgniter\View\View->CodeIgniter\View\{closure}()
#3 C:\wamp64\www\hospital-information-system\system\Common.php(1097): CodeIgniter\View\View->render('message/sent', Array, true)
#4 C:\wamp64\www\hospital-information-system\app\Controllers\Message.php(60): view('message/sent', Array)
#5 C:\wamp64\www\hospital-information-system\system\CodeIgniter.php(824): App\Controllers\Message->sent()
#6 C:\wamp64\www\hospital-information-system\system\CodeIgniter.php(410): CodeIgniter\CodeIgniter->runController(Object(App\Controllers\Message))
#7 C:\wamp64\www\hospital-information-system\system\CodeIgniter.php(318): CodeIgniter\CodeIgniter->handleRequest(NULL, Object(Config\Cache), false)
#8 C:\wamp64\www\hospital-information-system\public\index.php(37): CodeIgniter\CodeIgniter->run()
#9 C:\wamp64\www\hospital-information-system\system\Commands\Server\rewrite.php(43): require_once('C:\\wamp64\\www\\h...')
#10 {main}
