CRITICAL - 2022-01-19 02:51:36 --> Attempt to read property "user_role" on array
#0 C:\xampp\htdocs\hospital\app\Views\human_resources\view.php(49): CodeIgniter\Debug\Exceptions->errorHandler(2, 'Attempt to read...', 'C:\\xampp\\htdocs...', 49)
#1 C:\xampp\htdocs\hospital\system\View\View.php(214): include('C:\\xampp\\htdocs...')
#2 C:\xampp\htdocs\hospital\system\View\View.php(217): CodeIgniter\View\View->CodeIgniter\View\{closure}()
#3 C:\xampp\htdocs\hospital\system\Common.php(1097): CodeIgniter\View\View->render('human_resources...', Array, true)
#4 C:\xampp\htdocs\hospital\app\Controllers\HumanResources\Employee.php(34): view('human_resources...', Array)
#5 C:\xampp\htdocs\hospital\system\CodeIgniter.php(824): App\Controllers\HumanResources\Employee->index('admin')
#6 C:\xampp\htdocs\hospital\system\CodeIgniter.php(410): CodeIgniter\CodeIgniter->runController(Object(App\Controllers\HumanResources\Employee))
#7 C:\xampp\htdocs\hospital\system\CodeIgniter.php(318): CodeIgniter\CodeIgniter->handleRequest(NULL, Object(Config\Cache), false)
#8 C:\xampp\htdocs\hospital\public\index.php(37): CodeIgniter\CodeIgniter->run()
#9 C:\xampp\htdocs\hospital\system\Commands\Server\rewrite.php(43): require_once('C:\\xampp\\htdocs...')
#10 {main}
CRITICAL - 2022-01-19 02:52:13 --> Undefined array key "create_date"
#0 C:\xampp\htdocs\hospital\app\Views\human_resources\view.php(50): CodeIgniter\Debug\Exceptions->errorHandler(2, 'Undefined array...', 'C:\\xampp\\htdocs...', 50)
#1 C:\xampp\htdocs\hospital\system\View\View.php(214): include('C:\\xampp\\htdocs...')
#2 C:\xampp\htdocs\hospital\system\View\View.php(217): CodeIgniter\View\View->CodeIgniter\View\{closure}()
#3 C:\xampp\htdocs\hospital\system\Common.php(1097): CodeIgniter\View\View->render('human_resources...', Array, true)
#4 C:\xampp\htdocs\hospital\app\Controllers\HumanResources\Employee.php(34): view('human_resources...', Array)
#5 C:\xampp\htdocs\hospital\system\CodeIgniter.php(824): App\Controllers\HumanResources\Employee->index('admin')
#6 C:\xampp\htdocs\hospital\system\CodeIgniter.php(410): CodeIgniter\CodeIgniter->runController(Object(App\Controllers\HumanResources\Employee))
#7 C:\xampp\htdocs\hospital\system\CodeIgniter.php(318): CodeIgniter\CodeIgniter->handleRequest(NULL, Object(Config\Cache), false)
#8 C:\xampp\htdocs\hospital\public\index.php(37): CodeIgniter\CodeIgniter->run()
#9 C:\xampp\htdocs\hospital\system\Commands\Server\rewrite.php(43): require_once('C:\\xampp\\htdocs...')
#10 {main}
CRITICAL - 2022-01-19 02:52:24 --> Undefined array key "created_date"
#0 C:\xampp\htdocs\hospital\app\Views\human_resources\view.php(50): CodeIgniter\Debug\Exceptions->errorHandler(2, 'Undefined array...', 'C:\\xampp\\htdocs...', 50)
#1 C:\xampp\htdocs\hospital\system\View\View.php(214): include('C:\\xampp\\htdocs...')
#2 C:\xampp\htdocs\hospital\system\View\View.php(217): CodeIgniter\View\View->CodeIgniter\View\{closure}()
#3 C:\xampp\htdocs\hospital\system\Common.php(1097): CodeIgniter\View\View->render('human_resources...', Array, true)
#4 C:\xampp\htdocs\hospital\app\Controllers\HumanResources\Employee.php(34): view('human_resources...', Array)
#5 C:\xampp\htdocs\hospital\system\CodeIgniter.php(824): App\Controllers\HumanResources\Employee->index('admin')
#6 C:\xampp\htdocs\hospital\system\CodeIgniter.php(410): CodeIgniter\CodeIgniter->runController(Object(App\Controllers\HumanResources\Employee))
#7 C:\xampp\htdocs\hospital\system\CodeIgniter.php(318): CodeIgniter\CodeIgniter->handleRequest(NULL, Object(Config\Cache), false)
#8 C:\xampp\htdocs\hospital\public\index.php(37): CodeIgniter\CodeIgniter->run()
#9 C:\xampp\htdocs\hospital\system\Commands\Server\rewrite.php(43): require_once('C:\\xampp\\htdocs...')
#10 {main}
CRITICAL - 2022-01-19 03:55:30 --> Invalid file: patient.php
#0 C:\xampp\htdocs\hospital\system\View\View.php(198): CodeIgniter\Exceptions\FrameworkException::forInvalidFile('patient.php')
#1 C:\xampp\htdocs\hospital\system\Common.php(1097): CodeIgniter\View\View->render('patient', Array, true)
#2 C:\xampp\htdocs\hospital\app\Controllers\Patient.php(9): view('patient')
#3 C:\xampp\htdocs\hospital\system\CodeIgniter.php(824): App\Controllers\Patient->index()
#4 C:\xampp\htdocs\hospital\system\CodeIgniter.php(410): CodeIgniter\CodeIgniter->runController(Object(App\Controllers\Patient))
#5 C:\xampp\htdocs\hospital\system\CodeIgniter.php(318): CodeIgniter\CodeIgniter->handleRequest(NULL, Object(Config\Cache), false)
#6 C:\xampp\htdocs\hospital\public\index.php(37): CodeIgniter\CodeIgniter->run()
#7 C:\xampp\htdocs\hospital\system\Commands\Server\rewrite.php(43): require_once('C:\\xampp\\htdocs...')
#8 {main}
CRITICAL - 2022-01-19 03:56:41 --> Invalid file: patient.php
#0 C:\xampp\htdocs\hospital\system\View\View.php(198): CodeIgniter\Exceptions\FrameworkException::forInvalidFile('patient.php')
#1 C:\xampp\htdocs\hospital\system\Common.php(1097): CodeIgniter\View\View->render('patient', Array, true)
#2 C:\xampp\htdocs\hospital\app\Controllers\Patient.php(12): view('patient')
#3 C:\xampp\htdocs\hospital\system\CodeIgniter.php(824): App\Controllers\Patient->index()
#4 C:\xampp\htdocs\hospital\system\CodeIgniter.php(410): CodeIgniter\CodeIgniter->runController(Object(App\Controllers\Patient))
#5 C:\xampp\htdocs\hospital\system\CodeIgniter.php(318): CodeIgniter\CodeIgniter->handleRequest(NULL, Object(Config\Cache), false)
#6 C:\xampp\htdocs\hospital\public\index.php(37): CodeIgniter\CodeIgniter->run()
#7 C:\xampp\htdocs\hospital\system\Commands\Server\rewrite.php(43): require_once('C:\\xampp\\htdocs...')
#8 {main}
CRITICAL - 2022-01-19 03:56:42 --> Invalid file: patient.php
#0 C:\xampp\htdocs\hospital\system\View\View.php(198): CodeIgniter\Exceptions\FrameworkException::forInvalidFile('patient.php')
#1 C:\xampp\htdocs\hospital\system\Common.php(1097): CodeIgniter\View\View->render('patient', Array, true)
#2 C:\xampp\htdocs\hospital\app\Controllers\Patient.php(12): view('patient')
#3 C:\xampp\htdocs\hospital\system\CodeIgniter.php(824): App\Controllers\Patient->index()
#4 C:\xampp\htdocs\hospital\system\CodeIgniter.php(410): CodeIgniter\CodeIgniter->runController(Object(App\Controllers\Patient))
#5 C:\xampp\htdocs\hospital\system\CodeIgniter.php(318): CodeIgniter\CodeIgniter->handleRequest(NULL, Object(Config\Cache), false)
#6 C:\xampp\htdocs\hospital\public\index.php(37): CodeIgniter\CodeIgniter->run()
#7 C:\xampp\htdocs\hospital\system\Commands\Server\rewrite.php(43): require_once('C:\\xampp\\htdocs...')
#8 {main}
CRITICAL - 2022-01-19 03:59:28 --> Undefined variable $Patients
#0 C:\xampp\htdocs\hospital\app\Views\patient\index.php(2): CodeIgniter\Debug\Exceptions->errorHandler(2, 'Undefined varia...', 'C:\\xampp\\htdocs...', 2)
#1 C:\xampp\htdocs\hospital\system\View\View.php(214): include('C:\\xampp\\htdocs...')
#2 C:\xampp\htdocs\hospital\system\View\View.php(217): CodeIgniter\View\View->CodeIgniter\View\{closure}()
#3 C:\xampp\htdocs\hospital\system\Common.php(1097): CodeIgniter\View\View->render('patient/index', Array, true)
#4 C:\xampp\htdocs\hospital\app\Controllers\Patient.php(13): view('patient/index', Array)
#5 C:\xampp\htdocs\hospital\system\CodeIgniter.php(824): App\Controllers\Patient->index()
#6 C:\xampp\htdocs\hospital\system\CodeIgniter.php(410): CodeIgniter\CodeIgniter->runController(Object(App\Controllers\Patient))
#7 C:\xampp\htdocs\hospital\system\CodeIgniter.php(318): CodeIgniter\CodeIgniter->handleRequest(NULL, Object(Config\Cache), false)
#8 C:\xampp\htdocs\hospital\public\index.php(37): CodeIgniter\CodeIgniter->run()
#9 C:\xampp\htdocs\hospital\system\Commands\Server\rewrite.php(43): require_once('C:\\xampp\\htdocs...')
#10 {main}
CRITICAL - 2022-01-19 04:41:43 --> Declaration of App\Models\PatientModel::findAll() must be compatible with CodeIgniter\BaseModel::findAll(int $limit = 0, int $offset = 0)
#0 [internal function]: CodeIgniter\Debug\Exceptions->shutdownHandler()
#1 {main}
CRITICAL - 2022-01-19 04:42:24 --> Call to undefined method App\Models\PatientModel::readAll
#0 C:\xampp\htdocs\hospital\app\Controllers\Patient.php(12): CodeIgniter\Model->__call('readAll', Array)
#1 C:\xampp\htdocs\hospital\system\CodeIgniter.php(824): App\Controllers\Patient->index()
#2 C:\xampp\htdocs\hospital\system\CodeIgniter.php(410): CodeIgniter\CodeIgniter->runController(Object(App\Controllers\Patient))
#3 C:\xampp\htdocs\hospital\system\CodeIgniter.php(318): CodeIgniter\CodeIgniter->handleRequest(NULL, Object(Config\Cache), false)
#4 C:\xampp\htdocs\hospital\public\index.php(37): CodeIgniter\CodeIgniter->run()
#5 C:\xampp\htdocs\hospital\system\Commands\Server\rewrite.php(43): require_once('C:\\xampp\\htdocs...')
#6 {main}
CRITICAL - 2022-01-19 04:42:33 --> Call to undefined method App\Models\PatientModel::readAll
#0 C:\xampp\htdocs\hospital\app\Controllers\Patient.php(12): CodeIgniter\Model->__call('readAll', Array)
#1 C:\xampp\htdocs\hospital\system\CodeIgniter.php(824): App\Controllers\Patient->index()
#2 C:\xampp\htdocs\hospital\system\CodeIgniter.php(410): CodeIgniter\CodeIgniter->runController(Object(App\Controllers\Patient))
#3 C:\xampp\htdocs\hospital\system\CodeIgniter.php(318): CodeIgniter\CodeIgniter->handleRequest(NULL, Object(Config\Cache), false)
#4 C:\xampp\htdocs\hospital\public\index.php(37): CodeIgniter\CodeIgniter->run()
#5 C:\xampp\htdocs\hospital\system\Commands\Server\rewrite.php(43): require_once('C:\\xampp\\htdocs...')
#6 {main}
CRITICAL - 2022-01-19 04:42:51 --> Undefined variable $model
#0 C:\xampp\htdocs\hospital\app\Models\PatientModel.php(9): CodeIgniter\Debug\Exceptions->errorHandler(2, 'Undefined varia...', 'C:\\xampp\\htdocs...', 9)
#1 C:\xampp\htdocs\hospital\app\Controllers\Patient.php(12): App\Models\PatientModel->readAll()
#2 C:\xampp\htdocs\hospital\system\CodeIgniter.php(824): App\Controllers\Patient->index()
#3 C:\xampp\htdocs\hospital\system\CodeIgniter.php(410): CodeIgniter\CodeIgniter->runController(Object(App\Controllers\Patient))
#4 C:\xampp\htdocs\hospital\system\CodeIgniter.php(318): CodeIgniter\CodeIgniter->handleRequest(NULL, Object(Config\Cache), false)
#5 C:\xampp\htdocs\hospital\public\index.php(37): CodeIgniter\CodeIgniter->run()
#6 C:\xampp\htdocs\hospital\system\Commands\Server\rewrite.php(43): require_once('C:\\xampp\\htdocs...')
#7 {main}
CRITICAL - 2022-01-19 04:42:52 --> Undefined variable $model
#0 C:\xampp\htdocs\hospital\app\Models\PatientModel.php(9): CodeIgniter\Debug\Exceptions->errorHandler(2, 'Undefined varia...', 'C:\\xampp\\htdocs...', 9)
#1 C:\xampp\htdocs\hospital\app\Controllers\Patient.php(12): App\Models\PatientModel->readAll()
#2 C:\xampp\htdocs\hospital\system\CodeIgniter.php(824): App\Controllers\Patient->index()
#3 C:\xampp\htdocs\hospital\system\CodeIgniter.php(410): CodeIgniter\CodeIgniter->runController(Object(App\Controllers\Patient))
#4 C:\xampp\htdocs\hospital\system\CodeIgniter.php(318): CodeIgniter\CodeIgniter->handleRequest(NULL, Object(Config\Cache), false)
#5 C:\xampp\htdocs\hospital\public\index.php(37): CodeIgniter\CodeIgniter->run()
#6 C:\xampp\htdocs\hospital\system\Commands\Server\rewrite.php(43): require_once('C:\\xampp\\htdocs...')
#7 {main}
CRITICAL - 2022-01-19 04:43:12 --> Call to a member function findAll() on string
#0 C:\xampp\htdocs\hospital\app\Controllers\Patient.php(12): App\Models\PatientModel->readAll()
#1 C:\xampp\htdocs\hospital\system\CodeIgniter.php(824): App\Controllers\Patient->index()
#2 C:\xampp\htdocs\hospital\system\CodeIgniter.php(410): CodeIgniter\CodeIgniter->runController(Object(App\Controllers\Patient))
#3 C:\xampp\htdocs\hospital\system\CodeIgniter.php(318): CodeIgniter\CodeIgniter->handleRequest(NULL, Object(Config\Cache), false)
#4 C:\xampp\htdocs\hospital\public\index.php(37): CodeIgniter\CodeIgniter->run()
#5 C:\xampp\htdocs\hospital\system\Commands\Server\rewrite.php(43): require_once('C:\\xampp\\htdocs...')
#6 {main}
CRITICAL - 2022-01-19 04:43:13 --> Call to a member function findAll() on string
#0 C:\xampp\htdocs\hospital\app\Controllers\Patient.php(12): App\Models\PatientModel->readAll()
#1 C:\xampp\htdocs\hospital\system\CodeIgniter.php(824): App\Controllers\Patient->index()
#2 C:\xampp\htdocs\hospital\system\CodeIgniter.php(410): CodeIgniter\CodeIgniter->runController(Object(App\Controllers\Patient))
#3 C:\xampp\htdocs\hospital\system\CodeIgniter.php(318): CodeIgniter\CodeIgniter->handleRequest(NULL, Object(Config\Cache), false)
#4 C:\xampp\htdocs\hospital\public\index.php(37): CodeIgniter\CodeIgniter->run()
#5 C:\xampp\htdocs\hospital\system\Commands\Server\rewrite.php(43): require_once('C:\\xampp\\htdocs...')
#6 {main}
CRITICAL - 2022-01-19 04:56:51 --> Undefined property: App\Controllers\Patient::$model
#0 C:\xampp\htdocs\hospital\app\Controllers\Patient.php(17): CodeIgniter\Debug\Exceptions->errorHandler(2, 'Undefined prope...', 'C:\\xampp\\htdocs...', 17)
#1 C:\xampp\htdocs\hospital\system\CodeIgniter.php(824): App\Controllers\Patient->index()
#2 C:\xampp\htdocs\hospital\system\CodeIgniter.php(410): CodeIgniter\CodeIgniter->runController(Object(App\Controllers\Patient))
#3 C:\xampp\htdocs\hospital\system\CodeIgniter.php(318): CodeIgniter\CodeIgniter->handleRequest(NULL, Object(Config\Cache), false)
#4 C:\xampp\htdocs\hospital\public\index.php(37): CodeIgniter\CodeIgniter->run()
#5 C:\xampp\htdocs\hospital\system\Commands\Server\rewrite.php(43): require_once('C:\\xampp\\htdocs...')
#6 {main}
CRITICAL - 2022-01-19 05:38:34 --> Call to undefined function html_escape()
#0 C:\xampp\htdocs\hospital\system\View\View.php(214): include()
#1 C:\xampp\htdocs\hospital\system\View\View.php(217): CodeIgniter\View\View->CodeIgniter\View\{closure}()
#2 C:\xampp\htdocs\hospital\system\Common.php(1097): CodeIgniter\View\View->render('patient/index', Array, true)
#3 C:\xampp\htdocs\hospital\app\Controllers\Patient.php(25): view('patient/index', Array)
#4 C:\xampp\htdocs\hospital\system\CodeIgniter.php(824): App\Controllers\Patient->index()
#5 C:\xampp\htdocs\hospital\system\CodeIgniter.php(410): CodeIgniter\CodeIgniter->runController(Object(App\Controllers\Patient))
#6 C:\xampp\htdocs\hospital\system\CodeIgniter.php(318): CodeIgniter\CodeIgniter->handleRequest(NULL, Object(Config\Cache), false)
#7 C:\xampp\htdocs\hospital\public\index.php(37): CodeIgniter\CodeIgniter->run()
#8 C:\xampp\htdocs\hospital\system\Commands\Server\rewrite.php(43): require_once('C:\\xampp\\htdocs...')
#9 {main}
CRITICAL - 2022-01-19 05:38:50 --> Call to undefined function html_escape()
#0 C:\xampp\htdocs\hospital\system\View\View.php(214): include()
#1 C:\xampp\htdocs\hospital\system\View\View.php(217): CodeIgniter\View\View->CodeIgniter\View\{closure}()
#2 C:\xampp\htdocs\hospital\system\Common.php(1097): CodeIgniter\View\View->render('patient/index', Array, true)
#3 C:\xampp\htdocs\hospital\app\Controllers\Patient.php(25): view('patient/index', Array)
#4 C:\xampp\htdocs\hospital\system\CodeIgniter.php(824): App\Controllers\Patient->index()
#5 C:\xampp\htdocs\hospital\system\CodeIgniter.php(410): CodeIgniter\CodeIgniter->runController(Object(App\Controllers\Patient))
#6 C:\xampp\htdocs\hospital\system\CodeIgniter.php(318): CodeIgniter\CodeIgniter->handleRequest(NULL, Object(Config\Cache), false)
#7 C:\xampp\htdocs\hospital\public\index.php(37): CodeIgniter\CodeIgniter->run()
#8 C:\xampp\htdocs\hospital\system\Commands\Server\rewrite.php(43): require_once('C:\\xampp\\htdocs...')
#9 {main}
CRITICAL - 2022-01-19 05:39:14 --> Undefined array key "mobile"
#0 C:\xampp\htdocs\hospital\app\Views\patient\index.php(41): CodeIgniter\Debug\Exceptions->errorHandler(2, 'Undefined array...', 'C:\\xampp\\htdocs...', 41)
#1 C:\xampp\htdocs\hospital\system\View\View.php(214): include('C:\\xampp\\htdocs...')
#2 C:\xampp\htdocs\hospital\system\View\View.php(217): CodeIgniter\View\View->CodeIgniter\View\{closure}()
#3 C:\xampp\htdocs\hospital\system\Common.php(1097): CodeIgniter\View\View->render('patient/index', Array, true)
#4 C:\xampp\htdocs\hospital\app\Controllers\Patient.php(25): view('patient/index', Array)
#5 C:\xampp\htdocs\hospital\system\CodeIgniter.php(824): App\Controllers\Patient->index()
#6 C:\xampp\htdocs\hospital\system\CodeIgniter.php(410): CodeIgniter\CodeIgniter->runController(Object(App\Controllers\Patient))
#7 C:\xampp\htdocs\hospital\system\CodeIgniter.php(318): CodeIgniter\CodeIgniter->handleRequest(NULL, Object(Config\Cache), false)
#8 C:\xampp\htdocs\hospital\public\index.php(37): CodeIgniter\CodeIgniter->run()
#9 C:\xampp\htdocs\hospital\system\Commands\Server\rewrite.php(43): require_once('C:\\xampp\\htdocs...')
#10 {main}
CRITICAL - 2022-01-19 05:39:27 --> Attempt to read property "date_of_birth" on array
#0 C:\xampp\htdocs\hospital\app\Views\patient\index.php(51): CodeIgniter\Debug\Exceptions->errorHandler(2, 'Attempt to read...', 'C:\\xampp\\htdocs...', 51)
#1 C:\xampp\htdocs\hospital\system\View\View.php(214): include('C:\\xampp\\htdocs...')
#2 C:\xampp\htdocs\hospital\system\View\View.php(217): CodeIgniter\View\View->CodeIgniter\View\{closure}()
#3 C:\xampp\htdocs\hospital\system\Common.php(1097): CodeIgniter\View\View->render('patient/index', Array, true)
#4 C:\xampp\htdocs\hospital\app\Controllers\Patient.php(25): view('patient/index', Array)
#5 C:\xampp\htdocs\hospital\system\CodeIgniter.php(824): App\Controllers\Patient->index()
#6 C:\xampp\htdocs\hospital\system\CodeIgniter.php(410): CodeIgniter\CodeIgniter->runController(Object(App\Controllers\Patient))
#7 C:\xampp\htdocs\hospital\system\CodeIgniter.php(318): CodeIgniter\CodeIgniter->handleRequest(NULL, Object(Config\Cache), false)
#8 C:\xampp\htdocs\hospital\public\index.php(37): CodeIgniter\CodeIgniter->run()
#9 C:\xampp\htdocs\hospital\system\Commands\Server\rewrite.php(43): require_once('C:\\xampp\\htdocs...')
#10 {main}
CRITICAL - 2022-01-19 05:40:02 --> Undefined array key "created_date"
#0 C:\xampp\htdocs\hospital\app\Views\patient\index.php(52): CodeIgniter\Debug\Exceptions->errorHandler(2, 'Undefined array...', 'C:\\xampp\\htdocs...', 52)
#1 C:\xampp\htdocs\hospital\system\View\View.php(214): include('C:\\xampp\\htdocs...')
#2 C:\xampp\htdocs\hospital\system\View\View.php(217): CodeIgniter\View\View->CodeIgniter\View\{closure}()
#3 C:\xampp\htdocs\hospital\system\Common.php(1097): CodeIgniter\View\View->render('patient/index', Array, true)
#4 C:\xampp\htdocs\hospital\app\Controllers\Patient.php(25): view('patient/index', Array)
#5 C:\xampp\htdocs\hospital\system\CodeIgniter.php(824): App\Controllers\Patient->index()
#6 C:\xampp\htdocs\hospital\system\CodeIgniter.php(410): CodeIgniter\CodeIgniter->runController(Object(App\Controllers\Patient))
#7 C:\xampp\htdocs\hospital\system\CodeIgniter.php(318): CodeIgniter\CodeIgniter->handleRequest(NULL, Object(Config\Cache), false)
#8 C:\xampp\htdocs\hospital\public\index.php(37): CodeIgniter\CodeIgniter->run()
#9 C:\xampp\htdocs\hospital\system\Commands\Server\rewrite.php(43): require_once('C:\\xampp\\htdocs...')
#10 {main}
CRITICAL - 2022-01-19 05:40:04 --> Undefined array key "created_date"
#0 C:\xampp\htdocs\hospital\app\Views\patient\index.php(52): CodeIgniter\Debug\Exceptions->errorHandler(2, 'Undefined array...', 'C:\\xampp\\htdocs...', 52)
#1 C:\xampp\htdocs\hospital\system\View\View.php(214): include('C:\\xampp\\htdocs...')
#2 C:\xampp\htdocs\hospital\system\View\View.php(217): CodeIgniter\View\View->CodeIgniter\View\{closure}()
#3 C:\xampp\htdocs\hospital\system\Common.php(1097): CodeIgniter\View\View->render('patient/index', Array, true)
#4 C:\xampp\htdocs\hospital\app\Controllers\Patient.php(25): view('patient/index', Array)
#5 C:\xampp\htdocs\hospital\system\CodeIgniter.php(824): App\Controllers\Patient->index()
#6 C:\xampp\htdocs\hospital\system\CodeIgniter.php(410): CodeIgniter\CodeIgniter->runController(Object(App\Controllers\Patient))
#7 C:\xampp\htdocs\hospital\system\CodeIgniter.php(318): CodeIgniter\CodeIgniter->handleRequest(NULL, Object(Config\Cache), false)
#8 C:\xampp\htdocs\hospital\public\index.php(37): CodeIgniter\CodeIgniter->run()
#9 C:\xampp\htdocs\hospital\system\Commands\Server\rewrite.php(43): require_once('C:\\xampp\\htdocs...')
#10 {main}
CRITICAL - 2022-01-19 05:40:16 --> Undefined array key "status"
#0 C:\xampp\htdocs\hospital\app\Views\patient\index.php(53): CodeIgniter\Debug\Exceptions->errorHandler(2, 'Undefined array...', 'C:\\xampp\\htdocs...', 53)
#1 C:\xampp\htdocs\hospital\system\View\View.php(214): include('C:\\xampp\\htdocs...')
#2 C:\xampp\htdocs\hospital\system\View\View.php(217): CodeIgniter\View\View->CodeIgniter\View\{closure}()
#3 C:\xampp\htdocs\hospital\system\Common.php(1097): CodeIgniter\View\View->render('patient/index', Array, true)
#4 C:\xampp\htdocs\hospital\app\Controllers\Patient.php(25): view('patient/index', Array)
#5 C:\xampp\htdocs\hospital\system\CodeIgniter.php(824): App\Controllers\Patient->index()
#6 C:\xampp\htdocs\hospital\system\CodeIgniter.php(410): CodeIgniter\CodeIgniter->runController(Object(App\Controllers\Patient))
#7 C:\xampp\htdocs\hospital\system\CodeIgniter.php(318): CodeIgniter\CodeIgniter->handleRequest(NULL, Object(Config\Cache), false)
#8 C:\xampp\htdocs\hospital\public\index.php(37): CodeIgniter\CodeIgniter->run()
#9 C:\xampp\htdocs\hospital\system\Commands\Server\rewrite.php(43): require_once('C:\\xampp\\htdocs...')
#10 {main}
CRITICAL - 2022-01-19 06:07:42 --> Too few arguments to function App\Controllers\Patient::profile(), 0 passed in C:\xampp\htdocs\hospital\system\CodeIgniter.php on line 824 and exactly 1 expected
#0 C:\xampp\htdocs\hospital\system\CodeIgniter.php(824): App\Controllers\Patient->profile()
#1 C:\xampp\htdocs\hospital\system\CodeIgniter.php(410): CodeIgniter\CodeIgniter->runController(Object(App\Controllers\Patient))
#2 C:\xampp\htdocs\hospital\system\CodeIgniter.php(318): CodeIgniter\CodeIgniter->handleRequest(NULL, Object(Config\Cache), false)
#3 C:\xampp\htdocs\hospital\public\index.php(37): CodeIgniter\CodeIgniter->run()
#4 C:\xampp\htdocs\hospital\system\Commands\Server\rewrite.php(43): require_once('C:\\xampp\\htdocs...')
#5 {main}
CRITICAL - 2022-01-19 06:07:57 --> Too few arguments to function App\Controllers\Patient::profile(), 0 passed in C:\xampp\htdocs\hospital\system\CodeIgniter.php on line 824 and exactly 1 expected
#0 C:\xampp\htdocs\hospital\system\CodeIgniter.php(824): App\Controllers\Patient->profile()
#1 C:\xampp\htdocs\hospital\system\CodeIgniter.php(410): CodeIgniter\CodeIgniter->runController(Object(App\Controllers\Patient))
#2 C:\xampp\htdocs\hospital\system\CodeIgniter.php(318): CodeIgniter\CodeIgniter->handleRequest(NULL, Object(Config\Cache), false)
#3 C:\xampp\htdocs\hospital\public\index.php(37): CodeIgniter\CodeIgniter->run()
#4 C:\xampp\htdocs\hospital\system\Commands\Server\rewrite.php(43): require_once('C:\\xampp\\htdocs...')
#5 {main}
CRITICAL - 2022-01-19 06:10:53 --> Call to undefined function html_escape()
#0 C:\xampp\htdocs\hospital\system\View\View.php(214): include()
#1 C:\xampp\htdocs\hospital\system\View\View.php(217): CodeIgniter\View\View->CodeIgniter\View\{closure}()
#2 C:\xampp\htdocs\hospital\system\Common.php(1097): CodeIgniter\View\View->render('patient/profile', Array, true)
#3 C:\xampp\htdocs\hospital\app\Controllers\Patient.php(37): view('patient/profile', Array)
#4 C:\xampp\htdocs\hospital\system\CodeIgniter.php(824): App\Controllers\Patient->profile('1')
#5 C:\xampp\htdocs\hospital\system\CodeIgniter.php(410): CodeIgniter\CodeIgniter->runController(Object(App\Controllers\Patient))
#6 C:\xampp\htdocs\hospital\system\CodeIgniter.php(318): CodeIgniter\CodeIgniter->handleRequest(NULL, Object(Config\Cache), false)
#7 C:\xampp\htdocs\hospital\public\index.php(37): CodeIgniter\CodeIgniter->run()
#8 C:\xampp\htdocs\hospital\system\Commands\Server\rewrite.php(43): require_once('C:\\xampp\\htdocs...')
#9 {main}
CRITICAL - 2022-01-19 06:21:47 --> Undefined variable $profile
#0 C:\xampp\htdocs\hospital\app\Views\patient\profile.php(33): CodeIgniter\Debug\Exceptions->errorHandler(2, 'Undefined varia...', 'C:\\xampp\\htdocs...', 33)
#1 C:\xampp\htdocs\hospital\system\View\View.php(214): include('C:\\xampp\\htdocs...')
#2 C:\xampp\htdocs\hospital\system\View\View.php(217): CodeIgniter\View\View->CodeIgniter\View\{closure}()
#3 C:\xampp\htdocs\hospital\system\Common.php(1097): CodeIgniter\View\View->render('patient/profile', Array, true)
#4 C:\xampp\htdocs\hospital\app\Controllers\Patient.php(37): view('patient/profile', Array)
#5 C:\xampp\htdocs\hospital\system\CodeIgniter.php(824): App\Controllers\Patient->profile('1')
#6 C:\xampp\htdocs\hospital\system\CodeIgniter.php(410): CodeIgniter\CodeIgniter->runController(Object(App\Controllers\Patient))
#7 C:\xampp\htdocs\hospital\system\CodeIgniter.php(318): CodeIgniter\CodeIgniter->handleRequest(NULL, Object(Config\Cache), false)
#8 C:\xampp\htdocs\hospital\public\index.php(37): CodeIgniter\CodeIgniter->run()
#9 C:\xampp\htdocs\hospital\system\Commands\Server\rewrite.php(43): require_once('C:\\xampp\\htdocs...')
#10 {main}
CRITICAL - 2022-01-19 06:22:26 --> Call to undefined function html_escape()
#0 C:\xampp\htdocs\hospital\system\View\View.php(214): include()
#1 C:\xampp\htdocs\hospital\system\View\View.php(217): CodeIgniter\View\View->CodeIgniter\View\{closure}()
#2 C:\xampp\htdocs\hospital\system\Common.php(1097): CodeIgniter\View\View->render('patient/profile', Array, true)
#3 C:\xampp\htdocs\hospital\app\Controllers\Patient.php(37): view('patient/profile', Array)
#4 C:\xampp\htdocs\hospital\system\CodeIgniter.php(824): App\Controllers\Patient->profile('1')
#5 C:\xampp\htdocs\hospital\system\CodeIgniter.php(410): CodeIgniter\CodeIgniter->runController(Object(App\Controllers\Patient))
#6 C:\xampp\htdocs\hospital\system\CodeIgniter.php(318): CodeIgniter\CodeIgniter->handleRequest(NULL, Object(Config\Cache), false)
#7 C:\xampp\htdocs\hospital\public\index.php(37): CodeIgniter\CodeIgniter->run()
#8 C:\xampp\htdocs\hospital\system\Commands\Server\rewrite.php(43): require_once('C:\\xampp\\htdocs...')
#9 {main}
CRITICAL - 2022-01-19 06:28:40 --> Call to undefined function html_escape()
#0 C:\xampp\htdocs\hospital\system\View\View.php(214): include()
#1 C:\xampp\htdocs\hospital\system\View\View.php(217): CodeIgniter\View\View->CodeIgniter\View\{closure}()
#2 C:\xampp\htdocs\hospital\system\Common.php(1097): CodeIgniter\View\View->render('patient/profile', Array, true)
#3 C:\xampp\htdocs\hospital\app\Controllers\Patient.php(37): view('patient/profile', Array)
#4 C:\xampp\htdocs\hospital\system\CodeIgniter.php(824): App\Controllers\Patient->profile('1')
#5 C:\xampp\htdocs\hospital\system\CodeIgniter.php(410): CodeIgniter\CodeIgniter->runController(Object(App\Controllers\Patient))
#6 C:\xampp\htdocs\hospital\system\CodeIgniter.php(318): CodeIgniter\CodeIgniter->handleRequest(NULL, Object(Config\Cache), false)
#7 C:\xampp\htdocs\hospital\public\index.php(37): CodeIgniter\CodeIgniter->run()
#8 C:\xampp\htdocs\hospital\system\Commands\Server\rewrite.php(43): require_once('C:\\xampp\\htdocs...')
#9 {main}
CRITICAL - 2022-01-19 06:29:39 --> Call to undefined function display()
#0 C:\xampp\htdocs\hospital\system\View\View.php(214): include()
#1 C:\xampp\htdocs\hospital\system\View\View.php(217): CodeIgniter\View\View->CodeIgniter\View\{closure}()
#2 C:\xampp\htdocs\hospital\system\Common.php(1097): CodeIgniter\View\View->render('patient/profile', Array, true)
#3 C:\xampp\htdocs\hospital\app\Controllers\Patient.php(37): view('patient/profile', Array)
#4 C:\xampp\htdocs\hospital\system\CodeIgniter.php(824): App\Controllers\Patient->profile('1')
#5 C:\xampp\htdocs\hospital\system\CodeIgniter.php(410): CodeIgniter\CodeIgniter->runController(Object(App\Controllers\Patient))
#6 C:\xampp\htdocs\hospital\system\CodeIgniter.php(318): CodeIgniter\CodeIgniter->handleRequest(NULL, Object(Config\Cache), false)
#7 C:\xampp\htdocs\hospital\public\index.php(37): CodeIgniter\CodeIgniter->run()
#8 C:\xampp\htdocs\hospital\system\Commands\Server\rewrite.php(43): require_once('C:\\xampp\\htdocs...')
#9 {main}
CRITICAL - 2022-01-19 06:30:08 --> Call to undefined function html_escape()
#0 C:\xampp\htdocs\hospital\system\View\View.php(214): include()
#1 C:\xampp\htdocs\hospital\system\View\View.php(217): CodeIgniter\View\View->CodeIgniter\View\{closure}()
#2 C:\xampp\htdocs\hospital\system\Common.php(1097): CodeIgniter\View\View->render('patient/profile', Array, true)
#3 C:\xampp\htdocs\hospital\app\Controllers\Patient.php(37): view('patient/profile', Array)
#4 C:\xampp\htdocs\hospital\system\CodeIgniter.php(824): App\Controllers\Patient->profile('1')
#5 C:\xampp\htdocs\hospital\system\CodeIgniter.php(410): CodeIgniter\CodeIgniter->runController(Object(App\Controllers\Patient))
#6 C:\xampp\htdocs\hospital\system\CodeIgniter.php(318): CodeIgniter\CodeIgniter->handleRequest(NULL, Object(Config\Cache), false)
#7 C:\xampp\htdocs\hospital\public\index.php(37): CodeIgniter\CodeIgniter->run()
#8 C:\xampp\htdocs\hospital\system\Commands\Server\rewrite.php(43): require_once('C:\\xampp\\htdocs...')
#9 {main}
CRITICAL - 2022-01-19 06:32:57 --> Call to undefined function html_escape()
#0 C:\xampp\htdocs\hospital\system\View\View.php(214): include()
#1 C:\xampp\htdocs\hospital\system\View\View.php(217): CodeIgniter\View\View->CodeIgniter\View\{closure}()
#2 C:\xampp\htdocs\hospital\system\Common.php(1097): CodeIgniter\View\View->render('patient/profile', Array, true)
#3 C:\xampp\htdocs\hospital\app\Controllers\Patient.php(37): view('patient/profile', Array)
#4 C:\xampp\htdocs\hospital\system\CodeIgniter.php(824): App\Controllers\Patient->profile('1')
#5 C:\xampp\htdocs\hospital\system\CodeIgniter.php(410): CodeIgniter\CodeIgniter->runController(Object(App\Controllers\Patient))
#6 C:\xampp\htdocs\hospital\system\CodeIgniter.php(318): CodeIgniter\CodeIgniter->handleRequest(NULL, Object(Config\Cache), false)
#7 C:\xampp\htdocs\hospital\public\index.php(37): CodeIgniter\CodeIgniter->run()
#8 C:\xampp\htdocs\hospital\system\Commands\Server\rewrite.php(43): require_once('C:\\xampp\\htdocs...')
#9 {main}
CRITICAL - 2022-01-19 06:33:58 --> Call to undefined function html_escape()
#0 C:\xampp\htdocs\hospital\system\View\View.php(214): include()
#1 C:\xampp\htdocs\hospital\system\View\View.php(217): CodeIgniter\View\View->CodeIgniter\View\{closure}()
#2 C:\xampp\htdocs\hospital\system\Common.php(1097): CodeIgniter\View\View->render('patient/profile', Array, true)
#3 C:\xampp\htdocs\hospital\app\Controllers\Patient.php(37): view('patient/profile', Array)
#4 C:\xampp\htdocs\hospital\system\CodeIgniter.php(824): App\Controllers\Patient->profile('1')
#5 C:\xampp\htdocs\hospital\system\CodeIgniter.php(410): CodeIgniter\CodeIgniter->runController(Object(App\Controllers\Patient))
#6 C:\xampp\htdocs\hospital\system\CodeIgniter.php(318): CodeIgniter\CodeIgniter->handleRequest(NULL, Object(Config\Cache), false)
#7 C:\xampp\htdocs\hospital\public\index.php(37): CodeIgniter\CodeIgniter->run()
#8 C:\xampp\htdocs\hospital\system\Commands\Server\rewrite.php(43): require_once('C:\\xampp\\htdocs...')
#9 {main}
CRITICAL - 2022-01-19 06:34:27 --> Call to undefined function html_escape()
#0 C:\xampp\htdocs\hospital\system\View\View.php(214): include()
#1 C:\xampp\htdocs\hospital\system\View\View.php(217): CodeIgniter\View\View->CodeIgniter\View\{closure}()
#2 C:\xampp\htdocs\hospital\system\Common.php(1097): CodeIgniter\View\View->render('patient/profile', Array, true)
#3 C:\xampp\htdocs\hospital\app\Controllers\Patient.php(37): view('patient/profile', Array)
#4 C:\xampp\htdocs\hospital\system\CodeIgniter.php(824): App\Controllers\Patient->profile('1')
#5 C:\xampp\htdocs\hospital\system\CodeIgniter.php(410): CodeIgniter\CodeIgniter->runController(Object(App\Controllers\Patient))
#6 C:\xampp\htdocs\hospital\system\CodeIgniter.php(318): CodeIgniter\CodeIgniter->handleRequest(NULL, Object(Config\Cache), false)
#7 C:\xampp\htdocs\hospital\public\index.php(37): CodeIgniter\CodeIgniter->run()
#8 C:\xampp\htdocs\hospital\system\Commands\Server\rewrite.php(43): require_once('C:\\xampp\\htdocs...')
#9 {main}
CRITICAL - 2022-01-19 06:35:03 --> Undefined property: CodeIgniter\View\View::$session
#0 C:\xampp\htdocs\hospital\app\Views\patient\profile.php(96): CodeIgniter\Debug\Exceptions->errorHandler(2, 'Undefined prope...', 'C:\\xampp\\htdocs...', 96)
#1 C:\xampp\htdocs\hospital\system\View\View.php(214): include('C:\\xampp\\htdocs...')
#2 C:\xampp\htdocs\hospital\system\View\View.php(217): CodeIgniter\View\View->CodeIgniter\View\{closure}()
#3 C:\xampp\htdocs\hospital\system\Common.php(1097): CodeIgniter\View\View->render('patient/profile', Array, true)
#4 C:\xampp\htdocs\hospital\app\Controllers\Patient.php(37): view('patient/profile', Array)
#5 C:\xampp\htdocs\hospital\system\CodeIgniter.php(824): App\Controllers\Patient->profile('1')
#6 C:\xampp\htdocs\hospital\system\CodeIgniter.php(410): CodeIgniter\CodeIgniter->runController(Object(App\Controllers\Patient))
#7 C:\xampp\htdocs\hospital\system\CodeIgniter.php(318): CodeIgniter\CodeIgniter->handleRequest(NULL, Object(Config\Cache), false)
#8 C:\xampp\htdocs\hospital\public\index.php(37): CodeIgniter\CodeIgniter->run()
#9 C:\xampp\htdocs\hospital\system\Commands\Server\rewrite.php(43): require_once('C:\\xampp\\htdocs...')
#10 {main}
CRITICAL - 2022-01-19 06:49:19 --> Too few arguments to function App\Controllers\Patient::profile(), 0 passed in C:\xampp\htdocs\hospital\system\CodeIgniter.php on line 824 and exactly 1 expected
#0 C:\xampp\htdocs\hospital\system\CodeIgniter.php(824): App\Controllers\Patient->profile()
#1 C:\xampp\htdocs\hospital\system\CodeIgniter.php(410): CodeIgniter\CodeIgniter->runController(Object(App\Controllers\Patient))
#2 C:\xampp\htdocs\hospital\system\CodeIgniter.php(318): CodeIgniter\CodeIgniter->handleRequest(NULL, Object(Config\Cache), false)
#3 C:\xampp\htdocs\hospital\public\index.php(37): CodeIgniter\CodeIgniter->run()
#4 C:\xampp\htdocs\hospital\system\Commands\Server\rewrite.php(43): require_once('C:\\xampp\\htdocs...')
#5 {main}
CRITICAL - 2022-01-19 07:09:09 --> Too few arguments to function App\Controllers\Patient::profile(), 0 passed in C:\xampp\htdocs\hospital\system\CodeIgniter.php on line 824 and exactly 1 expected
#0 C:\xampp\htdocs\hospital\system\CodeIgniter.php(824): App\Controllers\Patient->profile()
#1 C:\xampp\htdocs\hospital\system\CodeIgniter.php(410): CodeIgniter\CodeIgniter->runController(Object(App\Controllers\Patient))
#2 C:\xampp\htdocs\hospital\system\CodeIgniter.php(318): CodeIgniter\CodeIgniter->handleRequest(NULL, Object(Config\Cache), false)
#3 C:\xampp\htdocs\hospital\public\index.php(37): CodeIgniter\CodeIgniter->run()
#4 C:\xampp\htdocs\hospital\system\Commands\Server\rewrite.php(43): require_once('C:\\xampp\\htdocs...')
#5 {main}
CRITICAL - 2022-01-19 07:09:15 --> Too few arguments to function App\Controllers\Patient::profile(), 0 passed in C:\xampp\htdocs\hospital\system\CodeIgniter.php on line 824 and exactly 1 expected
#0 C:\xampp\htdocs\hospital\system\CodeIgniter.php(824): App\Controllers\Patient->profile()
#1 C:\xampp\htdocs\hospital\system\CodeIgniter.php(410): CodeIgniter\CodeIgniter->runController(Object(App\Controllers\Patient))
#2 C:\xampp\htdocs\hospital\system\CodeIgniter.php(318): CodeIgniter\CodeIgniter->handleRequest(NULL, Object(Config\Cache), false)
#3 C:\xampp\htdocs\hospital\public\index.php(37): CodeIgniter\CodeIgniter->run()
#4 C:\xampp\htdocs\hospital\system\Commands\Server\rewrite.php(43): require_once('C:\\xampp\\htdocs...')
#5 {main}
CRITICAL - 2022-01-19 07:42:29 --> Call to undefined function display()
#0 C:\xampp\htdocs\hospital\system\View\View.php(214): include()
#1 C:\xampp\htdocs\hospital\system\View\View.php(217): CodeIgniter\View\View->CodeIgniter\View\{closure}()
#2 C:\xampp\htdocs\hospital\system\Common.php(1097): CodeIgniter\View\View->render('patient/create', Array, true)
#3 C:\xampp\htdocs\hospital\app\Controllers\Patient.php(48): view('patient/create', Array)
#4 C:\xampp\htdocs\hospital\system\CodeIgniter.php(824): App\Controllers\Patient->create()
#5 C:\xampp\htdocs\hospital\system\CodeIgniter.php(410): CodeIgniter\CodeIgniter->runController(Object(App\Controllers\Patient))
#6 C:\xampp\htdocs\hospital\system\CodeIgniter.php(318): CodeIgniter\CodeIgniter->handleRequest(NULL, Object(Config\Cache), false)
#7 C:\xampp\htdocs\hospital\public\index.php(37): CodeIgniter\CodeIgniter->run()
#8 C:\xampp\htdocs\hospital\system\Commands\Server\rewrite.php(43): require_once('C:\\xampp\\htdocs...')
#9 {main}
CRITICAL - 2022-01-19 07:51:53 --> Call to undefined function html_escape()
#0 C:\xampp\htdocs\hospital\system\View\View.php(214): include()
#1 C:\xampp\htdocs\hospital\system\View\View.php(217): CodeIgniter\View\View->CodeIgniter\View\{closure}()
#2 C:\xampp\htdocs\hospital\system\Common.php(1097): CodeIgniter\View\View->render('patient/create', Array, true)
#3 C:\xampp\htdocs\hospital\app\Controllers\Patient.php(48): view('patient/create', Array)
#4 C:\xampp\htdocs\hospital\system\CodeIgniter.php(824): App\Controllers\Patient->create()
#5 C:\xampp\htdocs\hospital\system\CodeIgniter.php(410): CodeIgniter\CodeIgniter->runController(Object(App\Controllers\Patient))
#6 C:\xampp\htdocs\hospital\system\CodeIgniter.php(318): CodeIgniter\CodeIgniter->handleRequest(NULL, Object(Config\Cache), false)
#7 C:\xampp\htdocs\hospital\public\index.php(37): CodeIgniter\CodeIgniter->run()
#8 C:\xampp\htdocs\hospital\system\Commands\Server\rewrite.php(43): require_once('C:\\xampp\\htdocs...')
#9 {main}
CRITICAL - 2022-01-19 07:52:15 --> Call to undefined function html_escape()
#0 C:\xampp\htdocs\hospital\system\View\View.php(214): include()
#1 C:\xampp\htdocs\hospital\system\View\View.php(217): CodeIgniter\View\View->CodeIgniter\View\{closure}()
#2 C:\xampp\htdocs\hospital\system\Common.php(1097): CodeIgniter\View\View->render('patient/create', Array, true)
#3 C:\xampp\htdocs\hospital\app\Controllers\Patient.php(48): view('patient/create', Array)
#4 C:\xampp\htdocs\hospital\system\CodeIgniter.php(824): App\Controllers\Patient->create()
#5 C:\xampp\htdocs\hospital\system\CodeIgniter.php(410): CodeIgniter\CodeIgniter->runController(Object(App\Controllers\Patient))
#6 C:\xampp\htdocs\hospital\system\CodeIgniter.php(318): CodeIgniter\CodeIgniter->handleRequest(NULL, Object(Config\Cache), false)
#7 C:\xampp\htdocs\hospital\public\index.php(37): CodeIgniter\CodeIgniter->run()
#8 C:\xampp\htdocs\hospital\system\Commands\Server\rewrite.php(43): require_once('C:\\xampp\\htdocs...')
#9 {main}
CRITICAL - 2022-01-19 07:52:43 --> Call to undefined function display()
#0 C:\xampp\htdocs\hospital\system\View\View.php(214): include()
#1 C:\xampp\htdocs\hospital\system\View\View.php(217): CodeIgniter\View\View->CodeIgniter\View\{closure}()
#2 C:\xampp\htdocs\hospital\system\Common.php(1097): CodeIgniter\View\View->render('patient/create', Array, true)
#3 C:\xampp\htdocs\hospital\app\Controllers\Patient.php(48): view('patient/create', Array)
#4 C:\xampp\htdocs\hospital\system\CodeIgniter.php(824): App\Controllers\Patient->create()
#5 C:\xampp\htdocs\hospital\system\CodeIgniter.php(410): CodeIgniter\CodeIgniter->runController(Object(App\Controllers\Patient))
#6 C:\xampp\htdocs\hospital\system\CodeIgniter.php(318): CodeIgniter\CodeIgniter->handleRequest(NULL, Object(Config\Cache), false)
#7 C:\xampp\htdocs\hospital\public\index.php(37): CodeIgniter\CodeIgniter->run()
#8 C:\xampp\htdocs\hospital\system\Commands\Server\rewrite.php(43): require_once('C:\\xampp\\htdocs...')
#9 {main}
