ERROR - 2022-05-30 01:25:01 --> Duplicate entry '0' for key 'schedule_id'
CRITICAL - 2022-05-30 01:25:01 --> Duplicate entry '0' for key 'schedule_id'
#0 C:\wamp64\www\hospital-information-system\system\Database\MySQLi\Connection.php(292): mysqli->query('INSERT INTO `ap...', 0)
#1 C:\wamp64\www\hospital-information-system\system\Database\BaseConnection.php(670): CodeIgniter\Database\MySQLi\Connection->execute('INSERT INTO `ap...')
#2 C:\wamp64\www\hospital-information-system\system\Database\BaseConnection.php(598): CodeIgniter\Database\BaseConnection->simpleQuery('INSERT INTO `ap...')
#3 C:\wamp64\www\hospital-information-system\system\Database\BaseBuilder.php(1759): CodeIgniter\Database\BaseConnection->query('INSERT INTO `ap...', Array, false)
#4 C:\wamp64\www\hospital-information-system\system\Model.php(239): CodeIgniter\Database\BaseBuilder->insert()
#5 C:\wamp64\www\hospital-information-system\system\BaseModel.php(738): CodeIgniter\Model->doInsert(Array)
#6 C:\wamp64\www\hospital-information-system\system\Model.php(620): CodeIgniter\BaseModel->insert(Array, false)
#7 C:\wamp64\www\hospital-information-system\system\BaseModel.php(658): CodeIgniter\Model->insert(Array, false)
#8 C:\wamp64\www\hospital-information-system\app\Controllers\Appointment.php(68): CodeIgniter\BaseModel->save(Array)
#9 C:\wamp64\www\hospital-information-system\system\CodeIgniter.php(824): App\Controllers\Appointment->create()
#10 C:\wamp64\www\hospital-information-system\system\CodeIgniter.php(410): CodeIgniter\CodeIgniter->runController(Object(App\Controllers\Appointment))
#11 C:\wamp64\www\hospital-information-system\system\CodeIgniter.php(318): CodeIgniter\CodeIgniter->handleRequest(NULL, Object(Config\Cache), false)
#12 C:\wamp64\www\hospital-information-system\public\index.php(37): CodeIgniter\CodeIgniter->run()
#13 C:\wamp64\www\hospital-information-system\system\Commands\Server\rewrite.php(43): require_once('C:\\wamp64\\www\\h...')
#14 {main}
ERROR - 2022-05-30 01:27:00 --> Duplicate entry '0' for key 'schedule_id'
CRITICAL - 2022-05-30 01:27:00 --> Duplicate entry '0' for key 'schedule_id'
#0 C:\wamp64\www\hospital-information-system\system\Database\MySQLi\Connection.php(292): mysqli->query('INSERT INTO `ap...', 0)
#1 C:\wamp64\www\hospital-information-system\system\Database\BaseConnection.php(670): CodeIgniter\Database\MySQLi\Connection->execute('INSERT INTO `ap...')
#2 C:\wamp64\www\hospital-information-system\system\Database\BaseConnection.php(598): CodeIgniter\Database\BaseConnection->simpleQuery('INSERT INTO `ap...')
#3 C:\wamp64\www\hospital-information-system\system\Database\BaseBuilder.php(1759): CodeIgniter\Database\BaseConnection->query('INSERT INTO `ap...', Array, false)
#4 C:\wamp64\www\hospital-information-system\system\Model.php(239): CodeIgniter\Database\BaseBuilder->insert()
#5 C:\wamp64\www\hospital-information-system\system\BaseModel.php(738): CodeIgniter\Model->doInsert(Array)
#6 C:\wamp64\www\hospital-information-system\system\Model.php(620): CodeIgniter\BaseModel->insert(Array, false)
#7 C:\wamp64\www\hospital-information-system\system\BaseModel.php(658): CodeIgniter\Model->insert(Array, false)
#8 C:\wamp64\www\hospital-information-system\app\Controllers\Appointment.php(68): CodeIgniter\BaseModel->save(Array)
#9 C:\wamp64\www\hospital-information-system\system\CodeIgniter.php(824): App\Controllers\Appointment->create()
#10 C:\wamp64\www\hospital-information-system\system\CodeIgniter.php(410): CodeIgniter\CodeIgniter->runController(Object(App\Controllers\Appointment))
#11 C:\wamp64\www\hospital-information-system\system\CodeIgniter.php(318): CodeIgniter\CodeIgniter->handleRequest(NULL, Object(Config\Cache), false)
#12 C:\wamp64\www\hospital-information-system\public\index.php(37): CodeIgniter\CodeIgniter->run()
#13 C:\wamp64\www\hospital-information-system\system\Commands\Server\rewrite.php(43): require_once('C:\\wamp64\\www\\h...')
#14 {main}
ERROR - 2022-05-30 01:27:56 --> Duplicate entry '0' for key 'schedule_id'
CRITICAL - 2022-05-30 01:27:56 --> Duplicate entry '0' for key 'schedule_id'
#0 C:\wamp64\www\hospital-information-system\system\Database\MySQLi\Connection.php(292): mysqli->query('INSERT INTO `ap...', 0)
#1 C:\wamp64\www\hospital-information-system\system\Database\BaseConnection.php(670): CodeIgniter\Database\MySQLi\Connection->execute('INSERT INTO `ap...')
#2 C:\wamp64\www\hospital-information-system\system\Database\BaseConnection.php(598): CodeIgniter\Database\BaseConnection->simpleQuery('INSERT INTO `ap...')
#3 C:\wamp64\www\hospital-information-system\system\Database\BaseBuilder.php(1759): CodeIgniter\Database\BaseConnection->query('INSERT INTO `ap...', Array, false)
#4 C:\wamp64\www\hospital-information-system\system\Model.php(239): CodeIgniter\Database\BaseBuilder->insert()
#5 C:\wamp64\www\hospital-information-system\system\BaseModel.php(738): CodeIgniter\Model->doInsert(Array)
#6 C:\wamp64\www\hospital-information-system\system\Model.php(620): CodeIgniter\BaseModel->insert(Array, false)
#7 C:\wamp64\www\hospital-information-system\system\BaseModel.php(658): CodeIgniter\Model->insert(Array, false)
#8 C:\wamp64\www\hospital-information-system\app\Controllers\Appointment.php(68): CodeIgniter\BaseModel->save(Array)
#9 C:\wamp64\www\hospital-information-system\system\CodeIgniter.php(824): App\Controllers\Appointment->create()
#10 C:\wamp64\www\hospital-information-system\system\CodeIgniter.php(410): CodeIgniter\CodeIgniter->runController(Object(App\Controllers\Appointment))
#11 C:\wamp64\www\hospital-information-system\system\CodeIgniter.php(318): CodeIgniter\CodeIgniter->handleRequest(NULL, Object(Config\Cache), false)
#12 C:\wamp64\www\hospital-information-system\public\index.php(37): CodeIgniter\CodeIgniter->run()
#13 C:\wamp64\www\hospital-information-system\system\Commands\Server\rewrite.php(43): require_once('C:\\wamp64\\www\\h...')
#14 {main}
ERROR - 2022-05-30 01:28:00 --> Duplicate entry '0' for key 'schedule_id'
CRITICAL - 2022-05-30 01:28:00 --> Duplicate entry '0' for key 'schedule_id'
#0 C:\wamp64\www\hospital-information-system\system\Database\MySQLi\Connection.php(292): mysqli->query('INSERT INTO `ap...', 0)
#1 C:\wamp64\www\hospital-information-system\system\Database\BaseConnection.php(670): CodeIgniter\Database\MySQLi\Connection->execute('INSERT INTO `ap...')
#2 C:\wamp64\www\hospital-information-system\system\Database\BaseConnection.php(598): CodeIgniter\Database\BaseConnection->simpleQuery('INSERT INTO `ap...')
#3 C:\wamp64\www\hospital-information-system\system\Database\BaseBuilder.php(1759): CodeIgniter\Database\BaseConnection->query('INSERT INTO `ap...', Array, false)
#4 C:\wamp64\www\hospital-information-system\system\Model.php(239): CodeIgniter\Database\BaseBuilder->insert()
#5 C:\wamp64\www\hospital-information-system\system\BaseModel.php(738): CodeIgniter\Model->doInsert(Array)
#6 C:\wamp64\www\hospital-information-system\system\Model.php(620): CodeIgniter\BaseModel->insert(Array, false)
#7 C:\wamp64\www\hospital-information-system\system\BaseModel.php(658): CodeIgniter\Model->insert(Array, false)
#8 C:\wamp64\www\hospital-information-system\app\Controllers\Appointment.php(68): CodeIgniter\BaseModel->save(Array)
#9 C:\wamp64\www\hospital-information-system\system\CodeIgniter.php(824): App\Controllers\Appointment->create()
#10 C:\wamp64\www\hospital-information-system\system\CodeIgniter.php(410): CodeIgniter\CodeIgniter->runController(Object(App\Controllers\Appointment))
#11 C:\wamp64\www\hospital-information-system\system\CodeIgniter.php(318): CodeIgniter\CodeIgniter->handleRequest(NULL, Object(Config\Cache), false)
#12 C:\wamp64\www\hospital-information-system\public\index.php(37): CodeIgniter\CodeIgniter->run()
#13 C:\wamp64\www\hospital-information-system\system\Commands\Server\rewrite.php(43): require_once('C:\\wamp64\\www\\h...')
#14 {main}
ERROR - 2022-05-30 01:28:20 --> Duplicate entry '0' for key 'schedule_id'
CRITICAL - 2022-05-30 01:28:20 --> Duplicate entry '0' for key 'schedule_id'
#0 C:\wamp64\www\hospital-information-system\system\Database\MySQLi\Connection.php(292): mysqli->query('INSERT INTO `ap...', 0)
#1 C:\wamp64\www\hospital-information-system\system\Database\BaseConnection.php(670): CodeIgniter\Database\MySQLi\Connection->execute('INSERT INTO `ap...')
#2 C:\wamp64\www\hospital-information-system\system\Database\BaseConnection.php(598): CodeIgniter\Database\BaseConnection->simpleQuery('INSERT INTO `ap...')
#3 C:\wamp64\www\hospital-information-system\system\Database\BaseBuilder.php(1759): CodeIgniter\Database\BaseConnection->query('INSERT INTO `ap...', Array, false)
#4 C:\wamp64\www\hospital-information-system\system\Model.php(239): CodeIgniter\Database\BaseBuilder->insert()
#5 C:\wamp64\www\hospital-information-system\system\BaseModel.php(738): CodeIgniter\Model->doInsert(Array)
#6 C:\wamp64\www\hospital-information-system\system\Model.php(620): CodeIgniter\BaseModel->insert(Array, false)
#7 C:\wamp64\www\hospital-information-system\system\BaseModel.php(658): CodeIgniter\Model->insert(Array, false)
#8 C:\wamp64\www\hospital-information-system\app\Controllers\Appointment.php(68): CodeIgniter\BaseModel->save(Array)
#9 C:\wamp64\www\hospital-information-system\system\CodeIgniter.php(824): App\Controllers\Appointment->create()
#10 C:\wamp64\www\hospital-information-system\system\CodeIgniter.php(410): CodeIgniter\CodeIgniter->runController(Object(App\Controllers\Appointment))
#11 C:\wamp64\www\hospital-information-system\system\CodeIgniter.php(318): CodeIgniter\CodeIgniter->handleRequest(NULL, Object(Config\Cache), false)
#12 C:\wamp64\www\hospital-information-system\public\index.php(37): CodeIgniter\CodeIgniter->run()
#13 C:\wamp64\www\hospital-information-system\system\Commands\Server\rewrite.php(43): require_once('C:\\wamp64\\www\\h...')
#14 {main}
ERROR - 2022-05-30 01:30:16 --> Duplicate entry '0' for key 'schedule_id'
CRITICAL - 2022-05-30 01:30:16 --> Duplicate entry '0' for key 'schedule_id'
#0 C:\wamp64\www\hospital-information-system\system\Database\MySQLi\Connection.php(292): mysqli->query('INSERT INTO `ap...', 0)
#1 C:\wamp64\www\hospital-information-system\system\Database\BaseConnection.php(670): CodeIgniter\Database\MySQLi\Connection->execute('INSERT INTO `ap...')
#2 C:\wamp64\www\hospital-information-system\system\Database\BaseConnection.php(598): CodeIgniter\Database\BaseConnection->simpleQuery('INSERT INTO `ap...')
#3 C:\wamp64\www\hospital-information-system\system\Database\BaseBuilder.php(1759): CodeIgniter\Database\BaseConnection->query('INSERT INTO `ap...', Array, false)
#4 C:\wamp64\www\hospital-information-system\system\Model.php(239): CodeIgniter\Database\BaseBuilder->insert()
#5 C:\wamp64\www\hospital-information-system\system\BaseModel.php(738): CodeIgniter\Model->doInsert(Array)
#6 C:\wamp64\www\hospital-information-system\system\Model.php(620): CodeIgniter\BaseModel->insert(Array, false)
#7 C:\wamp64\www\hospital-information-system\system\BaseModel.php(658): CodeIgniter\Model->insert(Array, false)
#8 C:\wamp64\www\hospital-information-system\app\Controllers\Appointment.php(68): CodeIgniter\BaseModel->save(Array)
#9 C:\wamp64\www\hospital-information-system\system\CodeIgniter.php(824): App\Controllers\Appointment->create()
#10 C:\wamp64\www\hospital-information-system\system\CodeIgniter.php(410): CodeIgniter\CodeIgniter->runController(Object(App\Controllers\Appointment))
#11 C:\wamp64\www\hospital-information-system\system\CodeIgniter.php(318): CodeIgniter\CodeIgniter->handleRequest(NULL, Object(Config\Cache), false)
#12 C:\wamp64\www\hospital-information-system\public\index.php(37): CodeIgniter\CodeIgniter->run()
#13 C:\wamp64\www\hospital-information-system\system\Commands\Server\rewrite.php(43): require_once('C:\\wamp64\\www\\h...')
#14 {main}
