CRITICAL - 2022-06-15 11:23:43 --> Undefined array key 0
#0 C:\wamp64\www\hospital-information-system\app\Controllers\Billing.php(253): CodeIgniter\Debug\Exceptions->errorHandler(2, 'Undefined array...', 'C:\\wamp64\\www\\h...', 253)
#1 C:\wamp64\www\hospital-information-system\app\Controllers\Billing.php(45): App\Controllers\Billing->getAppointmentOr404(NULL)
#2 C:\wamp64\www\hospital-information-system\system\CodeIgniter.php(824): App\Controllers\Billing->add()
#3 C:\wamp64\www\hospital-information-system\system\CodeIgniter.php(410): CodeIgniter\CodeIgniter->runController(Object(App\Controllers\Billing))
#4 C:\wamp64\www\hospital-information-system\system\CodeIgniter.php(318): CodeIgniter\CodeIgniter->handleRequest(NULL, Object(Config\Cache), false)
#5 C:\wamp64\www\hospital-information-system\public\index.php(37): CodeIgniter\CodeIgniter->run()
#6 C:\wamp64\www\hospital-information-system\system\Commands\Server\rewrite.php(43): require_once('C:\\wamp64\\www\\h...')
#7 {main}
CRITICAL - 2022-06-15 14:47:33 --> Attempt to read property "password" on array
#0 C:\wamp64\www\hospital-information-system\app\Controllers\Auth.php(34): CodeIgniter\Debug\Exceptions->errorHandler(2, 'Attempt to read...', 'C:\\wamp64\\www\\h...', 34)
#1 C:\wamp64\www\hospital-information-system\system\CodeIgniter.php(824): App\Controllers\Auth->confirm_login()
#2 C:\wamp64\www\hospital-information-system\system\CodeIgniter.php(410): CodeIgniter\CodeIgniter->runController(Object(App\Controllers\Auth))
#3 C:\wamp64\www\hospital-information-system\system\CodeIgniter.php(318): CodeIgniter\CodeIgniter->handleRequest(NULL, Object(Config\Cache), false)
#4 C:\wamp64\www\hospital-information-system\public\index.php(37): CodeIgniter\CodeIgniter->run()
#5 C:\wamp64\www\hospital-information-system\system\Commands\Server\rewrite.php(43): require_once('C:\\wamp64\\www\\h...')
#6 {main}
CRITICAL - 2022-06-15 14:55:46 --> Attempt to read property "id" on array
#0 C:\wamp64\www\hospital-information-system\app\Controllers\Auth.php(36): CodeIgniter\Debug\Exceptions->errorHandler(2, 'Attempt to read...', 'C:\\wamp64\\www\\h...', 36)
#1 C:\wamp64\www\hospital-information-system\system\CodeIgniter.php(824): App\Controllers\Auth->confirm_login()
#2 C:\wamp64\www\hospital-information-system\system\CodeIgniter.php(410): CodeIgniter\CodeIgniter->runController(Object(App\Controllers\Auth))
#3 C:\wamp64\www\hospital-information-system\system\CodeIgniter.php(318): CodeIgniter\CodeIgniter->handleRequest(NULL, Object(Config\Cache), false)
#4 C:\wamp64\www\hospital-information-system\public\index.php(37): CodeIgniter\CodeIgniter->run()
#5 C:\wamp64\www\hospital-information-system\system\Commands\Server\rewrite.php(43): require_once('C:\\wamp64\\www\\h...')
#6 {main}
