ERROR - 2022-01-14 09:42:06 --> Error connecting to the database: No connection could be made because the target machine actively refused it
CRITICAL - 2022-01-14 09:42:06 --> Unable to connect to the database.
Main connection [MySQLi]: No connection could be made because the target machine actively refused it
#0 C:\xampp\htdocs\hospital\system\Database\BaseConnection.php(577): CodeIgniter\Database\BaseConnection->initialize()
#1 C:\xampp\htdocs\hospital\system\Database\BaseBuilder.php(1443): CodeIgniter\Database\BaseConnection->query('SELECT *\nFROM `...', Array, false)
#2 C:\xampp\htdocs\hospital\system\Model.php(210): CodeIgniter\Database\BaseBuilder->get()
#3 C:\xampp\htdocs\hospital\system\BaseModel.php(622): CodeIgniter\Model->doFirst()
#4 C:\xampp\htdocs\hospital\app\Controllers\Auth.php(19): CodeIgniter\BaseModel->first()
#5 C:\xampp\htdocs\hospital\system\CodeIgniter.php(824): App\Controllers\Auth->login()
#6 C:\xampp\htdocs\hospital\system\CodeIgniter.php(410): CodeIgniter\CodeIgniter->runController(Object(App\Controllers\Auth))
#7 C:\xampp\htdocs\hospital\system\CodeIgniter.php(318): CodeIgniter\CodeIgniter->handleRequest(NULL, Object(Config\Cache), false)
#8 C:\xampp\htdocs\hospital\public\index.php(37): CodeIgniter\CodeIgniter->run()
#9 C:\xampp\htdocs\hospital\system\Commands\Server\rewrite.php(43): require_once('C:\\xampp\\htdocs...')
#10 {main}
ERROR - 2022-01-14 09:42:10 --> Error connecting to the database: No connection could be made because the target machine actively refused it
CRITICAL - 2022-01-14 09:42:10 --> Unable to connect to the database.
Main connection [MySQLi]: No connection could be made because the target machine actively refused it
#0 C:\xampp\htdocs\hospital\system\Database\BaseConnection.php(577): CodeIgniter\Database\BaseConnection->initialize()
#1 C:\xampp\htdocs\hospital\system\Database\BaseBuilder.php(1443): CodeIgniter\Database\BaseConnection->query('SELECT *\nFROM `...', Array, false)
#2 C:\xampp\htdocs\hospital\system\Model.php(210): CodeIgniter\Database\BaseBuilder->get()
#3 C:\xampp\htdocs\hospital\system\BaseModel.php(622): CodeIgniter\Model->doFirst()
#4 C:\xampp\htdocs\hospital\app\Controllers\Auth.php(19): CodeIgniter\BaseModel->first()
#5 C:\xampp\htdocs\hospital\system\CodeIgniter.php(824): App\Controllers\Auth->login()
#6 C:\xampp\htdocs\hospital\system\CodeIgniter.php(410): CodeIgniter\CodeIgniter->runController(Object(App\Controllers\Auth))
#7 C:\xampp\htdocs\hospital\system\CodeIgniter.php(318): CodeIgniter\CodeIgniter->handleRequest(NULL, Object(Config\Cache), false)
#8 C:\xampp\htdocs\hospital\public\index.php(37): CodeIgniter\CodeIgniter->run()
#9 C:\xampp\htdocs\hospital\system\Commands\Server\rewrite.php(43): require_once('C:\\xampp\\htdocs...')
#10 {main}
CRITICAL - 2022-01-14 10:54:37 --> Call to undefined method App\Models\UserModel::read
#0 C:\xampp\htdocs\hospital\app\Controllers\HumanResources\Employee.php(31): CodeIgniter\Model->__call('read', Array)
#1 C:\xampp\htdocs\hospital\system\CodeIgniter.php(824): App\Controllers\HumanResources\Employee->index('admin')
#2 C:\xampp\htdocs\hospital\system\CodeIgniter.php(410): CodeIgniter\CodeIgniter->runController(Object(App\Controllers\HumanResources\Employee))
#3 C:\xampp\htdocs\hospital\system\CodeIgniter.php(318): CodeIgniter\CodeIgniter->handleRequest(NULL, Object(Config\Cache), false)
#4 C:\xampp\htdocs\hospital\public\index.php(37): CodeIgniter\CodeIgniter->run()
#5 C:\xampp\htdocs\hospital\system\Commands\Server\rewrite.php(43): require_once('C:\\xampp\\htdocs...')
#6 {main}
CRITICAL - 2022-01-14 10:56:24 --> Call to undefined method App\Models\UserModel::read
#0 C:\xampp\htdocs\hospital\app\Controllers\HumanResources\Employee.php(31): CodeIgniter\Model->__call('read', Array)
#1 C:\xampp\htdocs\hospital\system\CodeIgniter.php(824): App\Controllers\HumanResources\Employee->index('admin')
#2 C:\xampp\htdocs\hospital\system\CodeIgniter.php(410): CodeIgniter\CodeIgniter->runController(Object(App\Controllers\HumanResources\Employee))
#3 C:\xampp\htdocs\hospital\system\CodeIgniter.php(318): CodeIgniter\CodeIgniter->handleRequest(NULL, Object(Config\Cache), false)
#4 C:\xampp\htdocs\hospital\public\index.php(37): CodeIgniter\CodeIgniter->run()
#5 C:\xampp\htdocs\hospital\system\Commands\Server\rewrite.php(43): require_once('C:\\xampp\\htdocs...')
#6 {main}
CRITICAL - 2022-01-14 11:01:15 --> Call to undefined method CodeIgniter\Database\MySQLi\Connection::select()
#0 C:\xampp\htdocs\hospital\app\Controllers\HumanResources\Employee.php(31): App\Models\UserModel->read(1)
#1 C:\xampp\htdocs\hospital\system\CodeIgniter.php(824): App\Controllers\HumanResources\Employee->index('admin')
#2 C:\xampp\htdocs\hospital\system\CodeIgniter.php(410): CodeIgniter\CodeIgniter->runController(Object(App\Controllers\HumanResources\Employee))
#3 C:\xampp\htdocs\hospital\system\CodeIgniter.php(318): CodeIgniter\CodeIgniter->handleRequest(NULL, Object(Config\Cache), false)
#4 C:\xampp\htdocs\hospital\public\index.php(37): CodeIgniter\CodeIgniter->run()
#5 C:\xampp\htdocs\hospital\system\Commands\Server\rewrite.php(43): require_once('C:\\xampp\\htdocs...')
#6 {main}
CRITICAL - 2022-01-14 11:02:31 --> Call to undefined method CodeIgniter\Database\MySQLi\Connection::select()
#0 C:\xampp\htdocs\hospital\app\Controllers\HumanResources\Employee.php(31): App\Models\UserModel->read(1)
#1 C:\xampp\htdocs\hospital\system\CodeIgniter.php(824): App\Controllers\HumanResources\Employee->index('admin')
#2 C:\xampp\htdocs\hospital\system\CodeIgniter.php(410): CodeIgniter\CodeIgniter->runController(Object(App\Controllers\HumanResources\Employee))
#3 C:\xampp\htdocs\hospital\system\CodeIgniter.php(318): CodeIgniter\CodeIgniter->handleRequest(NULL, Object(Config\Cache), false)
#4 C:\xampp\htdocs\hospital\public\index.php(37): CodeIgniter\CodeIgniter->run()
#5 C:\xampp\htdocs\hospital\system\Commands\Server\rewrite.php(43): require_once('C:\\xampp\\htdocs...')
#6 {main}
CRITICAL - 2022-01-14 11:03:09 --> Call to undefined method CodeIgniter\Database\MySQLi\Connection::select()
#0 C:\xampp\htdocs\hospital\app\Controllers\HumanResources\Employee.php(31): App\Models\UserModel->read(1)
#1 C:\xampp\htdocs\hospital\system\CodeIgniter.php(824): App\Controllers\HumanResources\Employee->index('admin')
#2 C:\xampp\htdocs\hospital\system\CodeIgniter.php(410): CodeIgniter\CodeIgniter->runController(Object(App\Controllers\HumanResources\Employee))
#3 C:\xampp\htdocs\hospital\system\CodeIgniter.php(318): CodeIgniter\CodeIgniter->handleRequest(NULL, Object(Config\Cache), false)
#4 C:\xampp\htdocs\hospital\public\index.php(37): CodeIgniter\CodeIgniter->run()
#5 C:\xampp\htdocs\hospital\system\Commands\Server\rewrite.php(43): require_once('C:\\xampp\\htdocs...')
#6 {main}
CRITICAL - 2022-01-14 11:03:59 --> Call to undefined method CodeIgniter\Database\MySQLi\Connection::select()
#0 C:\xampp\htdocs\hospital\app\Controllers\HumanResources\Employee.php(31): App\Models\UserModel->read(1)
#1 C:\xampp\htdocs\hospital\system\CodeIgniter.php(824): App\Controllers\HumanResources\Employee->index('admin')
#2 C:\xampp\htdocs\hospital\system\CodeIgniter.php(410): CodeIgniter\CodeIgniter->runController(Object(App\Controllers\HumanResources\Employee))
#3 C:\xampp\htdocs\hospital\system\CodeIgniter.php(318): CodeIgniter\CodeIgniter->handleRequest(NULL, Object(Config\Cache), false)
#4 C:\xampp\htdocs\hospital\public\index.php(37): CodeIgniter\CodeIgniter->run()
#5 C:\xampp\htdocs\hospital\system\Commands\Server\rewrite.php(43): require_once('C:\\xampp\\htdocs...')
#6 {main}
CRITICAL - 2022-01-14 11:11:12 --> Undefined property: App\Controllers\HumanResources\Employee::$load
#0 C:\xampp\htdocs\hospital\app\Controllers\HumanResources\Employee.php(33): CodeIgniter\Debug\Exceptions->errorHandler(2, 'Undefined prope...', 'C:\\xampp\\htdocs...', 33)
#1 C:\xampp\htdocs\hospital\system\CodeIgniter.php(824): App\Controllers\HumanResources\Employee->index('admin')
#2 C:\xampp\htdocs\hospital\system\CodeIgniter.php(410): CodeIgniter\CodeIgniter->runController(Object(App\Controllers\HumanResources\Employee))
#3 C:\xampp\htdocs\hospital\system\CodeIgniter.php(318): CodeIgniter\CodeIgniter->handleRequest(NULL, Object(Config\Cache), false)
#4 C:\xampp\htdocs\hospital\public\index.php(37): CodeIgniter\CodeIgniter->run()
#5 C:\xampp\htdocs\hospital\system\Commands\Server\rewrite.php(43): require_once('C:\\xampp\\htdocs...')
#6 {main}
CRITICAL - 2022-01-14 11:12:01 --> view(): Argument #3 ($options) must be of type array, bool given, called in C:\xampp\htdocs\hospital\app\Controllers\HumanResources\Employee.php on line 33
#0 C:\xampp\htdocs\hospital\app\Controllers\HumanResources\Employee.php(33): view('human_resources...', Array, true)
#1 C:\xampp\htdocs\hospital\system\CodeIgniter.php(824): App\Controllers\HumanResources\Employee->index('admin')
#2 C:\xampp\htdocs\hospital\system\CodeIgniter.php(410): CodeIgniter\CodeIgniter->runController(Object(App\Controllers\HumanResources\Employee))
#3 C:\xampp\htdocs\hospital\system\CodeIgniter.php(318): CodeIgniter\CodeIgniter->handleRequest(NULL, Object(Config\Cache), false)
#4 C:\xampp\htdocs\hospital\public\index.php(37): CodeIgniter\CodeIgniter->run()
#5 C:\xampp\htdocs\hospital\system\Commands\Server\rewrite.php(43): require_once('C:\\xampp\\htdocs...')
#6 {main}
CRITICAL - 2022-01-14 11:12:33 --> Undefined variable $isPost
#0 C:\xampp\htdocs\hospital\app\Views\layout\main_wrapper.php(343): CodeIgniter\Debug\Exceptions->errorHandler(2, 'Undefined varia...', 'C:\\xampp\\htdocs...', 343)
#1 C:\xampp\htdocs\hospital\system\View\View.php(214): include('C:\\xampp\\htdocs...')
#2 C:\xampp\htdocs\hospital\system\View\View.php(217): CodeIgniter\View\View->CodeIgniter\View\{closure}()
#3 C:\xampp\htdocs\hospital\system\Common.php(1097): CodeIgniter\View\View->render('layout/main_wra...', Array, true)
#4 C:\xampp\htdocs\hospital\app\Controllers\HumanResources\Employee.php(34): view('layout/main_wra...', Array)
#5 C:\xampp\htdocs\hospital\system\CodeIgniter.php(824): App\Controllers\HumanResources\Employee->index('admin')
#6 C:\xampp\htdocs\hospital\system\CodeIgniter.php(410): CodeIgniter\CodeIgniter->runController(Object(App\Controllers\HumanResources\Employee))
#7 C:\xampp\htdocs\hospital\system\CodeIgniter.php(318): CodeIgniter\CodeIgniter->handleRequest(NULL, Object(Config\Cache), false)
#8 C:\xampp\htdocs\hospital\public\index.php(37): CodeIgniter\CodeIgniter->run()
#9 C:\xampp\htdocs\hospital\system\Commands\Server\rewrite.php(43): require_once('C:\\xampp\\htdocs...')
#10 {main}
CRITICAL - 2022-01-14 11:13:00 --> Call to a member function getMethod() on null
#0 C:\xampp\htdocs\hospital\system\CodeIgniter.php(801): App\Controllers\HumanResources\Employee->__construct()
#1 C:\xampp\htdocs\hospital\system\CodeIgniter.php(401): CodeIgniter\CodeIgniter->createController()
#2 C:\xampp\htdocs\hospital\system\CodeIgniter.php(318): CodeIgniter\CodeIgniter->handleRequest(NULL, Object(Config\Cache), false)
#3 C:\xampp\htdocs\hospital\public\index.php(37): CodeIgniter\CodeIgniter->run()
#4 C:\xampp\htdocs\hospital\system\Commands\Server\rewrite.php(43): require_once('C:\\xampp\\htdocs...')
#5 {main}
CRITICAL - 2022-01-14 11:13:09 --> Call to a member function getMethod() on null
#0 C:\xampp\htdocs\hospital\system\CodeIgniter.php(801): App\Controllers\HumanResources\Employee->__construct()
#1 C:\xampp\htdocs\hospital\system\CodeIgniter.php(401): CodeIgniter\CodeIgniter->createController()
#2 C:\xampp\htdocs\hospital\system\CodeIgniter.php(318): CodeIgniter\CodeIgniter->handleRequest(NULL, Object(Config\Cache), false)
#3 C:\xampp\htdocs\hospital\public\index.php(37): CodeIgniter\CodeIgniter->run()
#4 C:\xampp\htdocs\hospital\system\Commands\Server\rewrite.php(43): require_once('C:\\xampp\\htdocs...')
#5 {main}
CRITICAL - 2022-01-14 11:13:16 --> Call to a member function getMethod() on null
#0 C:\xampp\htdocs\hospital\system\CodeIgniter.php(801): App\Controllers\HumanResources\Employee->__construct()
#1 C:\xampp\htdocs\hospital\system\CodeIgniter.php(401): CodeIgniter\CodeIgniter->createController()
#2 C:\xampp\htdocs\hospital\system\CodeIgniter.php(318): CodeIgniter\CodeIgniter->handleRequest(NULL, Object(Config\Cache), false)
#3 C:\xampp\htdocs\hospital\public\index.php(37): CodeIgniter\CodeIgniter->run()
#4 C:\xampp\htdocs\hospital\system\Commands\Server\rewrite.php(43): require_once('C:\\xampp\\htdocs...')
#5 {main}
CRITICAL - 2022-01-14 11:31:06 --> Call to undefined method App\Models\UserModel::role
#0 C:\xampp\htdocs\hospital\app\Controllers\HumanResources\Employee.php(32): CodeIgniter\Model->__call('role', Array)
#1 C:\xampp\htdocs\hospital\system\CodeIgniter.php(824): App\Controllers\HumanResources\Employee->index('admin')
#2 C:\xampp\htdocs\hospital\system\CodeIgniter.php(410): CodeIgniter\CodeIgniter->runController(Object(App\Controllers\HumanResources\Employee))
#3 C:\xampp\htdocs\hospital\system\CodeIgniter.php(318): CodeIgniter\CodeIgniter->handleRequest(NULL, Object(Config\Cache), false)
#4 C:\xampp\htdocs\hospital\public\index.php(37): CodeIgniter\CodeIgniter->run()
#5 C:\xampp\htdocs\hospital\system\Commands\Server\rewrite.php(43): require_once('C:\\xampp\\htdocs...')
#6 {main}
CRITICAL - 2022-01-14 11:31:32 --> Call to undefined method CodeIgniter\Database\MySQLi\Connection::select()
#0 C:\xampp\htdocs\hospital\app\Controllers\HumanResources\Employee.php(32): App\Models\UserModel->read(1)
#1 C:\xampp\htdocs\hospital\system\CodeIgniter.php(824): App\Controllers\HumanResources\Employee->index('admin')
#2 C:\xampp\htdocs\hospital\system\CodeIgniter.php(410): CodeIgniter\CodeIgniter->runController(Object(App\Controllers\HumanResources\Employee))
#3 C:\xampp\htdocs\hospital\system\CodeIgniter.php(318): CodeIgniter\CodeIgniter->handleRequest(NULL, Object(Config\Cache), false)
#4 C:\xampp\htdocs\hospital\public\index.php(37): CodeIgniter\CodeIgniter->run()
#5 C:\xampp\htdocs\hospital\system\Commands\Server\rewrite.php(43): require_once('C:\\xampp\\htdocs...')
#6 {main}
CRITICAL - 2022-01-14 11:31:51 --> Call to undefined method CodeIgniter\Database\MySQLi\Connection::findAll()
#0 C:\xampp\htdocs\hospital\app\Controllers\HumanResources\Employee.php(32): App\Models\UserModel->read(1)
#1 C:\xampp\htdocs\hospital\system\CodeIgniter.php(824): App\Controllers\HumanResources\Employee->index('admin')
#2 C:\xampp\htdocs\hospital\system\CodeIgniter.php(410): CodeIgniter\CodeIgniter->runController(Object(App\Controllers\HumanResources\Employee))
#3 C:\xampp\htdocs\hospital\system\CodeIgniter.php(318): CodeIgniter\CodeIgniter->handleRequest(NULL, Object(Config\Cache), false)
#4 C:\xampp\htdocs\hospital\public\index.php(37): CodeIgniter\CodeIgniter->run()
#5 C:\xampp\htdocs\hospital\system\Commands\Server\rewrite.php(43): require_once('C:\\xampp\\htdocs...')
#6 {main}
CRITICAL - 2022-01-14 11:33:41 --> Call to undefined function html_escape()
#0 C:\xampp\htdocs\hospital\system\View\View.php(214): include()
#1 C:\xampp\htdocs\hospital\system\View\View.php(217): CodeIgniter\View\View->CodeIgniter\View\{closure}()
#2 C:\xampp\htdocs\hospital\system\Common.php(1097): CodeIgniter\View\View->render('human_resources...', Array, true)
#3 C:\xampp\htdocs\hospital\app\Controllers\HumanResources\Employee.php(34): view('human_resources...', Array)
#4 C:\xampp\htdocs\hospital\system\CodeIgniter.php(824): App\Controllers\HumanResources\Employee->index('admin')
#5 C:\xampp\htdocs\hospital\system\CodeIgniter.php(410): CodeIgniter\CodeIgniter->runController(Object(App\Controllers\HumanResources\Employee))
#6 C:\xampp\htdocs\hospital\system\CodeIgniter.php(318): CodeIgniter\CodeIgniter->handleRequest(NULL, Object(Config\Cache), false)
#7 C:\xampp\htdocs\hospital\public\index.php(37): CodeIgniter\CodeIgniter->run()
#8 C:\xampp\htdocs\hospital\system\Commands\Server\rewrite.php(43): require_once('C:\\xampp\\htdocs...')
#9 {main}
CRITICAL - 2022-01-14 11:36:29 --> Attempt to read property "firstname" on array
#0 C:\xampp\htdocs\hospital\app\Views\human_resources\view.php(38): CodeIgniter\Debug\Exceptions->errorHandler(2, 'Attempt to read...', 'C:\\xampp\\htdocs...', 38)
#1 C:\xampp\htdocs\hospital\system\View\View.php(214): include('C:\\xampp\\htdocs...')
#2 C:\xampp\htdocs\hospital\system\View\View.php(217): CodeIgniter\View\View->CodeIgniter\View\{closure}()
#3 C:\xampp\htdocs\hospital\system\Common.php(1097): CodeIgniter\View\View->render('human_resources...', Array, true)
#4 C:\xampp\htdocs\hospital\app\Controllers\HumanResources\Employee.php(34): view('human_resources...', Array)
#5 C:\xampp\htdocs\hospital\system\CodeIgniter.php(824): App\Controllers\HumanResources\Employee->index('admin')
#6 C:\xampp\htdocs\hospital\system\CodeIgniter.php(410): CodeIgniter\CodeIgniter->runController(Object(App\Controllers\HumanResources\Employee))
#7 C:\xampp\htdocs\hospital\system\CodeIgniter.php(318): CodeIgniter\CodeIgniter->handleRequest(NULL, Object(Config\Cache), false)
#8 C:\xampp\htdocs\hospital\public\index.php(37): CodeIgniter\CodeIgniter->run()
#9 C:\xampp\htdocs\hospital\system\Commands\Server\rewrite.php(43): require_once('C:\\xampp\\htdocs...')
#10 {main}
CRITICAL - 2022-01-14 11:38:00 --> Attempt to read property "lastname" on array
#0 C:\xampp\htdocs\hospital\app\Views\human_resources\view.php(39): CodeIgniter\Debug\Exceptions->errorHandler(2, 'Attempt to read...', 'C:\\xampp\\htdocs...', 39)
#1 C:\xampp\htdocs\hospital\system\View\View.php(214): include('C:\\xampp\\htdocs...')
#2 C:\xampp\htdocs\hospital\system\View\View.php(217): CodeIgniter\View\View->CodeIgniter\View\{closure}()
#3 C:\xampp\htdocs\hospital\system\Common.php(1097): CodeIgniter\View\View->render('human_resources...', Array, true)
#4 C:\xampp\htdocs\hospital\app\Controllers\HumanResources\Employee.php(34): view('human_resources...', Array)
#5 C:\xampp\htdocs\hospital\system\CodeIgniter.php(824): App\Controllers\HumanResources\Employee->index('admin')
#6 C:\xampp\htdocs\hospital\system\CodeIgniter.php(410): CodeIgniter\CodeIgniter->runController(Object(App\Controllers\HumanResources\Employee))
#7 C:\xampp\htdocs\hospital\system\CodeIgniter.php(318): CodeIgniter\CodeIgniter->handleRequest(NULL, Object(Config\Cache), false)
#8 C:\xampp\htdocs\hospital\public\index.php(37): CodeIgniter\CodeIgniter->run()
#9 C:\xampp\htdocs\hospital\system\Commands\Server\rewrite.php(43): require_once('C:\\xampp\\htdocs...')
#10 {main}
CRITICAL - 2022-01-14 11:40:09 --> Attempt to read property "user_id" on array
#0 C:\xampp\htdocs\hospital\app\Views\human_resources\view.php(45): CodeIgniter\Debug\Exceptions->errorHandler(2, 'Attempt to read...', 'C:\\xampp\\htdocs...', 45)
#1 C:\xampp\htdocs\hospital\system\View\View.php(214): include('C:\\xampp\\htdocs...')
#2 C:\xampp\htdocs\hospital\system\View\View.php(217): CodeIgniter\View\View->CodeIgniter\View\{closure}()
#3 C:\xampp\htdocs\hospital\system\Common.php(1097): CodeIgniter\View\View->render('human_resources...', Array, true)
#4 C:\xampp\htdocs\hospital\app\Controllers\HumanResources\Employee.php(34): view('human_resources...', Array)
#5 C:\xampp\htdocs\hospital\system\CodeIgniter.php(824): App\Controllers\HumanResources\Employee->index('admin')
#6 C:\xampp\htdocs\hospital\system\CodeIgniter.php(410): CodeIgniter\CodeIgniter->runController(Object(App\Controllers\HumanResources\Employee))
#7 C:\xampp\htdocs\hospital\system\CodeIgniter.php(318): CodeIgniter\CodeIgniter->handleRequest(NULL, Object(Config\Cache), false)
#8 C:\xampp\htdocs\hospital\public\index.php(37): CodeIgniter\CodeIgniter->run()
#9 C:\xampp\htdocs\hospital\system\Commands\Server\rewrite.php(43): require_once('C:\\xampp\\htdocs...')
#10 {main}
CRITICAL - 2022-01-14 12:15:22 --> Attempt to read property "firstname" on array
#0 C:\xampp\htdocs\hospital\app\Views\human_resources\view.php(38): CodeIgniter\Debug\Exceptions->errorHandler(2, 'Attempt to read...', 'C:\\xampp\\htdocs...', 38)
#1 C:\xampp\htdocs\hospital\system\View\View.php(214): include('C:\\xampp\\htdocs...')
#2 C:\xampp\htdocs\hospital\system\View\View.php(217): CodeIgniter\View\View->CodeIgniter\View\{closure}()
#3 C:\xampp\htdocs\hospital\system\Common.php(1097): CodeIgniter\View\View->render('human_resources...', Array, true)
#4 C:\xampp\htdocs\hospital\app\Controllers\HumanResources\Employee.php(34): view('human_resources...', Array)
#5 C:\xampp\htdocs\hospital\system\CodeIgniter.php(824): App\Controllers\HumanResources\Employee->index('admin')
#6 C:\xampp\htdocs\hospital\system\CodeIgniter.php(410): CodeIgniter\CodeIgniter->runController(Object(App\Controllers\HumanResources\Employee))
#7 C:\xampp\htdocs\hospital\system\CodeIgniter.php(318): CodeIgniter\CodeIgniter->handleRequest(NULL, Object(Config\Cache), false)
#8 C:\xampp\htdocs\hospital\public\index.php(37): CodeIgniter\CodeIgniter->run()
#9 C:\xampp\htdocs\hospital\system\Commands\Server\rewrite.php(43): require_once('C:\\xampp\\htdocs...')
#10 {main}
CRITICAL - 2022-01-14 13:39:10 --> foreach() argument must be of type array|object, string given
#0 C:\xampp\htdocs\hospital\app\Views\human_resources\view.php(34): CodeIgniter\Debug\Exceptions->errorHandler(2, 'foreach() argum...', 'C:\\xampp\\htdocs...', 34)
#1 C:\xampp\htdocs\hospital\system\View\View.php(214): include('C:\\xampp\\htdocs...')
#2 C:\xampp\htdocs\hospital\system\View\View.php(217): CodeIgniter\View\View->CodeIgniter\View\{closure}()
#3 C:\xampp\htdocs\hospital\system\Common.php(1097): CodeIgniter\View\View->render('human_resources...', Array, true)
#4 C:\xampp\htdocs\hospital\app\Controllers\HumanResources\Employee.php(34): view('human_resources...', Array)
#5 C:\xampp\htdocs\hospital\system\CodeIgniter.php(824): App\Controllers\HumanResources\Employee->index('admin')
#6 C:\xampp\htdocs\hospital\system\CodeIgniter.php(410): CodeIgniter\CodeIgniter->runController(Object(App\Controllers\HumanResources\Employee))
#7 C:\xampp\htdocs\hospital\system\CodeIgniter.php(318): CodeIgniter\CodeIgniter->handleRequest(NULL, Object(Config\Cache), false)
#8 C:\xampp\htdocs\hospital\public\index.php(37): CodeIgniter\CodeIgniter->run()
#9 C:\xampp\htdocs\hospital\system\Commands\Server\rewrite.php(43): require_once('C:\\xampp\\htdocs...')
#10 {main}
CRITICAL - 2022-01-14 13:39:34 --> json_decode(): Argument #1 ($json) must be of type string, array given
#0 C:\xampp\htdocs\hospital\app\Controllers\HumanResources\Employee.php(32): json_decode(Array)
#1 C:\xampp\htdocs\hospital\system\CodeIgniter.php(824): App\Controllers\HumanResources\Employee->index('admin')
#2 C:\xampp\htdocs\hospital\system\CodeIgniter.php(410): CodeIgniter\CodeIgniter->runController(Object(App\Controllers\HumanResources\Employee))
#3 C:\xampp\htdocs\hospital\system\CodeIgniter.php(318): CodeIgniter\CodeIgniter->handleRequest(NULL, Object(Config\Cache), false)
#4 C:\xampp\htdocs\hospital\public\index.php(37): CodeIgniter\CodeIgniter->run()
#5 C:\xampp\htdocs\hospital\system\Commands\Server\rewrite.php(43): require_once('C:\\xampp\\htdocs...')
#6 {main}
CRITICAL - 2022-01-14 13:40:11 --> Attempt to read property "firstname" on array
#0 C:\xampp\htdocs\hospital\app\Views\human_resources\view.php(38): CodeIgniter\Debug\Exceptions->errorHandler(2, 'Attempt to read...', 'C:\\xampp\\htdocs...', 38)
#1 C:\xampp\htdocs\hospital\system\View\View.php(214): include('C:\\xampp\\htdocs...')
#2 C:\xampp\htdocs\hospital\system\View\View.php(217): CodeIgniter\View\View->CodeIgniter\View\{closure}()
#3 C:\xampp\htdocs\hospital\system\Common.php(1097): CodeIgniter\View\View->render('human_resources...', Array, true)
#4 C:\xampp\htdocs\hospital\app\Controllers\HumanResources\Employee.php(34): view('human_resources...', Array)
#5 C:\xampp\htdocs\hospital\system\CodeIgniter.php(824): App\Controllers\HumanResources\Employee->index('admin')
#6 C:\xampp\htdocs\hospital\system\CodeIgniter.php(410): CodeIgniter\CodeIgniter->runController(Object(App\Controllers\HumanResources\Employee))
#7 C:\xampp\htdocs\hospital\system\CodeIgniter.php(318): CodeIgniter\CodeIgniter->handleRequest(NULL, Object(Config\Cache), false)
#8 C:\xampp\htdocs\hospital\public\index.php(37): CodeIgniter\CodeIgniter->run()
#9 C:\xampp\htdocs\hospital\system\Commands\Server\rewrite.php(43): require_once('C:\\xampp\\htdocs...')
#10 {main}
CRITICAL - 2022-01-14 13:41:16 --> Attempt to read property "user_id" on array
#0 C:\xampp\htdocs\hospital\app\Views\human_resources\view.php(45): CodeIgniter\Debug\Exceptions->errorHandler(2, 'Attempt to read...', 'C:\\xampp\\htdocs...', 45)
#1 C:\xampp\htdocs\hospital\system\View\View.php(214): include('C:\\xampp\\htdocs...')
#2 C:\xampp\htdocs\hospital\system\View\View.php(217): CodeIgniter\View\View->CodeIgniter\View\{closure}()
#3 C:\xampp\htdocs\hospital\system\Common.php(1097): CodeIgniter\View\View->render('human_resources...', Array, true)
#4 C:\xampp\htdocs\hospital\app\Controllers\HumanResources\Employee.php(34): view('human_resources...', Array)
#5 C:\xampp\htdocs\hospital\system\CodeIgniter.php(824): App\Controllers\HumanResources\Employee->index('admin')
#6 C:\xampp\htdocs\hospital\system\CodeIgniter.php(410): CodeIgniter\CodeIgniter->runController(Object(App\Controllers\HumanResources\Employee))
#7 C:\xampp\htdocs\hospital\system\CodeIgniter.php(318): CodeIgniter\CodeIgniter->handleRequest(NULL, Object(Config\Cache), false)
#8 C:\xampp\htdocs\hospital\public\index.php(37): CodeIgniter\CodeIgniter->run()
#9 C:\xampp\htdocs\hospital\system\Commands\Server\rewrite.php(43): require_once('C:\\xampp\\htdocs...')
#10 {main}
