ERROR - 2022-05-16 02:47:59 --> Error connecting to the database: No connection could be made because the target machine actively refused it
CRITICAL - 2022-05-16 02:47:59 --> Unable to connect to the database.
Main connection [MySQLi]: No connection could be made because the target machine actively refused it
#0 C:\wamp64\www\hospital-information-system\system\Database\BaseConnection.php(577): CodeIgniter\Database\BaseConnection->initialize()
#1 C:\wamp64\www\hospital-information-system\system\Database\BaseBuilder.php(1443): CodeIgniter\Database\BaseConnection->query('SELECT *\nFROM `...', Array, false)
#2 C:\wamp64\www\hospital-information-system\system\Model.php(183): CodeIgniter\Database\BaseBuilder->get()
#3 C:\wamp64\www\hospital-information-system\system\BaseModel.php(584): CodeIgniter\Model->doFindAll(0, 0)
#4 C:\wamp64\www\hospital-information-system\app\Controllers\Patient.php(20): CodeIgniter\BaseModel->findAll()
#5 C:\wamp64\www\hospital-information-system\system\CodeIgniter.php(824): App\Controllers\Patient->today()
#6 C:\wamp64\www\hospital-information-system\system\CodeIgniter.php(410): CodeIgniter\CodeIgniter->runController(Object(App\Controllers\Patient))
#7 C:\wamp64\www\hospital-information-system\system\CodeIgniter.php(318): CodeIgniter\CodeIgniter->handleRequest(NULL, Object(Config\Cache), false)
#8 C:\wamp64\www\hospital-information-system\public\index.php(37): CodeIgniter\CodeIgniter->run()
#9 C:\wamp64\www\hospital-information-system\system\Commands\Server\rewrite.php(43): require_once('C:\\wamp64\\www\\h...')
#10 {main}
ERROR - 2022-05-16 02:48:07 --> Error connecting to the database: No connection could be made because the target machine actively refused it
CRITICAL - 2022-05-16 02:48:07 --> Unable to connect to the database.
Main connection [MySQLi]: No connection could be made because the target machine actively refused it
#0 C:\wamp64\www\hospital-information-system\system\Database\BaseConnection.php(577): CodeIgniter\Database\BaseConnection->initialize()
#1 C:\wamp64\www\hospital-information-system\system\Database\BaseBuilder.php(1443): CodeIgniter\Database\BaseConnection->query('SELECT *\nFROM `...', Array, false)
#2 C:\wamp64\www\hospital-information-system\system\Model.php(183): CodeIgniter\Database\BaseBuilder->get()
#3 C:\wamp64\www\hospital-information-system\system\BaseModel.php(584): CodeIgniter\Model->doFindAll(0, 0)
#4 C:\wamp64\www\hospital-information-system\app\Controllers\Patient.php(20): CodeIgniter\BaseModel->findAll()
#5 C:\wamp64\www\hospital-information-system\system\CodeIgniter.php(824): App\Controllers\Patient->today()
#6 C:\wamp64\www\hospital-information-system\system\CodeIgniter.php(410): CodeIgniter\CodeIgniter->runController(Object(App\Controllers\Patient))
#7 C:\wamp64\www\hospital-information-system\system\CodeIgniter.php(318): CodeIgniter\CodeIgniter->handleRequest(NULL, Object(Config\Cache), false)
#8 C:\wamp64\www\hospital-information-system\public\index.php(37): CodeIgniter\CodeIgniter->run()
#9 C:\wamp64\www\hospital-information-system\system\Commands\Server\rewrite.php(43): require_once('C:\\wamp64\\www\\h...')
#10 {main}
ERROR - 2022-05-16 02:48:13 --> Error connecting to the database: No connection could be made because the target machine actively refused it
CRITICAL - 2022-05-16 02:48:13 --> Unable to connect to the database.
Main connection [MySQLi]: No connection could be made because the target machine actively refused it
#0 C:\wamp64\www\hospital-information-system\system\Database\BaseConnection.php(577): CodeIgniter\Database\BaseConnection->initialize()
#1 C:\wamp64\www\hospital-information-system\system\Database\BaseBuilder.php(1443): CodeIgniter\Database\BaseConnection->query('SELECT *\nFROM `...', Array, false)
#2 C:\wamp64\www\hospital-information-system\system\Model.php(183): CodeIgniter\Database\BaseBuilder->get()
#3 C:\wamp64\www\hospital-information-system\system\BaseModel.php(584): CodeIgniter\Model->doFindAll(0, 0)
#4 C:\wamp64\www\hospital-information-system\app\Controllers\Patient.php(20): CodeIgniter\BaseModel->findAll()
#5 C:\wamp64\www\hospital-information-system\system\CodeIgniter.php(824): App\Controllers\Patient->today()
#6 C:\wamp64\www\hospital-information-system\system\CodeIgniter.php(410): CodeIgniter\CodeIgniter->runController(Object(App\Controllers\Patient))
#7 C:\wamp64\www\hospital-information-system\system\CodeIgniter.php(318): CodeIgniter\CodeIgniter->handleRequest(NULL, Object(Config\Cache), false)
#8 C:\wamp64\www\hospital-information-system\public\index.php(37): CodeIgniter\CodeIgniter->run()
#9 C:\wamp64\www\hospital-information-system\system\Commands\Server\rewrite.php(43): require_once('C:\\wamp64\\www\\h...')
#10 {main}
