CRITICAL - 2022-06-20 03:21:16 --> Invalid file: dashboard/home.php
#0 C:\wamp64\www\hospital-information-system\system\View\View.php(198): CodeIgniter\Exceptions\FrameworkException::forInvalidFile('dashboard/home....')
#1 C:\wamp64\www\hospital-information-system\system\Common.php(1097): CodeIgniter\View\View->render('dashboard/home', Array, true)
#2 C:\wamp64\www\hospital-information-system\app\Controllers\Receptionist\Dashboard.php(22): view('dashboard/home', Array)
#3 C:\wamp64\www\hospital-information-system\system\CodeIgniter.php(824): App\Controllers\Receptionist\Dashboard->index()
#4 C:\wamp64\www\hospital-information-system\system\CodeIgniter.php(410): CodeIgniter\CodeIgniter->runController(Object(App\Controllers\Receptionist\Dashboard))
#5 C:\wamp64\www\hospital-information-system\system\CodeIgniter.php(318): CodeIgniter\CodeIgniter->handleRequest(NULL, Object(Config\Cache), false)
#6 C:\wamp64\www\hospital-information-system\public\index.php(37): CodeIgniter\CodeIgniter->run()
#7 C:\wamp64\www\hospital-information-system\system\Commands\Server\rewrite.php(43): require_once('C:\\wamp64\\www\\h...')
#8 {main}
CRITICAL - 2022-06-20 03:51:53 --> Invalid file: receptionist/patient/index.php
#0 C:\wamp64\www\hospital-information-system\system\View\View.php(198): CodeIgniter\Exceptions\FrameworkException::forInvalidFile('receptionist/pa...')
#1 C:\wamp64\www\hospital-information-system\system\Common.php(1097): CodeIgniter\View\View->render('receptionist/pa...', Array, true)
#2 C:\wamp64\www\hospital-information-system\app\Controllers\Receptionist\Patient.php(16): view('receptionist/pa...', Array)
#3 C:\wamp64\www\hospital-information-system\system\CodeIgniter.php(824): App\Controllers\Receptionist\Patient->index()
#4 C:\wamp64\www\hospital-information-system\system\CodeIgniter.php(410): CodeIgniter\CodeIgniter->runController(Object(App\Controllers\Receptionist\Patient))
#5 C:\wamp64\www\hospital-information-system\system\CodeIgniter.php(318): CodeIgniter\CodeIgniter->handleRequest(NULL, Object(Config\Cache), false)
#6 C:\wamp64\www\hospital-information-system\public\index.php(37): CodeIgniter\CodeIgniter->run()
#7 C:\wamp64\www\hospital-information-system\system\Commands\Server\rewrite.php(43): require_once('C:\\wamp64\\www\\h...')
#8 {main}
CRITICAL - 2022-06-20 06:03:31 --> Class "App\Controllers\Receptionist\PatientEntity" not found
#0 C:\wamp64\www\hospital-information-system\system\CodeIgniter.php(824): App\Controllers\Receptionist\Patient->new()
#1 C:\wamp64\www\hospital-information-system\system\CodeIgniter.php(410): CodeIgniter\CodeIgniter->runController(Object(App\Controllers\Receptionist\Patient))
#2 C:\wamp64\www\hospital-information-system\system\CodeIgniter.php(318): CodeIgniter\CodeIgniter->handleRequest(NULL, Object(Config\Cache), false)
#3 C:\wamp64\www\hospital-information-system\public\index.php(37): CodeIgniter\CodeIgniter->run()
#4 C:\wamp64\www\hospital-information-system\system\Commands\Server\rewrite.php(43): require_once('C:\\wamp64\\www\\h...')
#5 {main}
CRITICAL - 2022-06-20 06:13:41 --> Call to a member function getSegment() on string
#0 C:\wamp64\www\hospital-information-system\system\View\View.php(214): include()
#1 C:\wamp64\www\hospital-information-system\system\View\View.php(217): CodeIgniter\View\View->CodeIgniter\View\{closure}()
#2 C:\wamp64\www\hospital-information-system\system\Common.php(1097): CodeIgniter\View\View->render('receptionist/pa...', Array, true)
#3 C:\wamp64\www\hospital-information-system\app\Controllers\Receptionist\Patient.php(117): view('receptionist/pa...', Array)
#4 C:\wamp64\www\hospital-information-system\system\CodeIgniter.php(824): App\Controllers\Receptionist\Patient->add_document('71557')
#5 C:\wamp64\www\hospital-information-system\system\CodeIgniter.php(410): CodeIgniter\CodeIgniter->runController(Object(App\Controllers\Receptionist\Patient))
#6 C:\wamp64\www\hospital-information-system\system\CodeIgniter.php(318): CodeIgniter\CodeIgniter->handleRequest(NULL, Object(Config\Cache), false)
#7 C:\wamp64\www\hospital-information-system\public\index.php(37): CodeIgniter\CodeIgniter->run()
#8 C:\wamp64\www\hospital-information-system\system\Commands\Server\rewrite.php(43): require_once('C:\\wamp64\\www\\h...')
#9 {main}
CRITICAL - 2022-06-20 06:18:23 --> Undefined property: CodeIgniter\View\View::$uri
#0 C:\wamp64\www\hospital-information-system\app\Views\receptionist\patient\add_document.php(23): CodeIgniter\Debug\Exceptions->errorHandler(2, 'Undefined prope...', 'C:\\wamp64\\www\\h...', 23)
#1 C:\wamp64\www\hospital-information-system\system\View\View.php(214): include('C:\\wamp64\\www\\h...')
#2 C:\wamp64\www\hospital-information-system\system\View\View.php(217): CodeIgniter\View\View->CodeIgniter\View\{closure}()
#3 C:\wamp64\www\hospital-information-system\system\Common.php(1097): CodeIgniter\View\View->render('receptionist/pa...', Array, true)
#4 C:\wamp64\www\hospital-information-system\app\Controllers\Receptionist\Patient.php(117): view('receptionist/pa...', Array)
#5 C:\wamp64\www\hospital-information-system\system\CodeIgniter.php(824): App\Controllers\Receptionist\Patient->add_document('71557')
#6 C:\wamp64\www\hospital-information-system\system\CodeIgniter.php(410): CodeIgniter\CodeIgniter->runController(Object(App\Controllers\Receptionist\Patient))
#7 C:\wamp64\www\hospital-information-system\system\CodeIgniter.php(318): CodeIgniter\CodeIgniter->handleRequest(NULL, Object(Config\Cache), false)
#8 C:\wamp64\www\hospital-information-system\public\index.php(37): CodeIgniter\CodeIgniter->run()
#9 C:\wamp64\www\hospital-information-system\system\Commands\Server\rewrite.php(43): require_once('C:\\wamp64\\www\\h...')
#10 {main}
CRITICAL - 2022-06-20 06:19:53 --> Call to undefined function get_instance()
#0 C:\wamp64\www\hospital-information-system\system\View\View.php(214): include()
#1 C:\wamp64\www\hospital-information-system\system\View\View.php(217): CodeIgniter\View\View->CodeIgniter\View\{closure}()
#2 C:\wamp64\www\hospital-information-system\system\Common.php(1097): CodeIgniter\View\View->render('receptionist/pa...', Array, true)
#3 C:\wamp64\www\hospital-information-system\app\Controllers\Receptionist\Patient.php(117): view('receptionist/pa...', Array)
#4 C:\wamp64\www\hospital-information-system\system\CodeIgniter.php(824): App\Controllers\Receptionist\Patient->add_document('71557')
#5 C:\wamp64\www\hospital-information-system\system\CodeIgniter.php(410): CodeIgniter\CodeIgniter->runController(Object(App\Controllers\Receptionist\Patient))
#6 C:\wamp64\www\hospital-information-system\system\CodeIgniter.php(318): CodeIgniter\CodeIgniter->handleRequest(NULL, Object(Config\Cache), false)
#7 C:\wamp64\www\hospital-information-system\public\index.php(37): CodeIgniter\CodeIgniter->run()
#8 C:\wamp64\www\hospital-information-system\system\Commands\Server\rewrite.php(43): require_once('C:\\wamp64\\www\\h...')
#9 {main}
CRITICAL - 2022-06-20 16:48:57 --> Undefined array key 4
#0 C:\wamp64\www\hospital-information-system\app\Views\receptionist\vitals\add.php(27): CodeIgniter\Debug\Exceptions->errorHandler(2, 'Undefined array...', 'C:\\wamp64\\www\\h...', 27)
#1 C:\wamp64\www\hospital-information-system\system\View\View.php(214): include('C:\\wamp64\\www\\h...')
#2 C:\wamp64\www\hospital-information-system\system\View\View.php(217): CodeIgniter\View\View->CodeIgniter\View\{closure}()
#3 C:\wamp64\www\hospital-information-system\system\Common.php(1097): CodeIgniter\View\View->render('receptionist/vi...', Array, true)
#4 C:\wamp64\www\hospital-information-system\app\Controllers\Receptionist\Vitals.php(44): view('receptionist/vi...', Array)
#5 C:\wamp64\www\hospital-information-system\system\CodeIgniter.php(824): App\Controllers\Receptionist\Vitals->add()
#6 C:\wamp64\www\hospital-information-system\system\CodeIgniter.php(410): CodeIgniter\CodeIgniter->runController(Object(App\Controllers\Receptionist\Vitals))
#7 C:\wamp64\www\hospital-information-system\system\CodeIgniter.php(318): CodeIgniter\CodeIgniter->handleRequest(NULL, Object(Config\Cache), false)
#8 C:\wamp64\www\hospital-information-system\public\index.php(37): CodeIgniter\CodeIgniter->run()
#9 C:\wamp64\www\hospital-information-system\system\Commands\Server\rewrite.php(43): require_once('C:\\wamp64\\www\\h...')
#10 {main}
CRITICAL - 2022-06-20 16:49:44 --> Undefined array key 4
#0 C:\wamp64\www\hospital-information-system\app\Views\receptionist\vitals\add.php(27): CodeIgniter\Debug\Exceptions->errorHandler(2, 'Undefined array...', 'C:\\wamp64\\www\\h...', 27)
#1 C:\wamp64\www\hospital-information-system\system\View\View.php(214): include('C:\\wamp64\\www\\h...')
#2 C:\wamp64\www\hospital-information-system\system\View\View.php(217): CodeIgniter\View\View->CodeIgniter\View\{closure}()
#3 C:\wamp64\www\hospital-information-system\system\Common.php(1097): CodeIgniter\View\View->render('receptionist/vi...', Array, true)
#4 C:\wamp64\www\hospital-information-system\app\Controllers\Receptionist\Vitals.php(44): view('receptionist/vi...', Array)
#5 C:\wamp64\www\hospital-information-system\system\CodeIgniter.php(824): App\Controllers\Receptionist\Vitals->add()
#6 C:\wamp64\www\hospital-information-system\system\CodeIgniter.php(410): CodeIgniter\CodeIgniter->runController(Object(App\Controllers\Receptionist\Vitals))
#7 C:\wamp64\www\hospital-information-system\system\CodeIgniter.php(318): CodeIgniter\CodeIgniter->handleRequest(NULL, Object(Config\Cache), false)
#8 C:\wamp64\www\hospital-information-system\public\index.php(37): CodeIgniter\CodeIgniter->run()
#9 C:\wamp64\www\hospital-information-system\system\Commands\Server\rewrite.php(43): require_once('C:\\wamp64\\www\\h...')
#10 {main}
CRITICAL - 2022-06-20 16:50:14 --> Undefined array key 4
#0 C:\wamp64\www\hospital-information-system\app\Views\receptionist\vitals\add.php(28): CodeIgniter\Debug\Exceptions->errorHandler(2, 'Undefined array...', 'C:\\wamp64\\www\\h...', 28)
#1 C:\wamp64\www\hospital-information-system\system\View\View.php(214): include('C:\\wamp64\\www\\h...')
#2 C:\wamp64\www\hospital-information-system\system\View\View.php(217): CodeIgniter\View\View->CodeIgniter\View\{closure}()
#3 C:\wamp64\www\hospital-information-system\system\Common.php(1097): CodeIgniter\View\View->render('receptionist/vi...', Array, true)
#4 C:\wamp64\www\hospital-information-system\app\Controllers\Receptionist\Vitals.php(44): view('receptionist/vi...', Array)
#5 C:\wamp64\www\hospital-information-system\system\CodeIgniter.php(824): App\Controllers\Receptionist\Vitals->add()
#6 C:\wamp64\www\hospital-information-system\system\CodeIgniter.php(410): CodeIgniter\CodeIgniter->runController(Object(App\Controllers\Receptionist\Vitals))
#7 C:\wamp64\www\hospital-information-system\system\CodeIgniter.php(318): CodeIgniter\CodeIgniter->handleRequest(NULL, Object(Config\Cache), false)
#8 C:\wamp64\www\hospital-information-system\public\index.php(37): CodeIgniter\CodeIgniter->run()
#9 C:\wamp64\www\hospital-information-system\system\Commands\Server\rewrite.php(43): require_once('C:\\wamp64\\www\\h...')
#10 {main}
CRITICAL - 2022-06-20 17:15:08 --> Undefined variable $staff
#0 C:\wamp64\www\hospital-information-system\app\Views\receptionist\noticeboard\view.php(35): CodeIgniter\Debug\Exceptions->errorHandler(2, 'Undefined varia...', 'C:\\wamp64\\www\\h...', 35)
#1 C:\wamp64\www\hospital-information-system\system\View\View.php(214): include('C:\\wamp64\\www\\h...')
#2 C:\wamp64\www\hospital-information-system\system\View\View.php(217): CodeIgniter\View\View->CodeIgniter\View\{closure}()
#3 C:\wamp64\www\hospital-information-system\system\Common.php(1097): CodeIgniter\View\View->render('receptionist/no...', Array, true)
#4 C:\wamp64\www\hospital-information-system\app\Controllers\Receptionist\Noticeboard.php(66): view('receptionist/no...', Array)
#5 C:\wamp64\www\hospital-information-system\system\CodeIgniter.php(824): App\Controllers\Receptionist\Noticeboard->view('4')
#6 C:\wamp64\www\hospital-information-system\system\CodeIgniter.php(410): CodeIgniter\CodeIgniter->runController(Object(App\Controllers\Receptionist\Noticeboard))
#7 C:\wamp64\www\hospital-information-system\system\CodeIgniter.php(318): CodeIgniter\CodeIgniter->handleRequest(NULL, Object(Config\Cache), false)
#8 C:\wamp64\www\hospital-information-system\public\index.php(37): CodeIgniter\CodeIgniter->run()
#9 C:\wamp64\www\hospital-information-system\system\Commands\Server\rewrite.php(43): require_once('C:\\wamp64\\www\\h...')
#10 {main}
CRITICAL - 2022-06-20 17:15:53 --> Undefined variable $staff
#0 C:\wamp64\www\hospital-information-system\app\Views\receptionist\noticeboard\view.php(35): CodeIgniter\Debug\Exceptions->errorHandler(2, 'Undefined varia...', 'C:\\wamp64\\www\\h...', 35)
#1 C:\wamp64\www\hospital-information-system\system\View\View.php(214): include('C:\\wamp64\\www\\h...')
#2 C:\wamp64\www\hospital-information-system\system\View\View.php(217): CodeIgniter\View\View->CodeIgniter\View\{closure}()
#3 C:\wamp64\www\hospital-information-system\system\Common.php(1097): CodeIgniter\View\View->render('receptionist/no...', Array, true)
#4 C:\wamp64\www\hospital-information-system\app\Controllers\Receptionist\Noticeboard.php(66): view('receptionist/no...', Array)
#5 C:\wamp64\www\hospital-information-system\system\CodeIgniter.php(824): App\Controllers\Receptionist\Noticeboard->view('4')
#6 C:\wamp64\www\hospital-information-system\system\CodeIgniter.php(410): CodeIgniter\CodeIgniter->runController(Object(App\Controllers\Receptionist\Noticeboard))
#7 C:\wamp64\www\hospital-information-system\system\CodeIgniter.php(318): CodeIgniter\CodeIgniter->handleRequest(NULL, Object(Config\Cache), false)
#8 C:\wamp64\www\hospital-information-system\public\index.php(37): CodeIgniter\CodeIgniter->run()
#9 C:\wamp64\www\hospital-information-system\system\Commands\Server\rewrite.php(43): require_once('C:\\wamp64\\www\\h...')
#10 {main}
CRITICAL - 2022-06-20 17:15:57 --> Undefined variable $staff
#0 C:\wamp64\www\hospital-information-system\app\Views\receptionist\noticeboard\view.php(35): CodeIgniter\Debug\Exceptions->errorHandler(2, 'Undefined varia...', 'C:\\wamp64\\www\\h...', 35)
#1 C:\wamp64\www\hospital-information-system\system\View\View.php(214): include('C:\\wamp64\\www\\h...')
#2 C:\wamp64\www\hospital-information-system\system\View\View.php(217): CodeIgniter\View\View->CodeIgniter\View\{closure}()
#3 C:\wamp64\www\hospital-information-system\system\Common.php(1097): CodeIgniter\View\View->render('receptionist/no...', Array, true)
#4 C:\wamp64\www\hospital-information-system\app\Controllers\Receptionist\Noticeboard.php(66): view('receptionist/no...', Array)
#5 C:\wamp64\www\hospital-information-system\system\CodeIgniter.php(824): App\Controllers\Receptionist\Noticeboard->view('4')
#6 C:\wamp64\www\hospital-information-system\system\CodeIgniter.php(410): CodeIgniter\CodeIgniter->runController(Object(App\Controllers\Receptionist\Noticeboard))
#7 C:\wamp64\www\hospital-information-system\system\CodeIgniter.php(318): CodeIgniter\CodeIgniter->handleRequest(NULL, Object(Config\Cache), false)
#8 C:\wamp64\www\hospital-information-system\public\index.php(37): CodeIgniter\CodeIgniter->run()
#9 C:\wamp64\www\hospital-information-system\system\Commands\Server\rewrite.php(43): require_once('C:\\wamp64\\www\\h...')
#10 {main}
CRITICAL - 2022-06-20 17:16:02 --> Undefined variable $staff
#0 C:\wamp64\www\hospital-information-system\app\Views\receptionist\noticeboard\view.php(35): CodeIgniter\Debug\Exceptions->errorHandler(2, 'Undefined varia...', 'C:\\wamp64\\www\\h...', 35)
#1 C:\wamp64\www\hospital-information-system\system\View\View.php(214): include('C:\\wamp64\\www\\h...')
#2 C:\wamp64\www\hospital-information-system\system\View\View.php(217): CodeIgniter\View\View->CodeIgniter\View\{closure}()
#3 C:\wamp64\www\hospital-information-system\system\Common.php(1097): CodeIgniter\View\View->render('receptionist/no...', Array, true)
#4 C:\wamp64\www\hospital-information-system\app\Controllers\Receptionist\Noticeboard.php(66): view('receptionist/no...', Array)
#5 C:\wamp64\www\hospital-information-system\system\CodeIgniter.php(824): App\Controllers\Receptionist\Noticeboard->view('4')
#6 C:\wamp64\www\hospital-information-system\system\CodeIgniter.php(410): CodeIgniter\CodeIgniter->runController(Object(App\Controllers\Receptionist\Noticeboard))
#7 C:\wamp64\www\hospital-information-system\system\CodeIgniter.php(318): CodeIgniter\CodeIgniter->handleRequest(NULL, Object(Config\Cache), false)
#8 C:\wamp64\www\hospital-information-system\public\index.php(37): CodeIgniter\CodeIgniter->run()
#9 C:\wamp64\www\hospital-information-system\system\Commands\Server\rewrite.php(43): require_once('C:\\wamp64\\www\\h...')
#10 {main}
CRITICAL - 2022-06-20 17:17:58 --> Undefined variable $staff
#0 C:\wamp64\www\hospital-information-system\app\Views\receptionist\noticeboard\view.php(35): CodeIgniter\Debug\Exceptions->errorHandler(2, 'Undefined varia...', 'C:\\wamp64\\www\\h...', 35)
#1 C:\wamp64\www\hospital-information-system\system\View\View.php(214): include('C:\\wamp64\\www\\h...')
#2 C:\wamp64\www\hospital-information-system\system\View\View.php(217): CodeIgniter\View\View->CodeIgniter\View\{closure}()
#3 C:\wamp64\www\hospital-information-system\system\Common.php(1097): CodeIgniter\View\View->render('receptionist/no...', Array, true)
#4 C:\wamp64\www\hospital-information-system\app\Controllers\Receptionist\Noticeboard.php(26): view('receptionist/no...', Array)
#5 C:\wamp64\www\hospital-information-system\system\CodeIgniter.php(824): App\Controllers\Receptionist\Noticeboard->view('4')
#6 C:\wamp64\www\hospital-information-system\system\CodeIgniter.php(410): CodeIgniter\CodeIgniter->runController(Object(App\Controllers\Receptionist\Noticeboard))
#7 C:\wamp64\www\hospital-information-system\system\CodeIgniter.php(318): CodeIgniter\CodeIgniter->handleRequest(NULL, Object(Config\Cache), false)
#8 C:\wamp64\www\hospital-information-system\public\index.php(37): CodeIgniter\CodeIgniter->run()
#9 C:\wamp64\www\hospital-information-system\system\Commands\Server\rewrite.php(43): require_once('C:\\wamp64\\www\\h...')
#10 {main}
CRITICAL - 2022-06-20 18:22:03 --> Class "App\Controllers\Doctor\PatientEntity" not found
#0 C:\wamp64\www\hospital-information-system\system\CodeIgniter.php(824): App\Controllers\Doctor\Patient->new()
#1 C:\wamp64\www\hospital-information-system\system\CodeIgniter.php(410): CodeIgniter\CodeIgniter->runController(Object(App\Controllers\Doctor\Patient))
#2 C:\wamp64\www\hospital-information-system\system\CodeIgniter.php(318): CodeIgniter\CodeIgniter->handleRequest(NULL, Object(Config\Cache), false)
#3 C:\wamp64\www\hospital-information-system\public\index.php(37): CodeIgniter\CodeIgniter->run()
#4 C:\wamp64\www\hospital-information-system\system\Commands\Server\rewrite.php(43): require_once('C:\\wamp64\\www\\h...')
#5 {main}
CRITICAL - 2022-06-20 18:23:42 --> Class "App\Controllers\Doctor\PatientEntity" not found
#0 C:\wamp64\www\hospital-information-system\system\CodeIgniter.php(824): App\Controllers\Doctor\Patient->new()
#1 C:\wamp64\www\hospital-information-system\system\CodeIgniter.php(410): CodeIgniter\CodeIgniter->runController(Object(App\Controllers\Doctor\Patient))
#2 C:\wamp64\www\hospital-information-system\system\CodeIgniter.php(318): CodeIgniter\CodeIgniter->handleRequest(NULL, Object(Config\Cache), false)
#3 C:\wamp64\www\hospital-information-system\public\index.php(37): CodeIgniter\CodeIgniter->run()
#4 C:\wamp64\www\hospital-information-system\system\Commands\Server\rewrite.php(43): require_once('C:\\wamp64\\www\\h...')
#5 {main}
CRITICAL - 2022-06-20 18:36:58 --> Undefined array key 0
#0 C:\wamp64\www\hospital-information-system\app\Views\diagnosis\view.php(31): CodeIgniter\Debug\Exceptions->errorHandler(2, 'Undefined array...', 'C:\\wamp64\\www\\h...', 31)
#1 C:\wamp64\www\hospital-information-system\system\View\View.php(214): include('C:\\wamp64\\www\\h...')
#2 C:\wamp64\www\hospital-information-system\system\View\View.php(217): CodeIgniter\View\View->CodeIgniter\View\{closure}()
#3 C:\wamp64\www\hospital-information-system\system\Common.php(1097): CodeIgniter\View\View->render('diagnosis/view', Array, true)
#4 C:\wamp64\www\hospital-information-system\app\Controllers\Diagnosis.php(105): view('diagnosis/view', Array)
#5 C:\wamp64\www\hospital-information-system\system\CodeIgniter.php(824): App\Controllers\Diagnosis->view('12')
#6 C:\wamp64\www\hospital-information-system\system\CodeIgniter.php(410): CodeIgniter\CodeIgniter->runController(Object(App\Controllers\Diagnosis))
#7 C:\wamp64\www\hospital-information-system\system\CodeIgniter.php(318): CodeIgniter\CodeIgniter->handleRequest(NULL, Object(Config\Cache), false)
#8 C:\wamp64\www\hospital-information-system\public\index.php(37): CodeIgniter\CodeIgniter->run()
#9 C:\wamp64\www\hospital-information-system\system\Commands\Server\rewrite.php(43): require_once('C:\\wamp64\\www\\h...')
#10 {main}
CRITICAL - 2022-06-20 18:37:48 --> Attempt to read property "firstname" on array
#0 C:\wamp64\www\hospital-information-system\app\Views\diagnosis\view.php(31): CodeIgniter\Debug\Exceptions->errorHandler(2, 'Attempt to read...', 'C:\\wamp64\\www\\h...', 31)
#1 C:\wamp64\www\hospital-information-system\system\View\View.php(214): include('C:\\wamp64\\www\\h...')
#2 C:\wamp64\www\hospital-information-system\system\View\View.php(217): CodeIgniter\View\View->CodeIgniter\View\{closure}()
#3 C:\wamp64\www\hospital-information-system\system\Common.php(1097): CodeIgniter\View\View->render('diagnosis/view', Array, true)
#4 C:\wamp64\www\hospital-information-system\app\Controllers\Diagnosis.php(105): view('diagnosis/view', Array)
#5 C:\wamp64\www\hospital-information-system\system\CodeIgniter.php(824): App\Controllers\Diagnosis->view('12')
#6 C:\wamp64\www\hospital-information-system\system\CodeIgniter.php(410): CodeIgniter\CodeIgniter->runController(Object(App\Controllers\Diagnosis))
#7 C:\wamp64\www\hospital-information-system\system\CodeIgniter.php(318): CodeIgniter\CodeIgniter->handleRequest(NULL, Object(Config\Cache), false)
#8 C:\wamp64\www\hospital-information-system\public\index.php(37): CodeIgniter\CodeIgniter->run()
#9 C:\wamp64\www\hospital-information-system\system\Commands\Server\rewrite.php(43): require_once('C:\\wamp64\\www\\h...')
#10 {main}
CRITICAL - 2022-06-20 18:37:49 --> Attempt to read property "firstname" on array
#0 C:\wamp64\www\hospital-information-system\app\Views\diagnosis\view.php(31): CodeIgniter\Debug\Exceptions->errorHandler(2, 'Attempt to read...', 'C:\\wamp64\\www\\h...', 31)
#1 C:\wamp64\www\hospital-information-system\system\View\View.php(214): include('C:\\wamp64\\www\\h...')
#2 C:\wamp64\www\hospital-information-system\system\View\View.php(217): CodeIgniter\View\View->CodeIgniter\View\{closure}()
#3 C:\wamp64\www\hospital-information-system\system\Common.php(1097): CodeIgniter\View\View->render('diagnosis/view', Array, true)
#4 C:\wamp64\www\hospital-information-system\app\Controllers\Diagnosis.php(105): view('diagnosis/view', Array)
#5 C:\wamp64\www\hospital-information-system\system\CodeIgniter.php(824): App\Controllers\Diagnosis->view('12')
#6 C:\wamp64\www\hospital-information-system\system\CodeIgniter.php(410): CodeIgniter\CodeIgniter->runController(Object(App\Controllers\Diagnosis))
#7 C:\wamp64\www\hospital-information-system\system\CodeIgniter.php(318): CodeIgniter\CodeIgniter->handleRequest(NULL, Object(Config\Cache), false)
#8 C:\wamp64\www\hospital-information-system\public\index.php(37): CodeIgniter\CodeIgniter->run()
#9 C:\wamp64\www\hospital-information-system\system\Commands\Server\rewrite.php(43): require_once('C:\\wamp64\\www\\h...')
#10 {main}
CRITICAL - 2022-06-20 18:38:27 --> Undefined array key 0
#0 C:\wamp64\www\hospital-information-system\app\Views\diagnosis\view.php(31): CodeIgniter\Debug\Exceptions->errorHandler(2, 'Undefined array...', 'C:\\wamp64\\www\\h...', 31)
#1 C:\wamp64\www\hospital-information-system\system\View\View.php(214): include('C:\\wamp64\\www\\h...')
#2 C:\wamp64\www\hospital-information-system\system\View\View.php(217): CodeIgniter\View\View->CodeIgniter\View\{closure}()
#3 C:\wamp64\www\hospital-information-system\system\Common.php(1097): CodeIgniter\View\View->render('diagnosis/view', Array, true)
#4 C:\wamp64\www\hospital-information-system\app\Controllers\Diagnosis.php(105): view('diagnosis/view', Array)
#5 C:\wamp64\www\hospital-information-system\system\CodeIgniter.php(824): App\Controllers\Diagnosis->view('12')
#6 C:\wamp64\www\hospital-information-system\system\CodeIgniter.php(410): CodeIgniter\CodeIgniter->runController(Object(App\Controllers\Diagnosis))
#7 C:\wamp64\www\hospital-information-system\system\CodeIgniter.php(318): CodeIgniter\CodeIgniter->handleRequest(NULL, Object(Config\Cache), false)
#8 C:\wamp64\www\hospital-information-system\public\index.php(37): CodeIgniter\CodeIgniter->run()
#9 C:\wamp64\www\hospital-information-system\system\Commands\Server\rewrite.php(43): require_once('C:\\wamp64\\www\\h...')
#10 {main}
CRITICAL - 2022-06-20 18:39:53 --> Attempt to read property "blood_pressure" on array
#0 C:\wamp64\www\hospital-information-system\app\Views\diagnosis\view.php(50): CodeIgniter\Debug\Exceptions->errorHandler(2, 'Attempt to read...', 'C:\\wamp64\\www\\h...', 50)
#1 C:\wamp64\www\hospital-information-system\system\View\View.php(214): include('C:\\wamp64\\www\\h...')
#2 C:\wamp64\www\hospital-information-system\system\View\View.php(217): CodeIgniter\View\View->CodeIgniter\View\{closure}()
#3 C:\wamp64\www\hospital-information-system\system\Common.php(1097): CodeIgniter\View\View->render('diagnosis/view', Array, true)
#4 C:\wamp64\www\hospital-information-system\app\Controllers\Diagnosis.php(105): view('diagnosis/view', Array)
#5 C:\wamp64\www\hospital-information-system\system\CodeIgniter.php(824): App\Controllers\Diagnosis->view('12')
#6 C:\wamp64\www\hospital-information-system\system\CodeIgniter.php(410): CodeIgniter\CodeIgniter->runController(Object(App\Controllers\Diagnosis))
#7 C:\wamp64\www\hospital-information-system\system\CodeIgniter.php(318): CodeIgniter\CodeIgniter->handleRequest(NULL, Object(Config\Cache), false)
#8 C:\wamp64\www\hospital-information-system\public\index.php(37): CodeIgniter\CodeIgniter->run()
#9 C:\wamp64\www\hospital-information-system\system\Commands\Server\rewrite.php(43): require_once('C:\\wamp64\\www\\h...')
#10 {main}
CRITICAL - 2022-06-20 18:43:11 --> Undefined array key 0
#0 C:\wamp64\www\hospital-information-system\app\Controllers\Doctor\Diagnosis.php(143): CodeIgniter\Debug\Exceptions->errorHandler(2, 'Undefined array...', 'C:\\wamp64\\www\\h...', 143)
#1 C:\wamp64\www\hospital-information-system\app\Controllers\Doctor\Diagnosis.php(38): App\Controllers\Doctor\Diagnosis->getVitalsOr404('12')
#2 C:\wamp64\www\hospital-information-system\system\CodeIgniter.php(824): App\Controllers\Doctor\Diagnosis->add('12')
#3 C:\wamp64\www\hospital-information-system\system\CodeIgniter.php(410): CodeIgniter\CodeIgniter->runController(Object(App\Controllers\Doctor\Diagnosis))
#4 C:\wamp64\www\hospital-information-system\system\CodeIgniter.php(318): CodeIgniter\CodeIgniter->handleRequest(NULL, Object(Config\Cache), false)
#5 C:\wamp64\www\hospital-information-system\public\index.php(37): CodeIgniter\CodeIgniter->run()
#6 C:\wamp64\www\hospital-information-system\system\Commands\Server\rewrite.php(43): require_once('C:\\wamp64\\www\\h...')
#7 {main}
CRITICAL - 2022-06-20 18:44:07 --> Undefined array key 0
#0 C:\wamp64\www\hospital-information-system\app\Controllers\Diagnosis.php(143): CodeIgniter\Debug\Exceptions->errorHandler(2, 'Undefined array...', 'C:\\wamp64\\www\\h...', 143)
#1 C:\wamp64\www\hospital-information-system\app\Controllers\Diagnosis.php(38): App\Controllers\Diagnosis->getVitalsOr404('12')
#2 C:\wamp64\www\hospital-information-system\system\CodeIgniter.php(824): App\Controllers\Diagnosis->add('12')
#3 C:\wamp64\www\hospital-information-system\system\CodeIgniter.php(410): CodeIgniter\CodeIgniter->runController(Object(App\Controllers\Diagnosis))
#4 C:\wamp64\www\hospital-information-system\system\CodeIgniter.php(318): CodeIgniter\CodeIgniter->handleRequest(NULL, Object(Config\Cache), false)
#5 C:\wamp64\www\hospital-information-system\public\index.php(37): CodeIgniter\CodeIgniter->run()
#6 C:\wamp64\www\hospital-information-system\system\Commands\Server\rewrite.php(43): require_once('C:\\wamp64\\www\\h...')
#7 {main}
CRITICAL - 2022-06-20 18:44:53 --> Undefined array key 0
#0 C:\wamp64\www\hospital-information-system\app\Controllers\Diagnosis.php(143): CodeIgniter\Debug\Exceptions->errorHandler(2, 'Undefined array...', 'C:\\wamp64\\www\\h...', 143)
#1 C:\wamp64\www\hospital-information-system\app\Controllers\Diagnosis.php(38): App\Controllers\Diagnosis->getVitalsOr404('12')
#2 C:\wamp64\www\hospital-information-system\system\CodeIgniter.php(824): App\Controllers\Diagnosis->add('12')
#3 C:\wamp64\www\hospital-information-system\system\CodeIgniter.php(410): CodeIgniter\CodeIgniter->runController(Object(App\Controllers\Diagnosis))
#4 C:\wamp64\www\hospital-information-system\system\CodeIgniter.php(318): CodeIgniter\CodeIgniter->handleRequest(NULL, Object(Config\Cache), false)
#5 C:\wamp64\www\hospital-information-system\public\index.php(37): CodeIgniter\CodeIgniter->run()
#6 C:\wamp64\www\hospital-information-system\system\Commands\Server\rewrite.php(43): require_once('C:\\wamp64\\www\\h...')
#7 {main}
CRITICAL - 2022-06-20 18:44:55 --> Undefined array key 0
#0 C:\wamp64\www\hospital-information-system\app\Controllers\Diagnosis.php(143): CodeIgniter\Debug\Exceptions->errorHandler(2, 'Undefined array...', 'C:\\wamp64\\www\\h...', 143)
#1 C:\wamp64\www\hospital-information-system\app\Controllers\Diagnosis.php(38): App\Controllers\Diagnosis->getVitalsOr404('12')
#2 C:\wamp64\www\hospital-information-system\system\CodeIgniter.php(824): App\Controllers\Diagnosis->add('12')
#3 C:\wamp64\www\hospital-information-system\system\CodeIgniter.php(410): CodeIgniter\CodeIgniter->runController(Object(App\Controllers\Diagnosis))
#4 C:\wamp64\www\hospital-information-system\system\CodeIgniter.php(318): CodeIgniter\CodeIgniter->handleRequest(NULL, Object(Config\Cache), false)
#5 C:\wamp64\www\hospital-information-system\public\index.php(37): CodeIgniter\CodeIgniter->run()
#6 C:\wamp64\www\hospital-information-system\system\Commands\Server\rewrite.php(43): require_once('C:\\wamp64\\www\\h...')
#7 {main}
CRITICAL - 2022-06-20 18:44:56 --> Undefined array key 0
#0 C:\wamp64\www\hospital-information-system\app\Controllers\Diagnosis.php(143): CodeIgniter\Debug\Exceptions->errorHandler(2, 'Undefined array...', 'C:\\wamp64\\www\\h...', 143)
#1 C:\wamp64\www\hospital-information-system\app\Controllers\Diagnosis.php(38): App\Controllers\Diagnosis->getVitalsOr404('12')
#2 C:\wamp64\www\hospital-information-system\system\CodeIgniter.php(824): App\Controllers\Diagnosis->add('12')
#3 C:\wamp64\www\hospital-information-system\system\CodeIgniter.php(410): CodeIgniter\CodeIgniter->runController(Object(App\Controllers\Diagnosis))
#4 C:\wamp64\www\hospital-information-system\system\CodeIgniter.php(318): CodeIgniter\CodeIgniter->handleRequest(NULL, Object(Config\Cache), false)
#5 C:\wamp64\www\hospital-information-system\public\index.php(37): CodeIgniter\CodeIgniter->run()
#6 C:\wamp64\www\hospital-information-system\system\Commands\Server\rewrite.php(43): require_once('C:\\wamp64\\www\\h...')
#7 {main}
CRITICAL - 2022-06-20 18:45:06 --> Undefined array key 0
#0 C:\wamp64\www\hospital-information-system\app\Controllers\Doctor\Diagnosis.php(143): CodeIgniter\Debug\Exceptions->errorHandler(2, 'Undefined array...', 'C:\\wamp64\\www\\h...', 143)
#1 C:\wamp64\www\hospital-information-system\app\Controllers\Doctor\Diagnosis.php(38): App\Controllers\Doctor\Diagnosis->getVitalsOr404('12')
#2 C:\wamp64\www\hospital-information-system\system\CodeIgniter.php(824): App\Controllers\Doctor\Diagnosis->add('12')
#3 C:\wamp64\www\hospital-information-system\system\CodeIgniter.php(410): CodeIgniter\CodeIgniter->runController(Object(App\Controllers\Doctor\Diagnosis))
#4 C:\wamp64\www\hospital-information-system\system\CodeIgniter.php(318): CodeIgniter\CodeIgniter->handleRequest(NULL, Object(Config\Cache), false)
#5 C:\wamp64\www\hospital-information-system\public\index.php(37): CodeIgniter\CodeIgniter->run()
#6 C:\wamp64\www\hospital-information-system\system\Commands\Server\rewrite.php(43): require_once('C:\\wamp64\\www\\h...')
#7 {main}
CRITICAL - 2022-06-20 18:45:09 --> Undefined array key 0
#0 C:\wamp64\www\hospital-information-system\app\Controllers\Doctor\Diagnosis.php(143): CodeIgniter\Debug\Exceptions->errorHandler(2, 'Undefined array...', 'C:\\wamp64\\www\\h...', 143)
#1 C:\wamp64\www\hospital-information-system\app\Controllers\Doctor\Diagnosis.php(38): App\Controllers\Doctor\Diagnosis->getVitalsOr404('12')
#2 C:\wamp64\www\hospital-information-system\system\CodeIgniter.php(824): App\Controllers\Doctor\Diagnosis->add('12')
#3 C:\wamp64\www\hospital-information-system\system\CodeIgniter.php(410): CodeIgniter\CodeIgniter->runController(Object(App\Controllers\Doctor\Diagnosis))
#4 C:\wamp64\www\hospital-information-system\system\CodeIgniter.php(318): CodeIgniter\CodeIgniter->handleRequest(NULL, Object(Config\Cache), false)
#5 C:\wamp64\www\hospital-information-system\public\index.php(37): CodeIgniter\CodeIgniter->run()
#6 C:\wamp64\www\hospital-information-system\system\Commands\Server\rewrite.php(43): require_once('C:\\wamp64\\www\\h...')
#7 {main}
CRITICAL - 2022-06-20 18:45:29 --> Undefined array key 0
#0 C:\wamp64\www\hospital-information-system\app\Controllers\Doctor\Diagnosis.php(143): CodeIgniter\Debug\Exceptions->errorHandler(2, 'Undefined array...', 'C:\\wamp64\\www\\h...', 143)
#1 C:\wamp64\www\hospital-information-system\app\Controllers\Doctor\Diagnosis.php(38): App\Controllers\Doctor\Diagnosis->getVitalsOr404('12')
#2 C:\wamp64\www\hospital-information-system\system\CodeIgniter.php(824): App\Controllers\Doctor\Diagnosis->add('12')
#3 C:\wamp64\www\hospital-information-system\system\CodeIgniter.php(410): CodeIgniter\CodeIgniter->runController(Object(App\Controllers\Doctor\Diagnosis))
#4 C:\wamp64\www\hospital-information-system\system\CodeIgniter.php(318): CodeIgniter\CodeIgniter->handleRequest(NULL, Object(Config\Cache), false)
#5 C:\wamp64\www\hospital-information-system\public\index.php(37): CodeIgniter\CodeIgniter->run()
#6 C:\wamp64\www\hospital-information-system\system\Commands\Server\rewrite.php(43): require_once('C:\\wamp64\\www\\h...')
#7 {main}
CRITICAL - 2022-06-20 18:45:58 --> Undefined array key 0
#0 C:\wamp64\www\hospital-information-system\app\Controllers\Doctor\Diagnosis.php(146): CodeIgniter\Debug\Exceptions->errorHandler(2, 'Undefined array...', 'C:\\wamp64\\www\\h...', 146)
#1 C:\wamp64\www\hospital-information-system\app\Controllers\Doctor\Diagnosis.php(38): App\Controllers\Doctor\Diagnosis->getVitalsOr404('12')
#2 C:\wamp64\www\hospital-information-system\system\CodeIgniter.php(824): App\Controllers\Doctor\Diagnosis->add('12')
#3 C:\wamp64\www\hospital-information-system\system\CodeIgniter.php(410): CodeIgniter\CodeIgniter->runController(Object(App\Controllers\Doctor\Diagnosis))
#4 C:\wamp64\www\hospital-information-system\system\CodeIgniter.php(318): CodeIgniter\CodeIgniter->handleRequest(NULL, Object(Config\Cache), false)
#5 C:\wamp64\www\hospital-information-system\public\index.php(37): CodeIgniter\CodeIgniter->run()
#6 C:\wamp64\www\hospital-information-system\system\Commands\Server\rewrite.php(43): require_once('C:\\wamp64\\www\\h...')
#7 {main}
CRITICAL - 2022-06-20 18:46:00 --> Undefined array key 0
#0 C:\wamp64\www\hospital-information-system\app\Controllers\Doctor\Diagnosis.php(146): CodeIgniter\Debug\Exceptions->errorHandler(2, 'Undefined array...', 'C:\\wamp64\\www\\h...', 146)
#1 C:\wamp64\www\hospital-information-system\app\Controllers\Doctor\Diagnosis.php(38): App\Controllers\Doctor\Diagnosis->getVitalsOr404('12')
#2 C:\wamp64\www\hospital-information-system\system\CodeIgniter.php(824): App\Controllers\Doctor\Diagnosis->add('12')
#3 C:\wamp64\www\hospital-information-system\system\CodeIgniter.php(410): CodeIgniter\CodeIgniter->runController(Object(App\Controllers\Doctor\Diagnosis))
#4 C:\wamp64\www\hospital-information-system\system\CodeIgniter.php(318): CodeIgniter\CodeIgniter->handleRequest(NULL, Object(Config\Cache), false)
#5 C:\wamp64\www\hospital-information-system\public\index.php(37): CodeIgniter\CodeIgniter->run()
#6 C:\wamp64\www\hospital-information-system\system\Commands\Server\rewrite.php(43): require_once('C:\\wamp64\\www\\h...')
#7 {main}
CRITICAL - 2022-06-20 18:47:27 --> Undefined array key "vitals"
#0 C:\wamp64\www\hospital-information-system\app\Controllers\Doctor\Diagnosis.php(40): CodeIgniter\Debug\Exceptions->errorHandler(2, 'Undefined array...', 'C:\\wamp64\\www\\h...', 40)
#1 C:\wamp64\www\hospital-information-system\system\CodeIgniter.php(824): App\Controllers\Doctor\Diagnosis->add('12')
#2 C:\wamp64\www\hospital-information-system\system\CodeIgniter.php(410): CodeIgniter\CodeIgniter->runController(Object(App\Controllers\Doctor\Diagnosis))
#3 C:\wamp64\www\hospital-information-system\system\CodeIgniter.php(318): CodeIgniter\CodeIgniter->handleRequest(NULL, Object(Config\Cache), false)
#4 C:\wamp64\www\hospital-information-system\public\index.php(37): CodeIgniter\CodeIgniter->run()
#5 C:\wamp64\www\hospital-information-system\system\Commands\Server\rewrite.php(43): require_once('C:\\wamp64\\www\\h...')
#6 {main}
