CRITICAL - 2022-02-19 00:22:09 --> Description is not a valid rule.
#0 C:\xampp\htdocs\hospital-information-system\system\Validation\Validation.php(285): CodeIgniter\Validation\Exceptions\ValidationException::forRuleNotFound('Description')
#1 C:\xampp\htdocs\hospital-information-system\system\Validation\Validation.php(151): CodeIgniter\Validation\Validation->processRules('description', 'Description', '', Array, Array)
#2 C:\xampp\htdocs\hospital-information-system\system\Controller.php(160): CodeIgniter\Validation\Validation->run()
#3 C:\xampp\htdocs\hospital-information-system\app\Controllers\Patient.php(156): CodeIgniter\Controller->validate(Array)
#4 C:\xampp\htdocs\hospital-information-system\system\CodeIgniter.php(824): App\Controllers\Patient->document_upload()
#5 C:\xampp\htdocs\hospital-information-system\system\CodeIgniter.php(410): CodeIgniter\CodeIgniter->runController(Object(App\Controllers\Patient))
#6 C:\xampp\htdocs\hospital-information-system\system\CodeIgniter.php(318): CodeIgniter\CodeIgniter->handleRequest(NULL, Object(Config\Cache), false)
#7 C:\xampp\htdocs\hospital-information-system\public\index.php(37): CodeIgniter\CodeIgniter->run()
#8 C:\xampp\htdocs\hospital-information-system\system\Commands\Server\rewrite.php(43): require_once('C:\\xampp\\htdocs...')
#9 {main}
ERROR - 2022-02-19 00:26:05 --> Table 'document' already exists
CRITICAL - 2022-02-19 00:57:49 --> Call to undefined method App\Models\DocumentModel::readAll
#0 C:\xampp\htdocs\hospital-information-system\app\Controllers\Patient.php(98): CodeIgniter\Model->__call('readAll', Array)
#1 C:\xampp\htdocs\hospital-information-system\system\CodeIgniter.php(824): App\Controllers\Patient->document()
#2 C:\xampp\htdocs\hospital-information-system\system\CodeIgniter.php(410): CodeIgniter\CodeIgniter->runController(Object(App\Controllers\Patient))
#3 C:\xampp\htdocs\hospital-information-system\system\CodeIgniter.php(318): CodeIgniter\CodeIgniter->handleRequest(NULL, Object(Config\Cache), false)
#4 C:\xampp\htdocs\hospital-information-system\public\index.php(37): CodeIgniter\CodeIgniter->run()
#5 C:\xampp\htdocs\hospital-information-system\system\Commands\Server\rewrite.php(43): require_once('C:\\xampp\\htdocs...')
#6 {main}
CRITICAL - 2022-02-19 01:04:03 --> Undefined variable $documents
#0 C:\xampp\htdocs\hospital-information-system\app\Views\patient\document.php(27): CodeIgniter\Debug\Exceptions->errorHandler(2, 'Undefined varia...', 'C:\\xampp\\htdocs...', 27)
#1 C:\xampp\htdocs\hospital-information-system\system\View\View.php(214): include('C:\\xampp\\htdocs...')
#2 C:\xampp\htdocs\hospital-information-system\system\View\View.php(217): CodeIgniter\View\View->CodeIgniter\View\{closure}()
#3 C:\xampp\htdocs\hospital-information-system\system\Common.php(1097): CodeIgniter\View\View->render('patient/documen...', Array, true)
#4 C:\xampp\htdocs\hospital-information-system\app\Controllers\Patient.php(104): view('patient/documen...')
#5 C:\xampp\htdocs\hospital-information-system\system\CodeIgniter.php(824): App\Controllers\Patient->document()
#6 C:\xampp\htdocs\hospital-information-system\system\CodeIgniter.php(410): CodeIgniter\CodeIgniter->runController(Object(App\Controllers\Patient))
#7 C:\xampp\htdocs\hospital-information-system\system\CodeIgniter.php(318): CodeIgniter\CodeIgniter->handleRequest(NULL, Object(Config\Cache), false)
#8 C:\xampp\htdocs\hospital-information-system\public\index.php(37): CodeIgniter\CodeIgniter->run()
#9 C:\xampp\htdocs\hospital-information-system\system\Commands\Server\rewrite.php(43): require_once('C:\\xampp\\htdocs...')
#10 {main}
CRITICAL - 2022-02-19 01:04:29 --> Call to undefined function html_escape()
#0 C:\xampp\htdocs\hospital-information-system\system\View\View.php(214): include()
#1 C:\xampp\htdocs\hospital-information-system\system\View\View.php(217): CodeIgniter\View\View->CodeIgniter\View\{closure}()
#2 C:\xampp\htdocs\hospital-information-system\system\Common.php(1097): CodeIgniter\View\View->render('patient/documen...', Array, true)
#3 C:\xampp\htdocs\hospital-information-system\app\Controllers\Patient.php(104): view('patient/documen...', Array)
#4 C:\xampp\htdocs\hospital-information-system\system\CodeIgniter.php(824): App\Controllers\Patient->document()
#5 C:\xampp\htdocs\hospital-information-system\system\CodeIgniter.php(410): CodeIgniter\CodeIgniter->runController(Object(App\Controllers\Patient))
#6 C:\xampp\htdocs\hospital-information-system\system\CodeIgniter.php(318): CodeIgniter\CodeIgniter->handleRequest(NULL, Object(Config\Cache), false)
#7 C:\xampp\htdocs\hospital-information-system\public\index.php(37): CodeIgniter\CodeIgniter->run()
#8 C:\xampp\htdocs\hospital-information-system\system\Commands\Server\rewrite.php(43): require_once('C:\\xampp\\htdocs...')
#9 {main}
CRITICAL - 2022-02-19 01:05:23 --> Call to undefined function character_limiter()
#0 C:\xampp\htdocs\hospital-information-system\system\View\View.php(214): include()
#1 C:\xampp\htdocs\hospital-information-system\system\View\View.php(217): CodeIgniter\View\View->CodeIgniter\View\{closure}()
#2 C:\xampp\htdocs\hospital-information-system\system\Common.php(1097): CodeIgniter\View\View->render('patient/documen...', Array, true)
#3 C:\xampp\htdocs\hospital-information-system\app\Controllers\Patient.php(104): view('patient/documen...', Array)
#4 C:\xampp\htdocs\hospital-information-system\system\CodeIgniter.php(824): App\Controllers\Patient->document()
#5 C:\xampp\htdocs\hospital-information-system\system\CodeIgniter.php(410): CodeIgniter\CodeIgniter->runController(Object(App\Controllers\Patient))
#6 C:\xampp\htdocs\hospital-information-system\system\CodeIgniter.php(318): CodeIgniter\CodeIgniter->handleRequest(NULL, Object(Config\Cache), false)
#7 C:\xampp\htdocs\hospital-information-system\public\index.php(37): CodeIgniter\CodeIgniter->run()
#8 C:\xampp\htdocs\hospital-information-system\system\Commands\Server\rewrite.php(43): require_once('C:\\xampp\\htdocs...')
#9 {main}
CRITICAL - 2022-02-19 01:06:25 --> Call to undefined function display()
#0 C:\xampp\htdocs\hospital-information-system\system\View\View.php(214): include()
#1 C:\xampp\htdocs\hospital-information-system\system\View\View.php(217): CodeIgniter\View\View->CodeIgniter\View\{closure}()
#2 C:\xampp\htdocs\hospital-information-system\system\Common.php(1097): CodeIgniter\View\View->render('patient/documen...', Array, true)
#3 C:\xampp\htdocs\hospital-information-system\app\Controllers\Patient.php(104): view('patient/documen...', Array)
#4 C:\xampp\htdocs\hospital-information-system\system\CodeIgniter.php(824): App\Controllers\Patient->document()
#5 C:\xampp\htdocs\hospital-information-system\system\CodeIgniter.php(410): CodeIgniter\CodeIgniter->runController(Object(App\Controllers\Patient))
#6 C:\xampp\htdocs\hospital-information-system\system\CodeIgniter.php(318): CodeIgniter\CodeIgniter->handleRequest(NULL, Object(Config\Cache), false)
#7 C:\xampp\htdocs\hospital-information-system\public\index.php(37): CodeIgniter\CodeIgniter->run()
#8 C:\xampp\htdocs\hospital-information-system\system\Commands\Server\rewrite.php(43): require_once('C:\\xampp\\htdocs...')
#9 {main}
CRITICAL - 2022-02-19 01:06:26 --> Call to undefined function display()
#0 C:\xampp\htdocs\hospital-information-system\system\View\View.php(214): include()
#1 C:\xampp\htdocs\hospital-information-system\system\View\View.php(217): CodeIgniter\View\View->CodeIgniter\View\{closure}()
#2 C:\xampp\htdocs\hospital-information-system\system\Common.php(1097): CodeIgniter\View\View->render('patient/documen...', Array, true)
#3 C:\xampp\htdocs\hospital-information-system\app\Controllers\Patient.php(104): view('patient/documen...', Array)
#4 C:\xampp\htdocs\hospital-information-system\system\CodeIgniter.php(824): App\Controllers\Patient->document()
#5 C:\xampp\htdocs\hospital-information-system\system\CodeIgniter.php(410): CodeIgniter\CodeIgniter->runController(Object(App\Controllers\Patient))
#6 C:\xampp\htdocs\hospital-information-system\system\CodeIgniter.php(318): CodeIgniter\CodeIgniter->handleRequest(NULL, Object(Config\Cache), false)
#7 C:\xampp\htdocs\hospital-information-system\public\index.php(37): CodeIgniter\CodeIgniter->run()
#8 C:\xampp\htdocs\hospital-information-system\system\Commands\Server\rewrite.php(43): require_once('C:\\xampp\\htdocs...')
#9 {main}
CRITICAL - 2022-02-19 01:06:27 --> Call to undefined function display()
#0 C:\xampp\htdocs\hospital-information-system\system\View\View.php(214): include()
#1 C:\xampp\htdocs\hospital-information-system\system\View\View.php(217): CodeIgniter\View\View->CodeIgniter\View\{closure}()
#2 C:\xampp\htdocs\hospital-information-system\system\Common.php(1097): CodeIgniter\View\View->render('patient/documen...', Array, true)
#3 C:\xampp\htdocs\hospital-information-system\app\Controllers\Patient.php(104): view('patient/documen...', Array)
#4 C:\xampp\htdocs\hospital-information-system\system\CodeIgniter.php(824): App\Controllers\Patient->document()
#5 C:\xampp\htdocs\hospital-information-system\system\CodeIgniter.php(410): CodeIgniter\CodeIgniter->runController(Object(App\Controllers\Patient))
#6 C:\xampp\htdocs\hospital-information-system\system\CodeIgniter.php(318): CodeIgniter\CodeIgniter->handleRequest(NULL, Object(Config\Cache), false)
#7 C:\xampp\htdocs\hospital-information-system\public\index.php(37): CodeIgniter\CodeIgniter->run()
#8 C:\xampp\htdocs\hospital-information-system\system\Commands\Server\rewrite.php(43): require_once('C:\\xampp\\htdocs...')
#9 {main}
CRITICAL - 2022-02-19 01:06:27 --> Call to undefined function display()
#0 C:\xampp\htdocs\hospital-information-system\system\View\View.php(214): include()
#1 C:\xampp\htdocs\hospital-information-system\system\View\View.php(217): CodeIgniter\View\View->CodeIgniter\View\{closure}()
#2 C:\xampp\htdocs\hospital-information-system\system\Common.php(1097): CodeIgniter\View\View->render('patient/documen...', Array, true)
#3 C:\xampp\htdocs\hospital-information-system\app\Controllers\Patient.php(104): view('patient/documen...', Array)
#4 C:\xampp\htdocs\hospital-information-system\system\CodeIgniter.php(824): App\Controllers\Patient->document()
#5 C:\xampp\htdocs\hospital-information-system\system\CodeIgniter.php(410): CodeIgniter\CodeIgniter->runController(Object(App\Controllers\Patient))
#6 C:\xampp\htdocs\hospital-information-system\system\CodeIgniter.php(318): CodeIgniter\CodeIgniter->handleRequest(NULL, Object(Config\Cache), false)
#7 C:\xampp\htdocs\hospital-information-system\public\index.php(37): CodeIgniter\CodeIgniter->run()
#8 C:\xampp\htdocs\hospital-information-system\system\Commands\Server\rewrite.php(43): require_once('C:\\xampp\\htdocs...')
#9 {main}
CRITICAL - 2022-02-19 01:06:27 --> Call to undefined function display()
#0 C:\xampp\htdocs\hospital-information-system\system\View\View.php(214): include()
#1 C:\xampp\htdocs\hospital-information-system\system\View\View.php(217): CodeIgniter\View\View->CodeIgniter\View\{closure}()
#2 C:\xampp\htdocs\hospital-information-system\system\Common.php(1097): CodeIgniter\View\View->render('patient/documen...', Array, true)
#3 C:\xampp\htdocs\hospital-information-system\app\Controllers\Patient.php(104): view('patient/documen...', Array)
#4 C:\xampp\htdocs\hospital-information-system\system\CodeIgniter.php(824): App\Controllers\Patient->document()
#5 C:\xampp\htdocs\hospital-information-system\system\CodeIgniter.php(410): CodeIgniter\CodeIgniter->runController(Object(App\Controllers\Patient))
#6 C:\xampp\htdocs\hospital-information-system\system\CodeIgniter.php(318): CodeIgniter\CodeIgniter->handleRequest(NULL, Object(Config\Cache), false)
#7 C:\xampp\htdocs\hospital-information-system\public\index.php(37): CodeIgniter\CodeIgniter->run()
#8 C:\xampp\htdocs\hospital-information-system\system\Commands\Server\rewrite.php(43): require_once('C:\\xampp\\htdocs...')
#9 {main}
CRITICAL - 2022-02-19 01:06:27 --> Call to undefined function display()
#0 C:\xampp\htdocs\hospital-information-system\system\View\View.php(214): include()
#1 C:\xampp\htdocs\hospital-information-system\system\View\View.php(217): CodeIgniter\View\View->CodeIgniter\View\{closure}()
#2 C:\xampp\htdocs\hospital-information-system\system\Common.php(1097): CodeIgniter\View\View->render('patient/documen...', Array, true)
#3 C:\xampp\htdocs\hospital-information-system\app\Controllers\Patient.php(104): view('patient/documen...', Array)
#4 C:\xampp\htdocs\hospital-information-system\system\CodeIgniter.php(824): App\Controllers\Patient->document()
#5 C:\xampp\htdocs\hospital-information-system\system\CodeIgniter.php(410): CodeIgniter\CodeIgniter->runController(Object(App\Controllers\Patient))
#6 C:\xampp\htdocs\hospital-information-system\system\CodeIgniter.php(318): CodeIgniter\CodeIgniter->handleRequest(NULL, Object(Config\Cache), false)
#7 C:\xampp\htdocs\hospital-information-system\public\index.php(37): CodeIgniter\CodeIgniter->run()
#8 C:\xampp\htdocs\hospital-information-system\system\Commands\Server\rewrite.php(43): require_once('C:\\xampp\\htdocs...')
#9 {main}
CRITICAL - 2022-02-19 01:06:27 --> Call to undefined function display()
#0 C:\xampp\htdocs\hospital-information-system\system\View\View.php(214): include()
#1 C:\xampp\htdocs\hospital-information-system\system\View\View.php(217): CodeIgniter\View\View->CodeIgniter\View\{closure}()
#2 C:\xampp\htdocs\hospital-information-system\system\Common.php(1097): CodeIgniter\View\View->render('patient/documen...', Array, true)
#3 C:\xampp\htdocs\hospital-information-system\app\Controllers\Patient.php(104): view('patient/documen...', Array)
#4 C:\xampp\htdocs\hospital-information-system\system\CodeIgniter.php(824): App\Controllers\Patient->document()
#5 C:\xampp\htdocs\hospital-information-system\system\CodeIgniter.php(410): CodeIgniter\CodeIgniter->runController(Object(App\Controllers\Patient))
#6 C:\xampp\htdocs\hospital-information-system\system\CodeIgniter.php(318): CodeIgniter\CodeIgniter->handleRequest(NULL, Object(Config\Cache), false)
#7 C:\xampp\htdocs\hospital-information-system\public\index.php(37): CodeIgniter\CodeIgniter->run()
#8 C:\xampp\htdocs\hospital-information-system\system\Commands\Server\rewrite.php(43): require_once('C:\\xampp\\htdocs...')
#9 {main}
CRITICAL - 2022-02-19 01:12:49 --> Undefined property: CodeIgniter\View\View::$employee_model
#0 C:\xampp\htdocs\hospital-information-system\app\Views\patient\document.php(38): CodeIgniter\Debug\Exceptions->errorHandler(2, 'Undefined prope...', 'C:\\xampp\\htdocs...', 38)
#1 C:\xampp\htdocs\hospital-information-system\system\View\View.php(214): include('C:\\xampp\\htdocs...')
#2 C:\xampp\htdocs\hospital-information-system\system\View\View.php(217): CodeIgniter\View\View->CodeIgniter\View\{closure}()
#3 C:\xampp\htdocs\hospital-information-system\system\Common.php(1097): CodeIgniter\View\View->render('patient/documen...', Array, true)
#4 C:\xampp\htdocs\hospital-information-system\app\Controllers\Patient.php(105): view('patient/documen...', Array)
#5 C:\xampp\htdocs\hospital-information-system\system\CodeIgniter.php(824): App\Controllers\Patient->document()
#6 C:\xampp\htdocs\hospital-information-system\system\CodeIgniter.php(410): CodeIgniter\CodeIgniter->runController(Object(App\Controllers\Patient))
#7 C:\xampp\htdocs\hospital-information-system\system\CodeIgniter.php(318): CodeIgniter\CodeIgniter->handleRequest(NULL, Object(Config\Cache), false)
#8 C:\xampp\htdocs\hospital-information-system\public\index.php(37): CodeIgniter\CodeIgniter->run()
#9 C:\xampp\htdocs\hospital-information-system\system\Commands\Server\rewrite.php(43): require_once('C:\\xampp\\htdocs...')
#10 {main}
CRITICAL - 2022-02-19 01:15:24 --> Object of class App\Entities\UserEntity could not be converted to string
#0 C:\xampp\htdocs\hospital-information-system\system\View\View.php(214): include()
#1 C:\xampp\htdocs\hospital-information-system\system\View\View.php(217): CodeIgniter\View\View->CodeIgniter\View\{closure}()
#2 C:\xampp\htdocs\hospital-information-system\system\Common.php(1097): CodeIgniter\View\View->render('patient/documen...', Array, true)
#3 C:\xampp\htdocs\hospital-information-system\app\Controllers\Patient.php(105): view('patient/documen...', Array)
#4 C:\xampp\htdocs\hospital-information-system\system\CodeIgniter.php(824): App\Controllers\Patient->document()
#5 C:\xampp\htdocs\hospital-information-system\system\CodeIgniter.php(410): CodeIgniter\CodeIgniter->runController(Object(App\Controllers\Patient))
#6 C:\xampp\htdocs\hospital-information-system\system\CodeIgniter.php(318): CodeIgniter\CodeIgniter->handleRequest(NULL, Object(Config\Cache), false)
#7 C:\xampp\htdocs\hospital-information-system\public\index.php(37): CodeIgniter\CodeIgniter->run()
#8 C:\xampp\htdocs\hospital-information-system\system\Commands\Server\rewrite.php(43): require_once('C:\\xampp\\htdocs...')
#9 {main}
CRITICAL - 2022-02-19 01:17:56 --> Call to undefined method App\Entities\UserEntity::find()
#0 C:\xampp\htdocs\hospital-information-system\system\View\View.php(214): include()
#1 C:\xampp\htdocs\hospital-information-system\system\View\View.php(217): CodeIgniter\View\View->CodeIgniter\View\{closure}()
#2 C:\xampp\htdocs\hospital-information-system\system\Common.php(1097): CodeIgniter\View\View->render('patient/documen...', Array, true)
#3 C:\xampp\htdocs\hospital-information-system\app\Controllers\Patient.php(105): view('patient/documen...', Array)
#4 C:\xampp\htdocs\hospital-information-system\system\CodeIgniter.php(824): App\Controllers\Patient->document()
#5 C:\xampp\htdocs\hospital-information-system\system\CodeIgniter.php(410): CodeIgniter\CodeIgniter->runController(Object(App\Controllers\Patient))
#6 C:\xampp\htdocs\hospital-information-system\system\CodeIgniter.php(318): CodeIgniter\CodeIgniter->handleRequest(NULL, Object(Config\Cache), false)
#7 C:\xampp\htdocs\hospital-information-system\public\index.php(37): CodeIgniter\CodeIgniter->run()
#8 C:\xampp\htdocs\hospital-information-system\system\Commands\Server\rewrite.php(43): require_once('C:\\xampp\\htdocs...')
#9 {main}
CRITICAL - 2022-02-19 01:32:51 --> Undefined variable $fullname
#0 C:\xampp\htdocs\hospital-information-system\app\Views\layout\main_wrapper.php(89): CodeIgniter\Debug\Exceptions->errorHandler(2, 'Undefined varia...', 'C:\\xampp\\htdocs...', 89)
#1 C:\xampp\htdocs\hospital-information-system\system\View\View.php(214): include('C:\\xampp\\htdocs...')
#2 C:\xampp\htdocs\hospital-information-system\system\View\View.php(217): CodeIgniter\View\View->CodeIgniter\View\{closure}()
#3 C:\xampp\htdocs\hospital-information-system\system\Common.php(1097): CodeIgniter\View\View->render('layout/main_wra...', Array, true)
#4 C:\xampp\htdocs\hospital-information-system\app\Controllers\Patient.php(21): view('layout/main_wra...', Array)
#5 C:\xampp\htdocs\hospital-information-system\system\CodeIgniter.php(824): App\Controllers\Patient->index()
#6 C:\xampp\htdocs\hospital-information-system\system\CodeIgniter.php(410): CodeIgniter\CodeIgniter->runController(Object(App\Controllers\Patient))
#7 C:\xampp\htdocs\hospital-information-system\system\CodeIgniter.php(318): CodeIgniter\CodeIgniter->handleRequest(NULL, Object(Config\Cache), false)
#8 C:\xampp\htdocs\hospital-information-system\public\index.php(37): CodeIgniter\CodeIgniter->run()
#9 C:\xampp\htdocs\hospital-information-system\system\Commands\Server\rewrite.php(43): require_once('C:\\xampp\\htdocs...')
#10 {main}
CRITICAL - 2022-02-19 01:33:28 --> Undefined property: CodeIgniter\View\View::$session
#0 C:\xampp\htdocs\hospital-information-system\app\Views\layout\main_wrapper.php(91): CodeIgniter\Debug\Exceptions->errorHandler(2, 'Undefined prope...', 'C:\\xampp\\htdocs...', 91)
#1 C:\xampp\htdocs\hospital-information-system\system\View\View.php(214): include('C:\\xampp\\htdocs...')
#2 C:\xampp\htdocs\hospital-information-system\system\View\View.php(217): CodeIgniter\View\View->CodeIgniter\View\{closure}()
#3 C:\xampp\htdocs\hospital-information-system\system\Common.php(1097): CodeIgniter\View\View->render('layout/main_wra...', Array, true)
#4 C:\xampp\htdocs\hospital-information-system\app\Controllers\Patient.php(21): view('layout/main_wra...', Array)
#5 C:\xampp\htdocs\hospital-information-system\system\CodeIgniter.php(824): App\Controllers\Patient->index()
#6 C:\xampp\htdocs\hospital-information-system\system\CodeIgniter.php(410): CodeIgniter\CodeIgniter->runController(Object(App\Controllers\Patient))
#7 C:\xampp\htdocs\hospital-information-system\system\CodeIgniter.php(318): CodeIgniter\CodeIgniter->handleRequest(NULL, Object(Config\Cache), false)
#8 C:\xampp\htdocs\hospital-information-system\public\index.php(37): CodeIgniter\CodeIgniter->run()
#9 C:\xampp\htdocs\hospital-information-system\system\Commands\Server\rewrite.php(43): require_once('C:\\xampp\\htdocs...')
#10 {main}
CRITICAL - 2022-02-19 01:33:43 --> Undefined property: CodeIgniter\View\View::$session
#0 C:\xampp\htdocs\hospital-information-system\app\Views\layout\main_wrapper.php(91): CodeIgniter\Debug\Exceptions->errorHandler(2, 'Undefined prope...', 'C:\\xampp\\htdocs...', 91)
#1 C:\xampp\htdocs\hospital-information-system\system\View\View.php(214): include('C:\\xampp\\htdocs...')
#2 C:\xampp\htdocs\hospital-information-system\system\View\View.php(217): CodeIgniter\View\View->CodeIgniter\View\{closure}()
#3 C:\xampp\htdocs\hospital-information-system\system\Common.php(1097): CodeIgniter\View\View->render('layout/main_wra...', Array, true)
#4 C:\xampp\htdocs\hospital-information-system\app\Controllers\Patient.php(21): view('layout/main_wra...', Array)
#5 C:\xampp\htdocs\hospital-information-system\system\CodeIgniter.php(824): App\Controllers\Patient->index()
#6 C:\xampp\htdocs\hospital-information-system\system\CodeIgniter.php(410): CodeIgniter\CodeIgniter->runController(Object(App\Controllers\Patient))
#7 C:\xampp\htdocs\hospital-information-system\system\CodeIgniter.php(318): CodeIgniter\CodeIgniter->handleRequest(NULL, Object(Config\Cache), false)
#8 C:\xampp\htdocs\hospital-information-system\public\index.php(37): CodeIgniter\CodeIgniter->run()
#9 C:\xampp\htdocs\hospital-information-system\system\Commands\Server\rewrite.php(43): require_once('C:\\xampp\\htdocs...')
#10 {main}
CRITICAL - 2022-02-19 15:55:08 --> Undefined variable $uri
#0 C:\xampp\htdocs\hospital-information-system\app\Views\appointment\add.php(23): CodeIgniter\Debug\Exceptions->errorHandler(2, 'Undefined varia...', 'C:\\xampp\\htdocs...', 23)
#1 C:\xampp\htdocs\hospital-information-system\system\View\View.php(214): include('C:\\xampp\\htdocs...')
#2 C:\xampp\htdocs\hospital-information-system\system\View\View.php(217): CodeIgniter\View\View->CodeIgniter\View\{closure}()
#3 C:\xampp\htdocs\hospital-information-system\system\Common.php(1097): CodeIgniter\View\View->render('appointment/add', Array, true)
#4 C:\xampp\htdocs\hospital-information-system\app\Controllers\Appointment.php(25): view('appointment/add', Array)
#5 C:\xampp\htdocs\hospital-information-system\system\CodeIgniter.php(824): App\Controllers\Appointment->add()
#6 C:\xampp\htdocs\hospital-information-system\system\CodeIgniter.php(410): CodeIgniter\CodeIgniter->runController(Object(App\Controllers\Appointment))
#7 C:\xampp\htdocs\hospital-information-system\system\CodeIgniter.php(318): CodeIgniter\CodeIgniter->handleRequest(NULL, Object(Config\Cache), false)
#8 C:\xampp\htdocs\hospital-information-system\public\index.php(37): CodeIgniter\CodeIgniter->run()
#9 C:\xampp\htdocs\hospital-information-system\system\Commands\Server\rewrite.php(43): require_once('C:\\xampp\\htdocs...')
#10 {main}
CRITICAL - 2022-02-19 15:57:44 --> Undefined variable $uri
#0 C:\xampp\htdocs\hospital-information-system\app\Views\appointment\add.php(23): CodeIgniter\Debug\Exceptions->errorHandler(2, 'Undefined varia...', 'C:\\xampp\\htdocs...', 23)
#1 C:\xampp\htdocs\hospital-information-system\system\View\View.php(214): include('C:\\xampp\\htdocs...')
#2 C:\xampp\htdocs\hospital-information-system\system\View\View.php(217): CodeIgniter\View\View->CodeIgniter\View\{closure}()
#3 C:\xampp\htdocs\hospital-information-system\system\Common.php(1097): CodeIgniter\View\View->render('appointment/add', Array, true)
#4 C:\xampp\htdocs\hospital-information-system\app\Controllers\Appointment.php(25): view('appointment/add', Array)
#5 C:\xampp\htdocs\hospital-information-system\system\CodeIgniter.php(824): App\Controllers\Appointment->add()
#6 C:\xampp\htdocs\hospital-information-system\system\CodeIgniter.php(410): CodeIgniter\CodeIgniter->runController(Object(App\Controllers\Appointment))
#7 C:\xampp\htdocs\hospital-information-system\system\CodeIgniter.php(318): CodeIgniter\CodeIgniter->handleRequest(NULL, Object(Config\Cache), false)
#8 C:\xampp\htdocs\hospital-information-system\public\index.php(37): CodeIgniter\CodeIgniter->run()
#9 C:\xampp\htdocs\hospital-information-system\system\Commands\Server\rewrite.php(43): require_once('C:\\xampp\\htdocs...')
#10 {main}
CRITICAL - 2022-02-19 15:59:14 --> Undefined variable $uri
#0 C:\xampp\htdocs\hospital-information-system\app\Views\appointment\add.php(23): CodeIgniter\Debug\Exceptions->errorHandler(2, 'Undefined varia...', 'C:\\xampp\\htdocs...', 23)
#1 C:\xampp\htdocs\hospital-information-system\system\View\View.php(214): include('C:\\xampp\\htdocs...')
#2 C:\xampp\htdocs\hospital-information-system\system\View\View.php(217): CodeIgniter\View\View->CodeIgniter\View\{closure}()
#3 C:\xampp\htdocs\hospital-information-system\system\Common.php(1097): CodeIgniter\View\View->render('appointment/add', Array, true)
#4 C:\xampp\htdocs\hospital-information-system\app\Controllers\Appointment.php(25): view('appointment/add', Array)
#5 C:\xampp\htdocs\hospital-information-system\system\CodeIgniter.php(824): App\Controllers\Appointment->add()
#6 C:\xampp\htdocs\hospital-information-system\system\CodeIgniter.php(410): CodeIgniter\CodeIgniter->runController(Object(App\Controllers\Appointment))
#7 C:\xampp\htdocs\hospital-information-system\system\CodeIgniter.php(318): CodeIgniter\CodeIgniter->handleRequest(NULL, Object(Config\Cache), false)
#8 C:\xampp\htdocs\hospital-information-system\public\index.php(37): CodeIgniter\CodeIgniter->run()
#9 C:\xampp\htdocs\hospital-information-system\system\Commands\Server\rewrite.php(43): require_once('C:\\xampp\\htdocs...')
#10 {main}
CRITICAL - 2022-02-19 16:19:59 --> Undefined variable $patient
#0 C:\xampp\htdocs\hospital-information-system\app\Views\appointment\index.php(31): CodeIgniter\Debug\Exceptions->errorHandler(2, 'Undefined varia...', 'C:\\xampp\\htdocs...', 31)
#1 C:\xampp\htdocs\hospital-information-system\system\View\View.php(214): include('C:\\xampp\\htdocs...')
#2 C:\xampp\htdocs\hospital-information-system\system\View\View.php(217): CodeIgniter\View\View->CodeIgniter\View\{closure}()
#3 C:\xampp\htdocs\hospital-information-system\system\Common.php(1097): CodeIgniter\View\View->render('appointment/ind...', Array, true)
#4 C:\xampp\htdocs\hospital-information-system\app\Controllers\Appointment.php(19): view('appointment/ind...', Array)
#5 C:\xampp\htdocs\hospital-information-system\system\CodeIgniter.php(824): App\Controllers\Appointment->index()
#6 C:\xampp\htdocs\hospital-information-system\system\CodeIgniter.php(410): CodeIgniter\CodeIgniter->runController(Object(App\Controllers\Appointment))
#7 C:\xampp\htdocs\hospital-information-system\system\CodeIgniter.php(318): CodeIgniter\CodeIgniter->handleRequest(NULL, Object(Config\Cache), false)
#8 C:\xampp\htdocs\hospital-information-system\public\index.php(37): CodeIgniter\CodeIgniter->run()
#9 C:\xampp\htdocs\hospital-information-system\system\Commands\Server\rewrite.php(43): require_once('C:\\xampp\\htdocs...')
#10 {main}
CRITICAL - 2022-02-19 16:22:41 --> Undefined variable $patient
#0 C:\xampp\htdocs\hospital-information-system\app\Views\appointment\index.php(38): CodeIgniter\Debug\Exceptions->errorHandler(2, 'Undefined varia...', 'C:\\xampp\\htdocs...', 38)
#1 C:\xampp\htdocs\hospital-information-system\system\View\View.php(214): include('C:\\xampp\\htdocs...')
#2 C:\xampp\htdocs\hospital-information-system\system\View\View.php(217): CodeIgniter\View\View->CodeIgniter\View\{closure}()
#3 C:\xampp\htdocs\hospital-information-system\system\Common.php(1097): CodeIgniter\View\View->render('appointment/ind...', Array, true)
#4 C:\xampp\htdocs\hospital-information-system\app\Controllers\Appointment.php(19): view('appointment/ind...', Array)
#5 C:\xampp\htdocs\hospital-information-system\system\CodeIgniter.php(824): App\Controllers\Appointment->index()
#6 C:\xampp\htdocs\hospital-information-system\system\CodeIgniter.php(410): CodeIgniter\CodeIgniter->runController(Object(App\Controllers\Appointment))
#7 C:\xampp\htdocs\hospital-information-system\system\CodeIgniter.php(318): CodeIgniter\CodeIgniter->handleRequest(NULL, Object(Config\Cache), false)
#8 C:\xampp\htdocs\hospital-information-system\public\index.php(37): CodeIgniter\CodeIgniter->run()
#9 C:\xampp\htdocs\hospital-information-system\system\Commands\Server\rewrite.php(43): require_once('C:\\xampp\\htdocs...')
#10 {main}
ERROR - 2022-02-19 16:28:40 --> Table 'appointment' already exists
